2026-01-29 15:00:56,982 ERROR [497744049-Pirates-of-the-Caribbean-Easy-Piano]              IOUtils.java:278  | Unmapping is not supported.
java.lang.reflect.InaccessibleObjectException: Unable to make public jdk.internal.ref.Cleaner java.nio.DirectByteBuffer.cleaner() accessible: module java.base does not "opens java.nio" to unnamed module @6283d8b8
	at java.base/java.lang.reflect.AccessibleObject.throwInaccessibleObjectException(Unknown Source)
	at java.base/java.lang.reflect.AccessibleObject.checkCanSetAccessible(Unknown Source)
	at java.base/java.lang.reflect.AccessibleObject.checkCanSetAccessible(Unknown Source)
	at java.base/java.lang.reflect.Method.checkCanSetAccessible(Unknown Source)
	at java.base/java.lang.reflect.Method.setAccessible(Unknown Source)
	at org.apache.pdfbox.io.IOUtils.unmapper(IOUtils.java:244)
	at java.base/java.security.AccessController.doPrivileged(Unknown Source)
	at org.apache.pdfbox.io.IOUtils.<clinit>(IOUtils.java:69)
	at org.apache.pdfbox.Loader.loadPDF(Loader.java:378)
	at org.audiveris.omr.image.ImageLoading.getPdfLoader(ImageLoading.java:159)
	at org.audiveris.omr.image.ImageLoading.getLoader(ImageLoading.java:209)
	at org.audiveris.omr.sheet.Book.createStubs(Book.java:554)
	at org.audiveris.omr.CLI$ProcessingTask.processBook(CLI.java:830)
	at org.audiveris.omr.CLI$CliTask.call(CLI.java:504)
	at org.audiveris.omr.Main.runBatchTasks(Main.java:371)
	at org.audiveris.omr.Main.main(Main.java:260)
	at Audiveris.main(Audiveris.java:50)
2026-01-29 15:00:57,002 INFO [497744049-Pirates-of-the-Caribbean-Easy-Piano]                 Book.java:559  | 3 sheets in C:\programing\notebeepedison\sheets\497744049-Pirates-of-the-Caribbean-Easy-Piano.pdf
2026-01-29 15:00:57,103 INFO []                 Book.java:2528 | Stored /book.xml
2026-01-29 15:00:57,103 INFO []                 Book.java:2488 | Book stored as C:\programing\notebeepedison\AudiverisOutput\497744049-Pirates-of-the-Caribbean-Easy-Piano.omr
2026-01-29 15:00:57,106 INFO []                 Book.java:1930 | Book reaching PAGE on sheets:[#1#2#3]
2026-01-29 15:00:57,107 INFO [497744049-Pirates-of-the-Caribbean-Easy-Piano#1]       StepMonitoring.java:98   | LOAD
2026-01-29 15:00:57,324 INFO [497744049-Pirates-of-the-Caribbean-Easy-Piano#1]            SheetStub.java:1273 | Loaded image #1 2479x3508 from C:\programing\notebeepedison\sheets\497744049-Pirates-of-the-Caribbean-Easy-Piano.pdf
2026-01-29 15:00:57,327 INFO [497744049-Pirates-of-the-Caribbean-Easy-Piano#1]       StepMonitoring.java:98   | BINARY
2026-01-29 15:00:57,629 INFO [497744049-Pirates-of-the-Caribbean-Easy-Piano#1]       StepMonitoring.java:98   | SCALE
2026-01-29 15:00:57,648 INFO [497744049-Pirates-of-the-Caribbean-Easy-Piano#1]         ScaleBuilder.java:241  | Beam  guessed height: 10 -- 0.50 of 21 interline
2026-01-29 15:00:57,650 INFO [497744049-Pirates-of-the-Caribbean-Easy-Piano#1]         ScaleBuilder.java:264  | Beam measured height: 10 -- 0.27 of [6..21] range at 81% of needed quorum
2026-01-29 15:00:57,650 INFO [497744049-Pirates-of-the-Caribbean-Easy-Piano#1]            ScaleStep.java:65   | Scale{ interline(20,21,21) line(2,2,2) beam(10)}
2026-01-29 15:00:57,651 INFO [497744049-Pirates-of-the-Caribbean-Easy-Piano#1]       StepMonitoring.java:98   | GRID
2026-01-29 15:00:57,913 INFO [497744049-Pirates-of-the-Caribbean-Easy-Piano#1]       LinesRetriever.java:1500 | Global slope: 0.00000
2026-01-29 15:00:57,939 INFO [497744049-Pirates-of-the-Caribbean-Easy-Piano#1]    ClustersRetriever.java:328  | Retrieved raw line clusters: 12 of sizes [5] with interline(20,21,21)
2026-01-29 15:00:58,081 INFO [497744049-Pirates-of-the-Caribbean-Easy-Piano#1]            PeakGraph.java:310  | Systems: #1[1, 2] #2[3, 4] #3[5, 6] #4[7, 8] #5[9, 10] #6[11, 12]
2026-01-29 15:00:58,304 INFO [497744049-Pirates-of-the-Caribbean-Easy-Piano#1]        SystemManager.java:779  | 1 part along 6 systems
2026-01-29 15:00:58,305 INFO [497744049-Pirates-of-the-Caribbean-Easy-Piano#1]                 Book.java:542  | Created scores: [{Score 1}]
2026-01-29 15:00:58,306 INFO [497744049-Pirates-of-the-Caribbean-Easy-Piano#1]       StepMonitoring.java:98   | HEADERS
2026-01-29 15:00:58,501 INFO [497744049-Pirates-of-the-Caribbean-Easy-Piano#1]      BasicClassifier.java:286  | Classifier loaded XML norms.
2026-01-29 15:00:58,504 INFO [497744049-Pirates-of-the-Caribbean-Easy-Piano#1]   AbstractClassifier.java:396  | Classifier data loaded from default uri jar:file:/C:/Program%20Files/Audiveris/app/audiveris.jar!/res/basic-classifier.zip
2026-01-29 15:00:59,033 INFO [497744049-Pirates-of-the-Caribbean-Easy-Piano#1]       StepMonitoring.java:98   | STEM_SEEDS
2026-01-29 15:00:59,069 INFO [497744049-Pirates-of-the-Caribbean-Easy-Piano#1]        StemSeedsStep.java:86   | stem(3 max:3)
2026-01-29 15:00:59,103 INFO [497744049-Pirates-of-the-Caribbean-Easy-Piano#1]       StepMonitoring.java:98   | BEAMS
2026-01-29 15:01:01,116 INFO [497744049-Pirates-of-the-Caribbean-Easy-Piano#1]       StepMonitoring.java:98   | LEDGERS
2026-01-29 15:01:01,212 INFO [497744049-Pirates-of-the-Caribbean-Easy-Piano#1]       StepMonitoring.java:98   | HEADS
2026-01-29 15:01:04,713 INFO [497744049-Pirates-of-the-Caribbean-Easy-Piano#1]        HeadSeedTally.java:235  | Scale information: HeadSeeds{NOTEHEAD_VOID[L:-0.5,R:-0.5] NOTEHEAD_BLACK[L:-0.5,R:-0.5]}
2026-01-29 15:01:04,714 INFO [497744049-Pirates-of-the-Caribbean-Easy-Piano#1]       StepMonitoring.java:98   | STEMS
2026-01-29 15:01:04,980 INFO [497744049-Pirates-of-the-Caribbean-Easy-Piano#1]       StepMonitoring.java:98   | REDUCTION
2026-01-29 15:01:05,048 INFO [497744049-Pirates-of-the-Caribbean-Easy-Piano#1]        ReductionStep.java:105  | Stems free length median value: 73 pixels, 3.5 interlines
2026-01-29 15:01:05,052 INFO [497744049-Pirates-of-the-Caribbean-Easy-Piano#1]       StepMonitoring.java:98   | CUE_BEAMS
2026-01-29 15:01:05,053 INFO [497744049-Pirates-of-the-Caribbean-Easy-Piano#1]         CueBeamsStep.java:81   | Step CUE_BEAMS is skipped because small heads switch is off
2026-01-29 15:01:05,053 INFO [497744049-Pirates-of-the-Caribbean-Easy-Piano#1]       StepMonitoring.java:98   | TEXTS
2026-01-29 15:01:05,142 WARN [497744049-Pirates-of-the-Caribbean-Easy-Piano#1]         TesseractOCR.java:335  | The collection of supported languages is empty
2026-01-29 15:01:05,142 INFO [497744049-Pirates-of-the-Caribbean-Easy-Piano#1]              OcrUtil.java:106  | Missing support for 'eng' language(s)
2026-01-29 15:01:05,150 INFO [497744049-Pirates-of-the-Caribbean-Easy-Piano#1]       StepMonitoring.java:98   | MEASURES
2026-01-29 15:01:05,161 INFO [497744049-Pirates-of-the-Caribbean-Easy-Piano#1]                 Page.java:307  | 49 raw measures: [7 in system#1, 8 in system#2, 8 in system#3, 8 in system#4, 9 in system#5, 9 in system#6]
2026-01-29 15:01:05,162 INFO [497744049-Pirates-of-the-Caribbean-Easy-Piano#1]       StepMonitoring.java:98   | CHORDS
2026-01-29 15:01:05,176 INFO [497744049-Pirates-of-the-Caribbean-Easy-Piano#1]       StepMonitoring.java:98   | CURVES
2026-01-29 15:01:05,675 INFO [497744049-Pirates-of-the-Caribbean-Easy-Piano#1]         SlursBuilder.java:240  | Slurs: 1
2026-01-29 15:01:05,697 INFO [497744049-Pirates-of-the-Caribbean-Easy-Piano#1]      SegmentsBuilder.java:155  | Segments: 25
2026-01-29 15:01:05,703 INFO [497744049-Pirates-of-the-Caribbean-Easy-Piano#1]       StepMonitoring.java:98   | SYMBOLS
2026-01-29 15:01:06,129 INFO [497744049-Pirates-of-the-Caribbean-Easy-Piano#1]       StepMonitoring.java:98   | LINKS
2026-01-29 15:01:06,151 INFO [497744049-Pirates-of-the-Caribbean-Easy-Piano#1]       StepMonitoring.java:98   | RHYTHMS
2026-01-29 15:01:06,201 INFO [497744049-Pirates-of-the-Caribbean-Easy-Piano#1]       StepMonitoring.java:98   | PAGE
2026-01-29 15:01:06,205 INFO [497744049-Pirates-of-the-Caribbean-Easy-Piano#1]                 Book.java:2547 | Book{497744049-Pirates-of-the-Caribbean-Easy-Piano} storing
2026-01-29 15:01:06,239 INFO [497744049-Pirates-of-the-Caribbean-Easy-Piano#1]                 Book.java:2528 | Stored /book.xml
2026-01-29 15:01:06,322 INFO [497744049-Pirates-of-the-Caribbean-Easy-Piano#1]           DataHolder.java:348  | Stored /sheet#1/BINARY.png
2026-01-29 15:01:06,763 INFO [497744049-Pirates-of-the-Caribbean-Easy-Piano#1]                Sheet.java:1583 | Stored /sheet#1/sheet#1.xml
2026-01-29 15:01:06,764 INFO [497744049-Pirates-of-the-Caribbean-Easy-Piano#1]                 Book.java:2488 | Book stored as C:\programing\notebeepedison\AudiverisOutput\497744049-Pirates-of-the-Caribbean-Easy-Piano.omr
2026-01-29 15:01:06,766 INFO [497744049-Pirates-of-the-Caribbean-Easy-Piano#1]            SheetStub.java:1660 | Disposed sheet#1
2026-01-29 15:01:06,813 INFO [497744049-Pirates-of-the-Caribbean-Easy-Piano#1]                 Book.java:2015 | End of Stub#1 memory: 37,847,760
2026-01-29 15:01:06,814 INFO [497744049-Pirates-of-the-Caribbean-Easy-Piano#2]       StepMonitoring.java:98   | LOAD
2026-01-29 15:01:06,849 INFO [497744049-Pirates-of-the-Caribbean-Easy-Piano#2]            SheetStub.java:1273 | Loaded image #2 2479x3508 from C:\programing\notebeepedison\sheets\497744049-Pirates-of-the-Caribbean-Easy-Piano.pdf
2026-01-29 15:01:06,849 INFO [497744049-Pirates-of-the-Caribbean-Easy-Piano#2]       StepMonitoring.java:98   | BINARY
2026-01-29 15:01:07,118 INFO [497744049-Pirates-of-the-Caribbean-Easy-Piano#2]       StepMonitoring.java:98   | SCALE
2026-01-29 15:01:07,140 INFO [497744049-Pirates-of-the-Caribbean-Easy-Piano#2]         ScaleBuilder.java:241  | Beam  guessed height: 10 -- 0.50 of 21 interline
2026-01-29 15:01:07,140 INFO [497744049-Pirates-of-the-Caribbean-Easy-Piano#2]         ScaleBuilder.java:264  | Beam measured height: 10 -- 0.27 of [6..21] range at 98% of needed quorum
2026-01-29 15:01:07,140 INFO [497744049-Pirates-of-the-Caribbean-Easy-Piano#2]            ScaleStep.java:65   | Scale{ interline(20,21,21) line(2,2,2) beam(10)}
2026-01-29 15:01:07,140 INFO [497744049-Pirates-of-the-Caribbean-Easy-Piano#2]       StepMonitoring.java:98   | GRID
2026-01-29 15:01:07,245 INFO [497744049-Pirates-of-the-Caribbean-Easy-Piano#2]       LinesRetriever.java:1500 | Global slope: 0.00000
2026-01-29 15:01:07,257 INFO [497744049-Pirates-of-the-Caribbean-Easy-Piano#2]    ClustersRetriever.java:328  | Retrieved raw line clusters: 12 of sizes [5] with interline(20,21,21)
2026-01-29 15:01:07,332 INFO [497744049-Pirates-of-the-Caribbean-Easy-Piano#2]            PeakGraph.java:310  | Systems: #1[1, 2] #2[3, 4] #3[5, 6] #4[7, 8] #5[9, 10] #6[11, 12]
2026-01-29 15:01:07,421 INFO [497744049-Pirates-of-the-Caribbean-Easy-Piano#2]        SystemManager.java:779  | 1 part along 6 systems
2026-01-29 15:01:07,422 INFO [497744049-Pirates-of-the-Caribbean-Easy-Piano#2]       StepMonitoring.java:98   | HEADERS
2026-01-29 15:01:07,614 INFO [497744049-Pirates-of-the-Caribbean-Easy-Piano#2]       StepMonitoring.java:98   | STEM_SEEDS
2026-01-29 15:01:07,638 INFO [497744049-Pirates-of-the-Caribbean-Easy-Piano#2]        StemSeedsStep.java:86   | stem(3 max:3)
2026-01-29 15:01:07,645 INFO [497744049-Pirates-of-the-Caribbean-Easy-Piano#2]       StepMonitoring.java:98   | BEAMS
2026-01-29 15:01:09,466 INFO [497744049-Pirates-of-the-Caribbean-Easy-Piano#2]       StepMonitoring.java:98   | LEDGERS
2026-01-29 15:01:09,531 INFO [497744049-Pirates-of-the-Caribbean-Easy-Piano#2]       StepMonitoring.java:98   | HEADS
2026-01-29 15:01:13,038 INFO [497744049-Pirates-of-the-Caribbean-Easy-Piano#2]        HeadSeedTally.java:235  | Scale information: HeadSeeds{NOTEHEAD_VOID[L:-0.5,R:-0.5] NOTEHEAD_BLACK[L:-0.5,R:-0.5]}
2026-01-29 15:01:13,039 INFO [497744049-Pirates-of-the-Caribbean-Easy-Piano#2]       StepMonitoring.java:98   | STEMS
2026-01-29 15:01:13,223 INFO [497744049-Pirates-of-the-Caribbean-Easy-Piano#2]       StepMonitoring.java:98   | REDUCTION
2026-01-29 15:01:13,276 INFO [497744049-Pirates-of-the-Caribbean-Easy-Piano#2]        ReductionStep.java:105  | Stems free length median value: 73 pixels, 3.5 interlines
2026-01-29 15:01:13,278 INFO [497744049-Pirates-of-the-Caribbean-Easy-Piano#2]       StepMonitoring.java:98   | CUE_BEAMS
2026-01-29 15:01:13,278 INFO [497744049-Pirates-of-the-Caribbean-Easy-Piano#2]         CueBeamsStep.java:81   | Step CUE_BEAMS is skipped because small heads switch is off
2026-01-29 15:01:13,279 INFO [497744049-Pirates-of-the-Caribbean-Easy-Piano#2]       StepMonitoring.java:98   | TEXTS
2026-01-29 15:01:13,338 WARN [497744049-Pirates-of-the-Caribbean-Easy-Piano#2]         TesseractOCR.java:335  | The collection of supported languages is empty
2026-01-29 15:01:13,338 INFO [497744049-Pirates-of-the-Caribbean-Easy-Piano#2]              OcrUtil.java:106  | Missing support for 'eng' language(s)
2026-01-29 15:01:13,340 INFO [497744049-Pirates-of-the-Caribbean-Easy-Piano#2]       StepMonitoring.java:98   | MEASURES
2026-01-29 15:01:13,341 INFO [497744049-Pirates-of-the-Caribbean-Easy-Piano#2]                 Page.java:307  | 45 raw measures: [9 in system#1, 7 in system#2, 8 in system#3, 8 in system#4, 7 in system#5, 6 in system#6]
2026-01-29 15:01:13,342 INFO [497744049-Pirates-of-the-Caribbean-Easy-Piano#2]       StepMonitoring.java:98   | CHORDS
2026-01-29 15:01:13,346 INFO [497744049-Pirates-of-the-Caribbean-Easy-Piano#2]       StepMonitoring.java:98   | CURVES
2026-01-29 15:01:13,683 INFO [497744049-Pirates-of-the-Caribbean-Easy-Piano#2]         SlursBuilder.java:240  | Slurs: 0
2026-01-29 15:01:13,685 INFO [497744049-Pirates-of-the-Caribbean-Easy-Piano#2]      SegmentsBuilder.java:155  | Segments: 19
2026-01-29 15:01:13,686 INFO [497744049-Pirates-of-the-Caribbean-Easy-Piano#2]       StepMonitoring.java:98   | SYMBOLS
2026-01-29 15:01:13,889 INFO [497744049-Pirates-of-the-Caribbean-Easy-Piano#2]       StepMonitoring.java:98   | LINKS
2026-01-29 15:01:13,906 INFO [497744049-Pirates-of-the-Caribbean-Easy-Piano#2]       StepMonitoring.java:98   | RHYTHMS
2026-01-29 15:01:13,906 INFO [497744049-Pirates-of-the-Caribbean-Easy-Piano#2]           PageRhythm.java:199  | {Page#2.1} Time value reused from sheet#1
2026-01-29 15:01:13,932 INFO [497744049-Pirates-of-the-Caribbean-Easy-Piano#2]       StepMonitoring.java:98   | PAGE
2026-01-29 15:01:13,933 INFO [497744049-Pirates-of-the-Caribbean-Easy-Piano#2]                 Book.java:2547 | Book{497744049-Pirates-of-the-Caribbean-Easy-Piano} storing
2026-01-29 15:01:13,976 INFO [497744049-Pirates-of-the-Caribbean-Easy-Piano#2]                 Book.java:2528 | Stored /book.xml
2026-01-29 15:01:14,027 INFO [497744049-Pirates-of-the-Caribbean-Easy-Piano#2]           DataHolder.java:348  | Stored /sheet#2/BINARY.png
2026-01-29 15:01:14,257 INFO [497744049-Pirates-of-the-Caribbean-Easy-Piano#2]                Sheet.java:1583 | Stored /sheet#2/sheet#2.xml
2026-01-29 15:01:14,257 INFO [497744049-Pirates-of-the-Caribbean-Easy-Piano#2]                 Book.java:2488 | Book stored as C:\programing\notebeepedison\AudiverisOutput\497744049-Pirates-of-the-Caribbean-Easy-Piano.omr
2026-01-29 15:01:14,261 INFO [497744049-Pirates-of-the-Caribbean-Easy-Piano#2]            SheetStub.java:1660 | Disposed sheet#2
2026-01-29 15:01:14,304 INFO [497744049-Pirates-of-the-Caribbean-Easy-Piano#2]                 Book.java:2015 | End of Stub#2 memory: 37,516,520
2026-01-29 15:01:14,305 INFO [497744049-Pirates-of-the-Caribbean-Easy-Piano#3]       StepMonitoring.java:98   | LOAD
2026-01-29 15:01:14,318 INFO [497744049-Pirates-of-the-Caribbean-Easy-Piano#3]            SheetStub.java:1273 | Loaded image #3 2479x3508 from C:\programing\notebeepedison\sheets\497744049-Pirates-of-the-Caribbean-Easy-Piano.pdf
2026-01-29 15:01:14,319 INFO [497744049-Pirates-of-the-Caribbean-Easy-Piano#3]       StepMonitoring.java:98   | BINARY
2026-01-29 15:01:14,571 INFO [497744049-Pirates-of-the-Caribbean-Easy-Piano#3]       StepMonitoring.java:98   | SCALE
2026-01-29 15:01:14,571 INFO [497744049-Pirates-of-the-Caribbean-Easy-Piano#3]         ScaleBuilder.java:241  | Beam  guessed height: 10 -- 0.50 of 21 interline
2026-01-29 15:01:14,573 INFO [497744049-Pirates-of-the-Caribbean-Easy-Piano#3]         ScaleBuilder.java:264  | Beam measured height: 10 -- 0.27 of [6..21] range at 122% of needed quorum
2026-01-29 15:01:14,573 INFO [497744049-Pirates-of-the-Caribbean-Easy-Piano#3]            ScaleStep.java:65   | Scale{ interline(20,21,21) line(2,2,2) beam(10)}
2026-01-29 15:01:14,573 INFO [497744049-Pirates-of-the-Caribbean-Easy-Piano#3]       StepMonitoring.java:98   | GRID
2026-01-29 15:01:14,594 INFO [497744049-Pirates-of-the-Caribbean-Easy-Piano#3]       LinesRetriever.java:1500 | Global slope: 0.00000
2026-01-29 15:01:14,595 INFO [497744049-Pirates-of-the-Caribbean-Easy-Piano#3]    ClustersRetriever.java:328  | Retrieved raw line clusters: 4 of sizes [5] with interline(20,21,21)
2026-01-29 15:01:14,602 INFO [497744049-Pirates-of-the-Caribbean-Easy-Piano#3]            PeakGraph.java:310  | Systems: #1[1, 2] #2[3, 4]
2026-01-29 15:01:14,646 INFO [497744049-Pirates-of-the-Caribbean-Easy-Piano#3]        SystemManager.java:779  | 1 part along 2 systems
2026-01-29 15:01:14,646 INFO [497744049-Pirates-of-the-Caribbean-Easy-Piano#3]       StepMonitoring.java:98   | HEADERS
2026-01-29 15:01:14,705 INFO [497744049-Pirates-of-the-Caribbean-Easy-Piano#3]       StepMonitoring.java:98   | STEM_SEEDS
2026-01-29 15:01:14,722 INFO [497744049-Pirates-of-the-Caribbean-Easy-Piano#3]        StemSeedsStep.java:86   | stem(3 max:4)
2026-01-29 15:01:14,724 INFO [497744049-Pirates-of-the-Caribbean-Easy-Piano#3]       StepMonitoring.java:98   | BEAMS
2026-01-29 15:01:16,262 INFO [497744049-Pirates-of-the-Caribbean-Easy-Piano#3]       StepMonitoring.java:98   | LEDGERS
2026-01-29 15:01:16,278 INFO [497744049-Pirates-of-the-Caribbean-Easy-Piano#3]       StepMonitoring.java:98   | HEADS
2026-01-29 15:01:17,398 INFO [497744049-Pirates-of-the-Caribbean-Easy-Piano#3]        HeadSeedTally.java:235  | Scale information: HeadSeeds{NOTEHEAD_BLACK[L:-0.3,R:-0.3]}
2026-01-29 15:01:17,398 INFO [497744049-Pirates-of-the-Caribbean-Easy-Piano#3]       StepMonitoring.java:98   | STEMS
2026-01-29 15:01:17,434 INFO [497744049-Pirates-of-the-Caribbean-Easy-Piano#3]       StepMonitoring.java:98   | REDUCTION
2026-01-29 15:01:17,441 INFO [497744049-Pirates-of-the-Caribbean-Easy-Piano#3]        ReductionStep.java:105  | Stems free length median value: 68 pixels, 3.2 interlines
2026-01-29 15:01:17,441 INFO [497744049-Pirates-of-the-Caribbean-Easy-Piano#3]       StepMonitoring.java:98   | CUE_BEAMS
2026-01-29 15:01:17,442 INFO [497744049-Pirates-of-the-Caribbean-Easy-Piano#3]         CueBeamsStep.java:81   | Step CUE_BEAMS is skipped because small heads switch is off
2026-01-29 15:01:17,443 INFO [497744049-Pirates-of-the-Caribbean-Easy-Piano#3]       StepMonitoring.java:98   | TEXTS
2026-01-29 15:01:17,481 WARN [497744049-Pirates-of-the-Caribbean-Easy-Piano#3]         TesseractOCR.java:335  | The collection of supported languages is empty
2026-01-29 15:01:17,482 INFO [497744049-Pirates-of-the-Caribbean-Easy-Piano#3]              OcrUtil.java:106  | Missing support for 'eng' language(s)
2026-01-29 15:01:17,482 INFO [497744049-Pirates-of-the-Caribbean-Easy-Piano#3]       StepMonitoring.java:98   | MEASURES
2026-01-29 15:01:17,483 INFO [497744049-Pirates-of-the-Caribbean-Easy-Piano#3]                 Page.java:307  | 7 raw measures: [6 in system#1, 1 in system#2]
2026-01-29 15:01:17,483 INFO [497744049-Pirates-of-the-Caribbean-Easy-Piano#3]       StepMonitoring.java:98   | CHORDS
2026-01-29 15:01:17,484 INFO [497744049-Pirates-of-the-Caribbean-Easy-Piano#3]       StepMonitoring.java:98   | CURVES
2026-01-29 15:01:17,705 INFO [497744049-Pirates-of-the-Caribbean-Easy-Piano#3]         SlursBuilder.java:240  | Slurs: 0
2026-01-29 15:01:17,706 INFO [497744049-Pirates-of-the-Caribbean-Easy-Piano#3]      SegmentsBuilder.java:155  | Segments: 2
2026-01-29 15:01:17,706 INFO [497744049-Pirates-of-the-Caribbean-Easy-Piano#3]       StepMonitoring.java:98   | SYMBOLS
2026-01-29 15:01:17,818 INFO [497744049-Pirates-of-the-Caribbean-Easy-Piano#3]       StepMonitoring.java:98   | LINKS
2026-01-29 15:01:17,824 INFO [497744049-Pirates-of-the-Caribbean-Easy-Piano#3]       StepMonitoring.java:98   | RHYTHMS
2026-01-29 15:01:17,825 INFO [497744049-Pirates-of-the-Caribbean-Easy-Piano#3]           PageRhythm.java:199  | {Page#3.1} Time value reused from sheet#1
2026-01-29 15:01:17,829 INFO [497744049-Pirates-of-the-Caribbean-Easy-Piano#3]       StepMonitoring.java:98   | PAGE
2026-01-29 15:01:17,829 INFO [497744049-Pirates-of-the-Caribbean-Easy-Piano#3]                 Book.java:2547 | Book{497744049-Pirates-of-the-Caribbean-Easy-Piano} storing
2026-01-29 15:01:17,858 INFO [497744049-Pirates-of-the-Caribbean-Easy-Piano#3]                 Book.java:2528 | Stored /book.xml
2026-01-29 15:01:17,901 INFO [497744049-Pirates-of-the-Caribbean-Easy-Piano#3]           DataHolder.java:348  | Stored /sheet#3/BINARY.png
2026-01-29 15:01:17,953 INFO [497744049-Pirates-of-the-Caribbean-Easy-Piano#3]                Sheet.java:1583 | Stored /sheet#3/sheet#3.xml
2026-01-29 15:01:17,953 INFO [497744049-Pirates-of-the-Caribbean-Easy-Piano#3]                 Book.java:2488 | Book stored as C:\programing\notebeepedison\AudiverisOutput\497744049-Pirates-of-the-Caribbean-Easy-Piano.omr
2026-01-29 15:01:17,959 INFO [497744049-Pirates-of-the-Caribbean-Easy-Piano#3]            SheetStub.java:1660 | Disposed sheet#3
2026-01-29 15:01:17,999 INFO [497744049-Pirates-of-the-Caribbean-Easy-Piano#3]                 Book.java:2015 | End of Stub#3 memory: 37,293,496
2026-01-29 15:01:18,000 INFO [497744049-Pirates-of-the-Caribbean-Easy-Piano]                 Book.java:2022 | Book processed.
2026-01-29 15:01:18,275 INFO [497744049-Pirates-of-the-Caribbean-Easy-Piano]            SheetStub.java:997  | Loaded /sheet#1/sheet#1.xml
2026-01-29 15:01:18,404 INFO [497744049-Pirates-of-the-Caribbean-Easy-Piano]            SheetStub.java:997  | Loaded /sheet#2/sheet#2.xml
2026-01-29 15:01:18,473 INFO [497744049-Pirates-of-the-Caribbean-Easy-Piano]            SheetStub.java:997  | Loaded /sheet#3/sheet#3.xml
2026-01-29 15:01:18,690 INFO [497744049-Pirates-of-the-Caribbean-Easy-Piano]      PartwiseBuilder.java:2688 | Exporting sheet(s): [#1#2#3]
2026-01-29 15:01:18,796 INFO [497744049-Pirates-of-the-Caribbean-Easy-Piano]        ScoreExporter.java:164  | Score 497744049-Pirates-of-the-Caribbean-Easy-Piano exported to C:\programing\notebeepedison\AudiverisOutput\497744049-Pirates-of-the-Caribbean-Easy-Piano.mxl
2026-01-29 15:01:18,841 INFO [497744049-Pirates-of-the-Caribbean-Easy-Piano]                Score.java:181  | Closing {Score 1}
