2026-02-12 14:22:32,235 ERROR [easy_pirates]              IOUtils.java:278  | Unmapping is not supported.
java.lang.reflect.InaccessibleObjectException: Unable to make public jdk.internal.ref.Cleaner java.nio.DirectByteBuffer.cleaner() accessible: module java.base does not "opens java.nio" to unnamed module @6283d8b8
	at java.base/java.lang.reflect.AccessibleObject.throwInaccessibleObjectException(Unknown Source)
	at java.base/java.lang.reflect.AccessibleObject.checkCanSetAccessible(Unknown Source)
	at java.base/java.lang.reflect.AccessibleObject.checkCanSetAccessible(Unknown Source)
	at java.base/java.lang.reflect.Method.checkCanSetAccessible(Unknown Source)
	at java.base/java.lang.reflect.Method.setAccessible(Unknown Source)
	at org.apache.pdfbox.io.IOUtils.unmapper(IOUtils.java:244)
	at java.base/java.security.AccessController.doPrivileged(Unknown Source)
	at org.apache.pdfbox.io.IOUtils.<clinit>(IOUtils.java:69)
	at org.apache.pdfbox.Loader.loadPDF(Loader.java:378)
	at org.audiveris.omr.image.ImageLoading.getPdfLoader(ImageLoading.java:159)
	at org.audiveris.omr.image.ImageLoading.getLoader(ImageLoading.java:209)
	at org.audiveris.omr.sheet.Book.createStubs(Book.java:554)
	at org.audiveris.omr.CLI$ProcessingTask.processBook(CLI.java:830)
	at org.audiveris.omr.CLI$CliTask.call(CLI.java:504)
	at org.audiveris.omr.Main.runBatchTasks(Main.java:371)
	at org.audiveris.omr.Main.main(Main.java:260)
	at Audiveris.main(Audiveris.java:50)
2026-02-12 14:22:32,362 INFO [easy_pirates]                 Book.java:559  | 1 sheet in C:\programing\notebeepedison\sheets\easy_pirates.pdf
2026-02-12 14:22:32,750 INFO []                 Book.java:2528 | Stored /book.xml
2026-02-12 14:22:32,751 INFO []                 Book.java:2488 | Book stored as C:\programing\notebeepedison\AudiverisOutput\easy_pirates.omr
2026-02-12 14:22:32,762 INFO []                 Book.java:1930 | Book reaching PAGE on sheets:[#1]
2026-02-12 14:22:32,765 INFO [easy_pirates]       StepMonitoring.java:98   | LOAD
2026-02-12 14:22:33,179 INFO [easy_pirates]            SheetStub.java:1273 | Loaded image #1 2479x3508 from C:\programing\notebeepedison\sheets\easy_pirates.pdf
2026-02-12 14:22:33,185 INFO [easy_pirates]       StepMonitoring.java:98   | BINARY
2026-02-12 14:22:34,079 INFO [easy_pirates]       StepMonitoring.java:98   | SCALE
2026-02-12 14:22:34,130 INFO [easy_pirates]         ScaleBuilder.java:241  | Beam  guessed height: 10 -- 0.50 of 21 interline
2026-02-12 14:22:34,132 INFO [easy_pirates]         ScaleBuilder.java:264  | Beam measured height:  7 -- 0.07 of [6..21] range at 869% of needed quorum
2026-02-12 14:22:34,132 INFO [easy_pirates]            ScaleStep.java:65   | Scale{ interline(20,21,23) line(3,4,4) beam(7)}
2026-02-12 14:22:34,133 INFO [easy_pirates]       StepMonitoring.java:98   | GRID
2026-02-12 14:22:34,757 INFO [easy_pirates]       LinesRetriever.java:1500 | Global slope: 0.00000
2026-02-12 14:22:34,826 INFO [easy_pirates]    ClustersRetriever.java:328  | Retrieved raw line clusters: 8 of sizes [5] with interline(20,21,23)
2026-02-12 14:22:35,000 INFO [easy_pirates]            PeakGraph.java:310  | Systems: #1[1] #2[2] #3[3] #4[4] #5[5, 6] #6[7, 8]
2026-02-12 14:22:35,326 INFO [easy_pirates]        SystemManager.java:779  | 1 part along 6 systems
2026-02-12 14:22:35,327 INFO [easy_pirates]                 Book.java:542  | Created scores: [{Score 1}]
2026-02-12 14:22:35,328 INFO [easy_pirates]       StepMonitoring.java:98   | HEADERS
2026-02-12 14:22:35,727 INFO [easy_pirates]      BasicClassifier.java:286  | Classifier loaded XML norms.
2026-02-12 14:22:35,730 INFO [easy_pirates]   AbstractClassifier.java:396  | Classifier data loaded from default uri jar:file:/C:/Program%20Files/Audiveris/app/audiveris.jar!/res/basic-classifier.zip
2026-02-12 14:22:39,830 INFO [easy_pirates]       StepMonitoring.java:98   | STEM_SEEDS
2026-02-12 14:22:39,963 INFO [easy_pirates]        StemSeedsStep.java:86   | stem(7 max:7)
2026-02-12 14:22:40,052 INFO [easy_pirates]       StepMonitoring.java:98   | BEAMS
2026-02-12 14:22:43,018 INFO [easy_pirates]       StaffProjector.java:665  | Too high serif for multiple rest in Staff#3 at x:2357
2026-02-12 14:22:43,019 INFO [easy_pirates]       StaffProjector.java:665  | Too high serif for multiple rest in Staff#3 at x:2361
2026-02-12 14:22:43,020 INFO [easy_pirates]       StaffProjector.java:665  | Too high serif for multiple rest in Staff#3 at x:1151
2026-02-12 14:22:43,020 INFO [easy_pirates]       StaffProjector.java:665  | Too high serif for multiple rest in Staff#3 at x:1872
2026-02-12 14:22:43,154 INFO [easy_pirates]       StepMonitoring.java:98   | LEDGERS
2026-02-12 14:22:43,423 INFO [easy_pirates]       StepMonitoring.java:98   | HEADS
2026-02-12 14:22:49,810 INFO [easy_pirates]        HeadSeedTally.java:235  | Scale information: HeadSeeds{NOTEHEAD_VOID[L:-0.2,R:-0.5] NOTEHEAD_BLACK[L:-1.1,R:-1.6]}
2026-02-12 14:22:49,811 INFO [easy_pirates]       StepMonitoring.java:98   | STEMS
2026-02-12 14:22:50,397 INFO [easy_pirates]       StepMonitoring.java:98   | REDUCTION
2026-02-12 14:22:50,474 INFO [easy_pirates]        ReductionStep.java:105  | Stems free length median value: 72 pixels, 3.4 interlines
2026-02-12 14:22:50,480 INFO [easy_pirates]       StepMonitoring.java:98   | CUE_BEAMS
2026-02-12 14:22:50,481 INFO [easy_pirates]         CueBeamsStep.java:81   | Step CUE_BEAMS is skipped because small heads switch is off
2026-02-12 14:22:50,482 INFO [easy_pirates]       StepMonitoring.java:98   | TEXTS
2026-02-12 14:22:50,604 WARN [easy_pirates]         TesseractOCR.java:335  | The collection of supported languages is empty
2026-02-12 14:22:50,605 INFO [easy_pirates]              OcrUtil.java:106  | Missing support for 'eng' language(s)
2026-02-12 14:22:50,615 INFO [easy_pirates]       StepMonitoring.java:98   | MEASURES
2026-02-12 14:22:50,624 INFO [easy_pirates]                 Page.java:307  | 20 raw measures: [1 in system#1, 1 in system#2, 1 in system#3, 1 in system#4, 8 in system#5, 8 in system#6]
2026-02-12 14:22:50,624 INFO [easy_pirates]       StepMonitoring.java:98   | CHORDS
2026-02-12 14:22:50,638 INFO [easy_pirates]       StepMonitoring.java:98   | CURVES
2026-02-12 14:22:52,851 INFO [easy_pirates]         SlursBuilder.java:240  | Slurs: 6
2026-02-12 14:22:57,264 INFO [easy_pirates]      SegmentsBuilder.java:155  | Segments: 37
2026-02-12 14:22:57,354 INFO [easy_pirates]       StepMonitoring.java:98   | SYMBOLS
2026-02-12 14:22:59,710 INFO [easy_pirates]       StepMonitoring.java:98   | LINKS
2026-02-12 14:22:59,714 INFO [easy_pirates]        SymbolsLinker.java:258  | No chord linked to OctaveShiftInter#7542{(0.281) staff:1 OTTAVA ALTA}
2026-02-12 14:22:59,741 WARN [easy_pirates]            SheetStub.java:1412 | Error in performing [LOAD, BINARY, SCALE, GRID, HEADERS, STEM_SEEDS, BEAMS, LEDGERS, HEADS, STEMS, REDUCTION, CUE_BEAMS, TEXTS, MEASURES, CHORDS, CURVES, SYMBOLS, LINKS, RHYTHMS, PAGE] java.util.concurrent.ExecutionException: java.lang.RuntimeException: java.util.ConcurrentModificationException
java.util.concurrent.ExecutionException: java.lang.RuntimeException: java.util.ConcurrentModificationException
	at java.base/java.util.concurrent.FutureTask.report(Unknown Source)
	at java.base/java.util.concurrent.FutureTask.get(Unknown Source)
	at org.audiveris.omr.sheet.SheetStub.doOneStep(SheetStub.java:516)
	at org.audiveris.omr.sheet.SheetStub.reachStep(SheetStub.java:1394)
	at org.audiveris.omr.sheet.Book.reachBookStep(Book.java:1993)
	at org.audiveris.omr.sheet.Book.transcribe(Book.java:2589)
	at org.audiveris.omr.sheet.Book.export(Book.java:593)
	at org.audiveris.omr.CLI$ProcessingTask.processBook(CLI.java:896)
	at org.audiveris.omr.CLI$CliTask.call(CLI.java:504)
	at org.audiveris.omr.Main.runBatchTasks(Main.java:371)
	at org.audiveris.omr.Main.main(Main.java:260)
	at Audiveris.main(Audiveris.java:50)
Caused by: java.lang.RuntimeException: java.util.ConcurrentModificationException
	at org.audiveris.omr.step.AbstractSystemStep.doitPerSystem(AbstractSystemStep.java:186)
	at org.audiveris.omr.step.AbstractSystemStep.doit(AbstractSystemStep.java:125)
	at org.audiveris.omr.step.OmrStep.doit(OmrStep.java:138)
	at org.audiveris.omr.sheet.SheetStub.lambda$doOneStep$0(SheetStub.java:500)
	at java.base/java.util.concurrent.FutureTask.run(Unknown Source)
	at java.base/java.util.concurrent.ThreadPoolExecutor.runWorker(Unknown Source)
	at java.base/java.util.concurrent.ThreadPoolExecutor$Worker.run(Unknown Source)
	at java.base/java.lang.Thread.run(Unknown Source)
Caused by: java.util.ConcurrentModificationException: null
	at java.base/java.util.ArrayList$Itr.checkForComodification(Unknown Source)
	at java.base/java.util.ArrayList$Itr.remove(Unknown Source)
	at org.audiveris.omr.sig.inter.KeyInter.filterOverlappingAlters(KeyInter.java:1322)
	at org.audiveris.omr.sig.inter.KeyInter.lookupCandidates(KeyInter.java:1095)
	at org.audiveris.omr.sheet.symbol.SymbolsLinker.process(SymbolsLinker.java:370)
	at org.audiveris.omr.sheet.symbol.LinksStep.doSystem(LinksStep.java:132)
	at org.audiveris.omr.sheet.symbol.LinksStep.doSystem(LinksStep.java:61)
	at org.audiveris.omr.step.AbstractSystemStep.lambda$doitPerSystem$0(AbstractSystemStep.java:159)
	at org.audiveris.omr.step.AbstractSystemStep.doitPerSystem(AbstractSystemStep.java:179)
	... 7 common frames omitted
2026-02-12 14:22:59,742 INFO [easy_pirates]                 Book.java:2547 | Book{easy_pirates} storing
2026-02-12 14:22:59,814 INFO [easy_pirates]                 Book.java:2528 | Stored /book.xml
2026-02-12 14:22:59,919 INFO [easy_pirates]           DataHolder.java:348  | Stored /sheet#1/BINARY.png
2026-02-12 14:23:01,281 INFO [easy_pirates]                Sheet.java:1583 | Stored /sheet#1/sheet#1.xml
2026-02-12 14:23:01,281 INFO [easy_pirates]                 Book.java:2488 | Book stored as C:\programing\notebeepedison\AudiverisOutput\easy_pirates.omr
2026-02-12 14:23:01,287 INFO [easy_pirates]            SheetStub.java:1660 | Disposed sheet
2026-02-12 14:23:01,355 INFO [easy_pirates]                 Book.java:2015 | End of Stub#1 memory: 31,707,736
2026-02-12 14:23:01,356 INFO [easy_pirates]                 Book.java:2022 | Book processed.
2026-02-12 14:23:01,356 INFO [easy_pirates]                 Book.java:596  | Could not export since transcription did not complete successfully
2026-02-12 14:23:01,390 INFO [easy_pirates]                Score.java:181  | Closing {Score 1}
