2026-01-15 13:57:48,020 ERROR [Pirates-of-the-Caribbean-intermediate]              IOUtils.java:278  | Unmapping is not supported.
java.lang.reflect.InaccessibleObjectException: Unable to make public jdk.internal.ref.Cleaner java.nio.DirectByteBuffer.cleaner() accessible: module java.base does not "opens java.nio" to unnamed module @6283d8b8
	at java.base/java.lang.reflect.AccessibleObject.throwInaccessibleObjectException(Unknown Source)
	at java.base/java.lang.reflect.AccessibleObject.checkCanSetAccessible(Unknown Source)
	at java.base/java.lang.reflect.AccessibleObject.checkCanSetAccessible(Unknown Source)
	at java.base/java.lang.reflect.Method.checkCanSetAccessible(Unknown Source)
	at java.base/java.lang.reflect.Method.setAccessible(Unknown Source)
	at org.apache.pdfbox.io.IOUtils.unmapper(IOUtils.java:244)
	at java.base/java.security.AccessController.doPrivileged(Unknown Source)
	at org.apache.pdfbox.io.IOUtils.<clinit>(IOUtils.java:69)
	at org.apache.pdfbox.Loader.loadPDF(Loader.java:378)
	at org.audiveris.omr.image.ImageLoading.getPdfLoader(ImageLoading.java:159)
	at org.audiveris.omr.image.ImageLoading.getLoader(ImageLoading.java:209)
	at org.audiveris.omr.sheet.Book.createStubs(Book.java:554)
	at org.audiveris.omr.CLI$ProcessingTask.processBook(CLI.java:830)
	at org.audiveris.omr.CLI$CliTask.call(CLI.java:504)
	at org.audiveris.omr.Main.runBatchTasks(Main.java:371)
	at org.audiveris.omr.Main.main(Main.java:260)
	at Audiveris.main(Audiveris.java:50)
2026-01-15 13:57:48,039 INFO [Pirates-of-the-Caribbean-intermediate]                 Book.java:559  | 2 sheets in C:\programing\notebeepedison\notes\Pirates-of-the-Caribbean-intermediate.pdf
2026-01-15 13:57:48,129 INFO []                 Book.java:2528 | Stored /book.xml
2026-01-15 13:57:48,129 INFO []                 Book.java:2488 | Book stored as C:\programing\notebeepedison\AudiverisOutput\Pirates-of-the-Caribbean-intermediate.omr
2026-01-15 13:57:48,132 INFO []                 Book.java:1930 | Book reaching PAGE on sheets:[#1#2]
2026-01-15 13:57:48,133 INFO [Pirates-of-the-Caribbean-intermediate#1]       StepMonitoring.java:98   | LOAD
2026-01-15 13:57:48,367 INFO [Pirates-of-the-Caribbean-intermediate#1]            SheetStub.java:1273 | Loaded image #1 2479x3508 from C:\programing\notebeepedison\notes\Pirates-of-the-Caribbean-intermediate.pdf
2026-01-15 13:57:48,370 INFO [Pirates-of-the-Caribbean-intermediate#1]       StepMonitoring.java:98   | BINARY
2026-01-15 13:57:48,687 INFO [Pirates-of-the-Caribbean-intermediate#1]       StepMonitoring.java:98   | SCALE
2026-01-15 13:57:48,708 INFO [Pirates-of-the-Caribbean-intermediate#1]         ScaleBuilder.java:241  | Beam  guessed height: 10 -- 0.50 of 19 interline
2026-01-15 13:57:48,709 INFO [Pirates-of-the-Caribbean-intermediate#1]         ScaleBuilder.java:264  | Beam measured height: 18 -- 0.93 of [5..19] range at 155% of needed quorum
2026-01-15 13:57:48,709 INFO [Pirates-of-the-Caribbean-intermediate#1]            ScaleStep.java:65   | Scale{ interline(19,19,20) line(2,2,3) beam(18)}
2026-01-15 13:57:48,710 INFO [Pirates-of-the-Caribbean-intermediate#1]       StepMonitoring.java:98   | GRID
2026-01-15 13:57:49,006 INFO [Pirates-of-the-Caribbean-intermediate#1]       LinesRetriever.java:1500 | Global slope: 0.00000
2026-01-15 13:57:49,049 INFO [Pirates-of-the-Caribbean-intermediate#1]    ClustersRetriever.java:328  | Retrieved raw line clusters: 12 of sizes [5] with interline(19,19,20)
2026-01-15 13:57:49,206 INFO [Pirates-of-the-Caribbean-intermediate#1]            PeakGraph.java:310  | Systems: #1[1, 2] #2[3, 4] #3[5, 6] #4[7, 8] #5[9, 10] #6[11, 12]
2026-01-15 13:57:49,409 INFO [Pirates-of-the-Caribbean-intermediate#1]        SystemManager.java:779  | 1 part along 6 systems
2026-01-15 13:57:49,410 INFO [Pirates-of-the-Caribbean-intermediate#1]                 Book.java:542  | Created scores: [{Score 1}]
2026-01-15 13:57:49,411 INFO [Pirates-of-the-Caribbean-intermediate#1]       StepMonitoring.java:98   | HEADERS
2026-01-15 13:57:49,603 INFO [Pirates-of-the-Caribbean-intermediate#1]      BasicClassifier.java:286  | Classifier loaded XML norms.
2026-01-15 13:57:49,607 INFO [Pirates-of-the-Caribbean-intermediate#1]   AbstractClassifier.java:396  | Classifier data loaded from default uri jar:file:/C:/Program%20Files/Audiveris/app/audiveris.jar!/res/basic-classifier.zip
2026-01-15 13:57:50,115 INFO [Pirates-of-the-Caribbean-intermediate#1]       StepMonitoring.java:98   | STEM_SEEDS
2026-01-15 13:57:50,146 INFO [Pirates-of-the-Caribbean-intermediate#1]        StemSeedsStep.java:86   | stem(2 max:3)
2026-01-15 13:57:50,191 INFO [Pirates-of-the-Caribbean-intermediate#1]       StepMonitoring.java:98   | BEAMS
2026-01-15 13:57:54,901 INFO [Pirates-of-the-Caribbean-intermediate#1]       StepMonitoring.java:98   | LEDGERS
2026-01-15 13:57:55,057 INFO [Pirates-of-the-Caribbean-intermediate#1]       StepMonitoring.java:98   | HEADS
2026-01-15 13:57:58,849 INFO [Pirates-of-the-Caribbean-intermediate#1]        HeadSeedTally.java:235  | Scale information: HeadSeeds{NOTEHEAD_VOID[R:-0.3] NOTEHEAD_BLACK[L:-0.6,R:-0.4]}
2026-01-15 13:57:58,850 INFO [Pirates-of-the-Caribbean-intermediate#1]       StepMonitoring.java:98   | STEMS
2026-01-15 13:57:59,385 INFO [Pirates-of-the-Caribbean-intermediate#1]       StepMonitoring.java:98   | REDUCTION
2026-01-15 13:57:59,570 INFO [Pirates-of-the-Caribbean-intermediate#1]        ReductionStep.java:105  | Stems free length median value: 68 pixels, 3.6 interlines
2026-01-15 13:57:59,575 INFO [Pirates-of-the-Caribbean-intermediate#1]       StepMonitoring.java:98   | CUE_BEAMS
2026-01-15 13:57:59,576 INFO [Pirates-of-the-Caribbean-intermediate#1]         CueBeamsStep.java:81   | Step CUE_BEAMS is skipped because small heads switch is off
2026-01-15 13:57:59,577 INFO [Pirates-of-the-Caribbean-intermediate#1]       StepMonitoring.java:98   | TEXTS
2026-01-15 13:57:59,695 WARN [Pirates-of-the-Caribbean-intermediate#1]         TesseractOCR.java:335  | The collection of supported languages is empty
2026-01-15 13:57:59,695 INFO [Pirates-of-the-Caribbean-intermediate#1]              OcrUtil.java:106  | Missing support for 'eng' language(s)
2026-01-15 13:57:59,701 INFO [Pirates-of-the-Caribbean-intermediate#1]       StepMonitoring.java:98   | MEASURES
2026-01-15 13:57:59,708 INFO [Pirates-of-the-Caribbean-intermediate#1]                 Page.java:307  | 42 raw measures: [7 in system#1, 7 in system#2, 7 in system#3, 7 in system#4, 7 in system#5, 7 in system#6]
2026-01-15 13:57:59,709 INFO [Pirates-of-the-Caribbean-intermediate#1]       StepMonitoring.java:98   | CHORDS
2026-01-15 13:57:59,727 INFO [Pirates-of-the-Caribbean-intermediate#1]       StepMonitoring.java:98   | CURVES
2026-01-15 13:58:00,255 INFO [Pirates-of-the-Caribbean-intermediate#1]         SlursBuilder.java:240  | Slurs: 1
2026-01-15 13:58:00,275 INFO [Pirates-of-the-Caribbean-intermediate#1]      SegmentsBuilder.java:155  | Segments: 18
2026-01-15 13:58:00,278 INFO [Pirates-of-the-Caribbean-intermediate#1]       StepMonitoring.java:98   | SYMBOLS
2026-01-15 13:58:00,686 INFO [Pirates-of-the-Caribbean-intermediate#1]       StepMonitoring.java:98   | LINKS
2026-01-15 13:58:00,688 INFO [Pirates-of-the-Caribbean-intermediate#1]        SymbolsLinker.java:258  | No chord linked to OctaveShiftInter#9003{(0.288) staff:2 OTTAVA BASSA}
2026-01-15 13:58:00,689 INFO [Pirates-of-the-Caribbean-intermediate#1]        SymbolsLinker.java:258  | No chord linked to OctaveShiftInter#9034{(0.552) staff:1 OTTAVA ALTA}
2026-01-15 13:58:00,704 INFO [Pirates-of-the-Caribbean-intermediate#1]        SymbolsLinker.java:258  | No chord linked to OctaveShiftInter#9060{(0.288) staff:3 OTTAVA ALTA}
2026-01-15 13:58:00,711 INFO [Pirates-of-the-Caribbean-intermediate#1]        SymbolsLinker.java:258  | No chord linked to OctaveShiftInter#9097{(0.232) staff:6 VENTIDUESIMA BASSA}
2026-01-15 13:58:00,717 INFO [Pirates-of-the-Caribbean-intermediate#1]        SymbolsLinker.java:258  | No chord linked to OctaveShiftInter#9231{(0.232) staff:7 VENTIDUESIMA ALTA}
2026-01-15 13:58:00,729 INFO [Pirates-of-the-Caribbean-intermediate#1]       StepMonitoring.java:98   | RHYTHMS
2026-01-15 13:58:00,741 INFO [Pirates-of-the-Caribbean-intermediate#1]        MeasureRhythm.java:1045 | Measure{#2} No timeOffset for HeadChordInter#8203{(0.923/0.923) staff:1 slot#5 dur:1/4}
2026-01-15 13:58:00,743 INFO [Pirates-of-the-Caribbean-intermediate#1]                Voice.java:257  | Measure{#2} Voice{#1 excess:1/8} too long
2026-01-15 13:58:00,743 INFO [Pirates-of-the-Caribbean-intermediate#1]          StackRhythm.java:224  | S1 MeasureStack#2 no correct rhythm
2026-01-15 13:58:00,745 INFO [Pirates-of-the-Caribbean-intermediate#1]        MeasureRhythm.java:1045 | Measure{#4} No timeOffset for HeadChordInter#8212{(0.924/0.924) staff:1 slot#5 dur:1/4}
2026-01-15 13:58:00,745 INFO [Pirates-of-the-Caribbean-intermediate#1]                Voice.java:257  | Measure{#4} Voice{#1 excess:1/8} too long
2026-01-15 13:58:00,745 INFO [Pirates-of-the-Caribbean-intermediate#1]          StackRhythm.java:224  | S1 MeasureStack#4 no correct rhythm
2026-01-15 13:58:00,747 INFO [Pirates-of-the-Caribbean-intermediate#1]        MeasureRhythm.java:1045 | Measure{#6} No timeOffset for HeadChordInter#8221{(0.924/0.924) staff:1 slot#5 dur:1/4}
2026-01-15 13:58:00,747 INFO [Pirates-of-the-Caribbean-intermediate#1]                Voice.java:257  | Measure{#6} Voice{#1 excess:1/8} too long
2026-01-15 13:58:00,748 INFO [Pirates-of-the-Caribbean-intermediate#1]          StackRhythm.java:224  | S1 MeasureStack#6 no correct rhythm
2026-01-15 13:58:00,749 INFO [Pirates-of-the-Caribbean-intermediate#1]        MeasureRhythm.java:1045 | Measure{#7} No timeOffset for HeadChordInter#8225{(0.941/0.941) staff:1 slot#5 dur:1/4}
2026-01-15 13:58:00,749 INFO [Pirates-of-the-Caribbean-intermediate#1]          StackRhythm.java:224  | S1 MeasureStack#7 no correct rhythm
2026-01-15 13:58:00,751 INFO [Pirates-of-the-Caribbean-intermediate#1]        MeasureRhythm.java:1045 | Measure{#8} No timeOffset for HeadChordInter#8234{(0.948/0.948) staff:3 slot#5 dur:1/4}
2026-01-15 13:58:00,752 INFO [Pirates-of-the-Caribbean-intermediate#1]          StackRhythm.java:224  | S2 MeasureStack#8 no correct rhythm
2026-01-15 13:58:00,753 INFO [Pirates-of-the-Caribbean-intermediate#1]        MeasureRhythm.java:1045 | Measure{#9} No timeOffset for HeadChordInter#8238{(0.925/0.925) staff:3 slot#5 dur:1/4}
2026-01-15 13:58:00,753 INFO [Pirates-of-the-Caribbean-intermediate#1]          StackRhythm.java:224  | S2 MeasureStack#9 no correct rhythm
2026-01-15 13:58:00,754 INFO [Pirates-of-the-Caribbean-intermediate#1]        MeasureRhythm.java:1045 | Measure{#10} No timeOffset for HeadChordInter#8242{(0.911/0.911) staff:3 slot#5 dur:1/4}
2026-01-15 13:58:00,754 INFO [Pirates-of-the-Caribbean-intermediate#1]          StackRhythm.java:224  | S2 MeasureStack#10 no correct rhythm
2026-01-15 13:58:00,755 INFO [Pirates-of-the-Caribbean-intermediate#1]        MeasureRhythm.java:1045 | Measure{#11} No timeOffset for HeadChordInter#8246{(0.951/0.951) staff:3 slot#5 dur:1/4}
2026-01-15 13:58:00,756 INFO [Pirates-of-the-Caribbean-intermediate#1]          StackRhythm.java:224  | S2 MeasureStack#11 no correct rhythm
2026-01-15 13:58:00,756 INFO [Pirates-of-the-Caribbean-intermediate#1]        MeasureRhythm.java:1045 | Measure{#12} No timeOffset for HeadChordInter#8250{(0.947/0.947) staff:3 slot#5 dur:1/4}
2026-01-15 13:58:00,757 INFO [Pirates-of-the-Caribbean-intermediate#1]          StackRhythm.java:224  | S2 MeasureStack#12 no correct rhythm
2026-01-15 13:58:00,757 INFO [Pirates-of-the-Caribbean-intermediate#1]        MeasureRhythm.java:1045 | Measure{#13} No timeOffset for HeadChordInter#8254{(0.903/0.903) staff:3 slot#5 dur:1/4}
2026-01-15 13:58:00,758 INFO [Pirates-of-the-Caribbean-intermediate#1]          StackRhythm.java:224  | S2 MeasureStack#13 no correct rhythm
2026-01-15 13:58:00,759 INFO [Pirates-of-the-Caribbean-intermediate#1]        MeasureRhythm.java:1045 | Measure{#14} No timeOffset for HeadChordInter#8257{(0.911/0.911) staff:3 slot#5 dur:1/4}
2026-01-15 13:58:00,759 INFO [Pirates-of-the-Caribbean-intermediate#1]          StackRhythm.java:224  | S2 MeasureStack#14 no correct rhythm
2026-01-15 13:58:00,760 INFO [Pirates-of-the-Caribbean-intermediate#1]        MeasureRhythm.java:1045 | Measure{#15} No timeOffset for HeadChordInter#8276{(0.949/0.949) staff:5 slot#5 dur:1/4}
2026-01-15 13:58:00,760 INFO [Pirates-of-the-Caribbean-intermediate#1]          StackRhythm.java:224  | S3 MeasureStack#15 no correct rhythm
2026-01-15 13:58:00,761 INFO [Pirates-of-the-Caribbean-intermediate#1]        MeasureRhythm.java:1045 | Measure{#16} No timeOffset for HeadChordInter#8280{(0.955/0.955) staff:5 slot#5 dur:1/4}
2026-01-15 13:58:00,761 INFO [Pirates-of-the-Caribbean-intermediate#1]          StackRhythm.java:224  | S3 MeasureStack#16 no correct rhythm
2026-01-15 13:58:00,761 INFO [Pirates-of-the-Caribbean-intermediate#1]        MeasureRhythm.java:1045 | Measure{#17} No timeOffset for HeadChordInter#8284{(0.924/0.924) staff:5 slot#5 dur:1/4}
2026-01-15 13:58:00,763 INFO [Pirates-of-the-Caribbean-intermediate#1]          StackRhythm.java:224  | S3 MeasureStack#17 no correct rhythm
2026-01-15 13:58:00,764 INFO [Pirates-of-the-Caribbean-intermediate#1]        MeasureRhythm.java:1045 | Measure{#18} No timeOffset for HeadChordInter#8288{(0.918/0.918) staff:5 slot#5 dur:1/4}
2026-01-15 13:58:00,766 INFO [Pirates-of-the-Caribbean-intermediate#1]          StackRhythm.java:224  | S3 MeasureStack#18 no correct rhythm
2026-01-15 13:58:00,768 INFO [Pirates-of-the-Caribbean-intermediate#1]        MeasureRhythm.java:1045 | Measure{#20} No timeOffset for HeadChordInter#8295{(0.918/0.918) staff:5 slot#5 dur:1/4}
2026-01-15 13:58:00,768 INFO [Pirates-of-the-Caribbean-intermediate#1]          StackRhythm.java:224  | S3 MeasureStack#20 no correct rhythm
2026-01-15 13:58:00,770 INFO [Pirates-of-the-Caribbean-intermediate#1]                Voice.java:257  | Measure{#22} Voice{#1 excess:1/8} too long
2026-01-15 13:58:00,771 INFO [Pirates-of-the-Caribbean-intermediate#1]          StackRhythm.java:224  | S4 MeasureStack#22 no correct rhythm
2026-01-15 13:58:00,771 INFO [Pirates-of-the-Caribbean-intermediate#1]        MeasureRhythm.java:1045 | Measure{#23} No timeOffset for HeadChordInter#8320{(0.951/0.951) staff:7 slot#5 dur:1/4}
2026-01-15 13:58:00,772 INFO [Pirates-of-the-Caribbean-intermediate#1]          StackRhythm.java:224  | S4 MeasureStack#23 no correct rhythm
2026-01-15 13:58:00,772 INFO [Pirates-of-the-Caribbean-intermediate#1]        MeasureRhythm.java:1045 | Measure{#24} No timeOffset for HeadChordInter#8324{(0.937/0.937) staff:7 slot#5 dur:1/4}
2026-01-15 13:58:00,772 INFO [Pirates-of-the-Caribbean-intermediate#1]          StackRhythm.java:224  | S4 MeasureStack#24 no correct rhythm
2026-01-15 13:58:00,773 INFO [Pirates-of-the-Caribbean-intermediate#1]        MeasureRhythm.java:1045 | Measure{#25} No timeOffset for HeadChordInter#8328{(0.936/0.936) staff:7 slot#5 dur:1/4}
2026-01-15 13:58:00,774 INFO [Pirates-of-the-Caribbean-intermediate#1]          StackRhythm.java:224  | S4 MeasureStack#25 no correct rhythm
2026-01-15 13:58:00,774 INFO [Pirates-of-the-Caribbean-intermediate#1]        MeasureRhythm.java:1045 | Measure{#26} No timeOffset for HeadChordInter#8332{(0.923/0.923) staff:7 slot#5 dur:1/4}
2026-01-15 13:58:00,774 INFO [Pirates-of-the-Caribbean-intermediate#1]          StackRhythm.java:224  | S4 MeasureStack#26 no correct rhythm
2026-01-15 13:58:00,774 INFO [Pirates-of-the-Caribbean-intermediate#1]        MeasureRhythm.java:1045 | Measure{#27} No timeOffset for HeadChordInter#8336{(0.935/0.935) staff:7 slot#5 dur:1/4}
2026-01-15 13:58:00,774 INFO [Pirates-of-the-Caribbean-intermediate#1]          StackRhythm.java:224  | S4 MeasureStack#27 no correct rhythm
2026-01-15 13:58:00,776 INFO [Pirates-of-the-Caribbean-intermediate#1]        MeasureRhythm.java:1045 | Measure{#28} No timeOffset for HeadChordInter#8340{(0.948/0.948) staff:7 slot#5 dur:1/4}
2026-01-15 13:58:00,776 INFO [Pirates-of-the-Caribbean-intermediate#1]          StackRhythm.java:224  | S4 MeasureStack#28 no correct rhythm
2026-01-15 13:58:00,777 INFO [Pirates-of-the-Caribbean-intermediate#1]        MeasureRhythm.java:1045 | Measure{#29} No timeOffset for HeadChordInter#8359{(0.918/0.918) staff:9 slot#5 dur:1/4}
2026-01-15 13:58:00,777 INFO [Pirates-of-the-Caribbean-intermediate#1]          StackRhythm.java:224  | S5 MeasureStack#29 no correct rhythm
2026-01-15 13:58:00,778 INFO [Pirates-of-the-Caribbean-intermediate#1]        MeasureRhythm.java:1045 | Measure{#30} No timeOffset for HeadChordInter#8362{(0.918/0.918) staff:9 slot#5 dur:1/4}
2026-01-15 13:58:00,778 INFO [Pirates-of-the-Caribbean-intermediate#1]          StackRhythm.java:224  | S5 MeasureStack#30 no correct rhythm
2026-01-15 13:58:00,778 INFO [Pirates-of-the-Caribbean-intermediate#1]        MeasureRhythm.java:1045 | Measure{#31} No timeOffset for HeadChordInter#8366{(0.938/0.938) staff:9 slot#5 dur:1/4}
2026-01-15 13:58:00,779 INFO [Pirates-of-the-Caribbean-intermediate#1]          StackRhythm.java:224  | S5 MeasureStack#31 no correct rhythm
2026-01-15 13:58:00,780 INFO [Pirates-of-the-Caribbean-intermediate#1]        MeasureRhythm.java:1045 | Measure{#32} No timeOffset for HeadChordInter#8370{(0.920/0.920) staff:9 slot#5 dur:1/4}
2026-01-15 13:58:00,780 INFO [Pirates-of-the-Caribbean-intermediate#1]          StackRhythm.java:224  | S5 MeasureStack#32 no correct rhythm
2026-01-15 13:58:00,781 INFO [Pirates-of-the-Caribbean-intermediate#1]        MeasureRhythm.java:1045 | Measure{#33} No timeOffset for HeadChordInter#8374{(0.939/0.939) staff:9 slot#5 dur:1/4}
2026-01-15 13:58:00,781 INFO [Pirates-of-the-Caribbean-intermediate#1]          StackRhythm.java:224  | S5 MeasureStack#33 no correct rhythm
2026-01-15 13:58:00,782 INFO [Pirates-of-the-Caribbean-intermediate#1]        MeasureRhythm.java:1045 | Measure{#34} No timeOffset for HeadChordInter#8378{(0.929/0.929) staff:9 slot#5 dur:1/4}
2026-01-15 13:58:00,782 INFO [Pirates-of-the-Caribbean-intermediate#1]          StackRhythm.java:224  | S5 MeasureStack#34 no correct rhythm
2026-01-15 13:58:00,783 INFO [Pirates-of-the-Caribbean-intermediate#1]        MeasureRhythm.java:1045 | Measure{#36} No timeOffset for HeadChordInter#8400{(0.870/0.870) staff:11 slot#5 dur:1/4}
2026-01-15 13:58:00,783 INFO [Pirates-of-the-Caribbean-intermediate#1]          StackRhythm.java:224  | S6 MeasureStack#36 no correct rhythm
2026-01-15 13:58:00,784 INFO [Pirates-of-the-Caribbean-intermediate#1]        MeasureRhythm.java:1045 | Measure{#37} No timeOffset for HeadChordInter#8404{(0.903/0.903) staff:11 slot#5 dur:1/4}
2026-01-15 13:58:00,784 INFO [Pirates-of-the-Caribbean-intermediate#1]          StackRhythm.java:224  | S6 MeasureStack#37 no correct rhythm
2026-01-15 13:58:00,786 INFO [Pirates-of-the-Caribbean-intermediate#1]        MeasureRhythm.java:1045 | Measure{#40} No timeOffset for HeadChordInter#8415{(0.916/0.916) staff:11 slot#5 dur:1/4}
2026-01-15 13:58:00,786 INFO [Pirates-of-the-Caribbean-intermediate#1]          StackRhythm.java:224  | S6 MeasureStack#40 no correct rhythm
2026-01-15 13:58:00,787 INFO [Pirates-of-the-Caribbean-intermediate#1]                Voice.java:257  | Measure{#42} Voice{#1 excess:1/8} too long
2026-01-15 13:58:00,788 INFO [Pirates-of-the-Caribbean-intermediate#1]          StackRhythm.java:224  | S6 MeasureStack#42 no correct rhythm
2026-01-15 13:58:00,788 INFO [Pirates-of-the-Caribbean-intermediate#1]       StepMonitoring.java:98   | PAGE
2026-01-15 13:58:00,791 INFO [Pirates-of-the-Caribbean-intermediate#1]                Voice.java:257  | Measure{#2} Voice{#1 excess:1/8} too long
2026-01-15 13:58:00,791 INFO [Pirates-of-the-Caribbean-intermediate#1]                Voice.java:257  | Measure{#4} Voice{#1 excess:1/8} too long
2026-01-15 13:58:00,792 INFO [Pirates-of-the-Caribbean-intermediate#1]                Voice.java:257  | Measure{#6} Voice{#1 excess:1/8} too long
2026-01-15 13:58:00,792 INFO [Pirates-of-the-Caribbean-intermediate#1]                Voice.java:257  | Measure{#22} Voice{#1 excess:1/8} too long
2026-01-15 13:58:00,793 INFO [Pirates-of-the-Caribbean-intermediate#1]                Voice.java:257  | Measure{#42} Voice{#1 excess:1/8} too long
2026-01-15 13:58:00,793 INFO [Pirates-of-the-Caribbean-intermediate#1]                 Book.java:2547 | Book{Pirates-of-the-Caribbean-intermediate} storing
2026-01-15 13:58:00,843 INFO [Pirates-of-the-Caribbean-intermediate#1]                 Book.java:2528 | Stored /book.xml
2026-01-15 13:58:00,926 INFO [Pirates-of-the-Caribbean-intermediate#1]           DataHolder.java:348  | Stored /sheet#1/BINARY.png
2026-01-15 13:58:01,427 INFO [Pirates-of-the-Caribbean-intermediate#1]                Sheet.java:1583 | Stored /sheet#1/sheet#1.xml
2026-01-15 13:58:01,427 INFO [Pirates-of-the-Caribbean-intermediate#1]                 Book.java:2488 | Book stored as C:\programing\notebeepedison\AudiverisOutput\Pirates-of-the-Caribbean-intermediate.omr
2026-01-15 13:58:01,430 INFO [Pirates-of-the-Caribbean-intermediate#1]            SheetStub.java:1660 | Disposed sheet#1
2026-01-15 13:58:01,479 INFO [Pirates-of-the-Caribbean-intermediate#1]                 Book.java:2015 | End of Stub#1 memory: 38,475,152
2026-01-15 13:58:01,479 INFO [Pirates-of-the-Caribbean-intermediate#2]       StepMonitoring.java:98   | LOAD
2026-01-15 13:58:01,507 INFO [Pirates-of-the-Caribbean-intermediate#2]            SheetStub.java:1273 | Loaded image #2 2479x3508 from C:\programing\notebeepedison\notes\Pirates-of-the-Caribbean-intermediate.pdf
2026-01-15 13:58:01,507 INFO [Pirates-of-the-Caribbean-intermediate#2]       StepMonitoring.java:98   | BINARY
2026-01-15 13:58:01,770 INFO [Pirates-of-the-Caribbean-intermediate#2]       StepMonitoring.java:98   | SCALE
2026-01-15 13:58:01,790 INFO [Pirates-of-the-Caribbean-intermediate#2]         ScaleBuilder.java:241  | Beam  guessed height: 10 -- 0.50 of 19 interline
2026-01-15 13:58:01,790 INFO [Pirates-of-the-Caribbean-intermediate#2]         ScaleBuilder.java:264  | Beam measured height: 18 -- 0.93 of [5..19] range at 145% of needed quorum
2026-01-15 13:58:01,790 INFO [Pirates-of-the-Caribbean-intermediate#2]            ScaleStep.java:65   | Scale{ interline(19,19,20) line(2,2,3) beam(18)}
2026-01-15 13:58:01,790 INFO [Pirates-of-the-Caribbean-intermediate#2]       StepMonitoring.java:98   | GRID
2026-01-15 13:58:01,907 INFO [Pirates-of-the-Caribbean-intermediate#2]       LinesRetriever.java:1500 | Global slope: 0.00000
2026-01-15 13:58:01,920 INFO [Pirates-of-the-Caribbean-intermediate#2]    ClustersRetriever.java:328  | Retrieved raw line clusters: 14 of sizes [5] with interline(19,19,20)
2026-01-15 13:58:02,030 INFO [Pirates-of-the-Caribbean-intermediate#2]            PeakGraph.java:310  | Systems: #1[1, 2] #2[3, 4] #3[5, 6] #4[7, 8] #5[9, 10] #6[11, 12] #7[13, 14]
2026-01-15 13:58:02,131 INFO [Pirates-of-the-Caribbean-intermediate#2]        SystemManager.java:779  | 1 part along 7 systems
2026-01-15 13:58:02,132 INFO [Pirates-of-the-Caribbean-intermediate#2]       StepMonitoring.java:98   | HEADERS
2026-01-15 13:58:02,327 INFO [Pirates-of-the-Caribbean-intermediate#2]       StepMonitoring.java:98   | STEM_SEEDS
2026-01-15 13:58:02,354 INFO [Pirates-of-the-Caribbean-intermediate#2]        StemSeedsStep.java:86   | stem(2 max:3)
2026-01-15 13:58:02,360 INFO [Pirates-of-the-Caribbean-intermediate#2]       StepMonitoring.java:98   | BEAMS
2026-01-15 13:58:06,664 INFO [Pirates-of-the-Caribbean-intermediate#2]       StepMonitoring.java:98   | LEDGERS
2026-01-15 13:58:06,729 INFO [Pirates-of-the-Caribbean-intermediate#2]       StepMonitoring.java:98   | HEADS
2026-01-15 13:58:11,182 INFO [Pirates-of-the-Caribbean-intermediate#2]        HeadSeedTally.java:235  | Scale information: HeadSeeds{NOTEHEAD_VOID[R:-0.4] NOTEHEAD_BLACK[L:-0.4,R:-0.4]}
2026-01-15 13:58:11,183 INFO [Pirates-of-the-Caribbean-intermediate#2]       StepMonitoring.java:98   | STEMS
2026-01-15 13:58:11,513 INFO [Pirates-of-the-Caribbean-intermediate#2]       StepMonitoring.java:98   | REDUCTION
2026-01-15 13:58:11,613 INFO [Pirates-of-the-Caribbean-intermediate#2]        ReductionStep.java:105  | Stems free length median value: 68 pixels, 3.6 interlines
2026-01-15 13:58:11,617 INFO [Pirates-of-the-Caribbean-intermediate#2]       StepMonitoring.java:98   | CUE_BEAMS
2026-01-15 13:58:11,617 INFO [Pirates-of-the-Caribbean-intermediate#2]         CueBeamsStep.java:81   | Step CUE_BEAMS is skipped because small heads switch is off
2026-01-15 13:58:11,617 INFO [Pirates-of-the-Caribbean-intermediate#2]       StepMonitoring.java:98   | TEXTS
2026-01-15 13:58:11,718 WARN [Pirates-of-the-Caribbean-intermediate#2]         TesseractOCR.java:335  | The collection of supported languages is empty
2026-01-15 13:58:11,719 INFO [Pirates-of-the-Caribbean-intermediate#2]              OcrUtil.java:106  | Missing support for 'eng' language(s)
2026-01-15 13:58:11,720 INFO [Pirates-of-the-Caribbean-intermediate#2]       StepMonitoring.java:98   | MEASURES
2026-01-15 13:58:11,723 INFO [Pirates-of-the-Caribbean-intermediate#2]                 Page.java:307  | 44 raw measures: [7 in system#1, 7 in system#2, 7 in system#3, 7 in system#4, 7 in system#5, 4 in system#6, 5 in system#7]
2026-01-15 13:58:11,723 INFO [Pirates-of-the-Caribbean-intermediate#2]       StepMonitoring.java:98   | CHORDS
2026-01-15 13:58:11,730 INFO [Pirates-of-the-Caribbean-intermediate#2]       StepMonitoring.java:98   | CURVES
2026-01-15 13:58:12,121 INFO [Pirates-of-the-Caribbean-intermediate#2]         SlursBuilder.java:240  | Slurs: 1
2026-01-15 13:58:12,130 INFO [Pirates-of-the-Caribbean-intermediate#2]      SegmentsBuilder.java:155  | Segments: 23
2026-01-15 13:58:12,130 INFO [Pirates-of-the-Caribbean-intermediate#2]       StepMonitoring.java:98   | SYMBOLS
2026-01-15 13:58:12,383 INFO [Pirates-of-the-Caribbean-intermediate#2]       StepMonitoring.java:98   | LINKS
2026-01-15 13:58:12,414 INFO [Pirates-of-the-Caribbean-intermediate#2]        SymbolsLinker.java:258  | No chord linked to OctaveShiftInter#9414{(0.744) staff:10 OTTAVA BASSA}
2026-01-15 13:58:12,419 INFO [Pirates-of-the-Caribbean-intermediate#2]        SymbolsLinker.java:258  | No chord linked to OctaveShiftInter#9468{(0.744) staff:11 OTTAVA ALTA}
2026-01-15 13:58:12,426 INFO [Pirates-of-the-Caribbean-intermediate#2]       StepMonitoring.java:98   | RHYTHMS
2026-01-15 13:58:12,427 INFO [Pirates-of-the-Caribbean-intermediate#2]           PageRhythm.java:199  | {Page#2.1} Time value reused from sheet#1
2026-01-15 13:58:12,430 INFO [Pirates-of-the-Caribbean-intermediate#2]        MeasureRhythm.java:1045 | Measure{#3} No timeOffset for HeadChordInter#8505{(0.917/0.917) staff:1 slot#5 dur:1/4}
2026-01-15 13:58:12,430 INFO [Pirates-of-the-Caribbean-intermediate#2]          StackRhythm.java:224  | S1 MeasureStack#3 no correct rhythm
2026-01-15 13:58:12,431 INFO [Pirates-of-the-Caribbean-intermediate#2]        MeasureRhythm.java:1045 | Measure{#5} No timeOffset for HeadChordInter#8531{(0.960/0.960) staff:2 slot#6 dur:1/4}
2026-01-15 13:58:12,431 INFO [Pirates-of-the-Caribbean-intermediate#2]                Voice.java:257  | Measure{#5} Voice{#5 excess:1/8} too long
2026-01-15 13:58:12,431 INFO [Pirates-of-the-Caribbean-intermediate#2]          StackRhythm.java:224  | S1 MeasureStack#5 no correct rhythm
2026-01-15 13:58:12,433 INFO [Pirates-of-the-Caribbean-intermediate#2]        MeasureRhythm.java:1045 | Measure{#7} No timeOffset for HeadChordInter#8538{(0.955/0.955) staff:2 slot#6 dur:1/4}
2026-01-15 13:58:12,433 INFO [Pirates-of-the-Caribbean-intermediate#2]                Voice.java:257  | Measure{#7} Voice{#5 excess:1/8} too long
2026-01-15 13:58:12,433 INFO [Pirates-of-the-Caribbean-intermediate#2]          StackRhythm.java:224  | S1 MeasureStack#7 no correct rhythm
2026-01-15 13:58:12,434 INFO [Pirates-of-the-Caribbean-intermediate#2]        MeasureRhythm.java:1045 | Measure{#9} No timeOffset for HeadChordInter#8565{(0.960/0.960) staff:4 slot#6 dur:1/4}
2026-01-15 13:58:12,435 INFO [Pirates-of-the-Caribbean-intermediate#2]                Voice.java:257  | Measure{#9} Voice{#5 excess:1/8} too long
2026-01-15 13:58:12,435 INFO [Pirates-of-the-Caribbean-intermediate#2]          StackRhythm.java:224  | S2 MeasureStack#9 no correct rhythm
2026-01-15 13:58:12,436 INFO [Pirates-of-the-Caribbean-intermediate#2]        MeasureRhythm.java:1045 | Measure{#11} No timeOffset for HeadChordInter#8549{(0.917/0.917) staff:3 slot#5 dur:1/4}
2026-01-15 13:58:12,436 INFO [Pirates-of-the-Caribbean-intermediate#2]          StackRhythm.java:224  | S2 MeasureStack#11 no correct rhythm
2026-01-15 13:58:12,436 INFO [Pirates-of-the-Caribbean-intermediate#2]        MeasureRhythm.java:1045 | Measure{#12} No timeOffset for HeadChordInter#8552{(0.936/0.936) staff:3 slot#5 dur:1/4}
2026-01-15 13:58:12,437 INFO [Pirates-of-the-Caribbean-intermediate#2]          StackRhythm.java:224  | S2 MeasureStack#12 no correct rhythm
2026-01-15 13:58:12,438 INFO [Pirates-of-the-Caribbean-intermediate#2]        MeasureRhythm.java:1045 | Measure{#15} No timeOffset for HeadChordInter#8580{(0.914/0.914) staff:5 slot#5 dur:1/4}
2026-01-15 13:58:12,438 INFO [Pirates-of-the-Caribbean-intermediate#2]          StackRhythm.java:224  | S3 MeasureStack#15 no correct rhythm
2026-01-15 13:58:12,439 INFO [Pirates-of-the-Caribbean-intermediate#2]        MeasureRhythm.java:1045 | Measure{#16} No timeOffset for HeadChordInter#8583{(0.926/0.926) staff:5 slot#5 dur:1/4}
2026-01-15 13:58:12,439 INFO [Pirates-of-the-Caribbean-intermediate#2]          StackRhythm.java:224  | S3 MeasureStack#16 no correct rhythm
2026-01-15 13:58:12,439 INFO [Pirates-of-the-Caribbean-intermediate#2]        MeasureRhythm.java:1045 | Measure{#18} No timeOffset for HeadChordInter#8589{(0.917/0.917) staff:5 slot#5 dur:1/4}
2026-01-15 13:58:12,439 INFO [Pirates-of-the-Caribbean-intermediate#2]          StackRhythm.java:224  | S3 MeasureStack#18 no correct rhythm
2026-01-15 13:58:12,441 INFO [Pirates-of-the-Caribbean-intermediate#2]        MeasureRhythm.java:1045 | Measure{#19} No timeOffset for HeadChordInter#8592{(0.925/0.925) staff:5 slot#5 dur:1/4}
2026-01-15 13:58:12,441 INFO [Pirates-of-the-Caribbean-intermediate#2]          StackRhythm.java:224  | S3 MeasureStack#19 no correct rhythm
2026-01-15 13:58:12,441 INFO [Pirates-of-the-Caribbean-intermediate#2]                Voice.java:257  | Measure{#20} Voice{#1 excess:1/8} too long
2026-01-15 13:58:12,442 INFO [Pirates-of-the-Caribbean-intermediate#2]          StackRhythm.java:224  | S3 MeasureStack#20 no correct rhythm
2026-01-15 13:58:12,443 INFO [Pirates-of-the-Caribbean-intermediate#2]        MeasureRhythm.java:1045 | Measure{#23} No timeOffset for HeadChordInter#8623{(0.929/0.929) staff:7 slot#5 dur:1/4}
2026-01-15 13:58:12,443 INFO [Pirates-of-the-Caribbean-intermediate#2]          StackRhythm.java:224  | S4 MeasureStack#23 no correct rhythm
2026-01-15 13:58:12,445 INFO [Pirates-of-the-Caribbean-intermediate#2]        MeasureRhythm.java:1045 | Measure{#26} No timeOffset for HeadChordInter#8632{(0.890/0.890) staff:7 slot#5 dur:1/4}
2026-01-15 13:58:12,445 INFO [Pirates-of-the-Caribbean-intermediate#2]          StackRhythm.java:224  | S4 MeasureStack#26 no correct rhythm
2026-01-15 13:58:12,445 INFO [Pirates-of-the-Caribbean-intermediate#2]        MeasureRhythm.java:1045 | Measure{#27} No timeOffset for HeadChordInter#8635{(0.913/0.913) staff:7 slot#5 dur:1/4}
2026-01-15 13:58:12,446 INFO [Pirates-of-the-Caribbean-intermediate#2]          StackRhythm.java:224  | S4 MeasureStack#27 no correct rhythm
2026-01-15 13:58:12,446 INFO [Pirates-of-the-Caribbean-intermediate#2]        MeasureRhythm.java:1045 | Measure{#28} No timeOffset for HeadChordInter#8656{(0.959/0.959) staff:8 slot#5 dur:1/4}
2026-01-15 13:58:12,446 INFO [Pirates-of-the-Caribbean-intermediate#2]                Voice.java:257  | Measure{#28} Voice{#5 excess:1/8} too long
2026-01-15 13:58:12,446 INFO [Pirates-of-the-Caribbean-intermediate#2]          StackRhythm.java:224  | S4 MeasureStack#28 no correct rhythm
2026-01-15 13:58:12,447 INFO [Pirates-of-the-Caribbean-intermediate#2]        MeasureRhythm.java:1045 | Measure{#29} No timeOffset for HeadChordInter#8676{(0.951/0.951) staff:10 slot#5 dur:1/4}
2026-01-15 13:58:12,447 INFO [Pirates-of-the-Caribbean-intermediate#2]                Voice.java:257  | Measure{#29} Voice{#5 excess:1/8} too long
2026-01-15 13:58:12,448 INFO [Pirates-of-the-Caribbean-intermediate#2]          StackRhythm.java:224  | S5 MeasureStack#29 no correct rhythm
2026-01-15 13:58:12,449 INFO [Pirates-of-the-Caribbean-intermediate#2]        MeasureRhythm.java:1045 | Measure{#31} No timeOffset for HeadChordInter#8683{(0.957/0.957) staff:10 slot#6 dur:1/4}
2026-01-15 13:58:12,449 INFO [Pirates-of-the-Caribbean-intermediate#2]                Voice.java:257  | Measure{#31} Voice{#5 excess:1/8} too long
2026-01-15 13:58:12,449 INFO [Pirates-of-the-Caribbean-intermediate#2]          StackRhythm.java:224  | S5 MeasureStack#31 no correct rhythm
2026-01-15 13:58:12,449 INFO [Pirates-of-the-Caribbean-intermediate#2]        MeasureRhythm.java:1045 | Measure{#32} No timeOffset for HeadChordInter#8688{(0.962/0.962) staff:10 slot#5 dur:1/4}
2026-01-15 13:58:12,450 INFO [Pirates-of-the-Caribbean-intermediate#2]                Voice.java:257  | Measure{#32} Voice{#5 excess:1/8} too long
2026-01-15 13:58:12,450 INFO [Pirates-of-the-Caribbean-intermediate#2]          StackRhythm.java:224  | S5 MeasureStack#32 no correct rhythm
2026-01-15 13:58:12,450 INFO [Pirates-of-the-Caribbean-intermediate#2]        MeasureRhythm.java:1045 | Measure{#33} No timeOffset for HeadChordInter#8693{(0.956/0.956) staff:10 slot#5 dur:1/4}
2026-01-15 13:58:12,450 INFO [Pirates-of-the-Caribbean-intermediate#2]                Voice.java:257  | Measure{#33} Voice{#5 excess:1/8} too long
2026-01-15 13:58:12,450 INFO [Pirates-of-the-Caribbean-intermediate#2]          StackRhythm.java:224  | S5 MeasureStack#33 no correct rhythm
2026-01-15 13:58:12,451 INFO [Pirates-of-the-Caribbean-intermediate#2]        MeasureRhythm.java:1045 | Measure{#35} No timeOffset for HeadChordInter#8671{(0.911/0.911) staff:9 slot#5 dur:1/4}
2026-01-15 13:58:12,451 INFO [Pirates-of-the-Caribbean-intermediate#2]                Voice.java:257  | Measure{#35} Voice{#1 excess:1/8} too long
2026-01-15 13:58:12,451 INFO [Pirates-of-the-Caribbean-intermediate#2]          StackRhythm.java:224  | S5 MeasureStack#35 no correct rhythm
2026-01-15 13:58:12,451 INFO [Pirates-of-the-Caribbean-intermediate#2]        MeasureRhythm.java:1045 | Measure{#36} No timeOffset for HeadChordInter#8702{(0.927/0.927) staff:11 slot#5 dur:1/4}
2026-01-15 13:58:12,451 INFO [Pirates-of-the-Caribbean-intermediate#2]                Voice.java:257  | Measure{#36} Voice{#1 excess:1/8} too long
2026-01-15 13:58:12,451 INFO [Pirates-of-the-Caribbean-intermediate#2]          StackRhythm.java:224  | S6 MeasureStack#36 no correct rhythm
2026-01-15 13:58:12,453 INFO [Pirates-of-the-Caribbean-intermediate#2]        MeasureRhythm.java:1045 | Measure{#37} No timeOffset for HeadChordInter#8706{(0.927/0.927) staff:11 slot#5 dur:1/4}
2026-01-15 13:58:12,453 INFO [Pirates-of-the-Caribbean-intermediate#2]                Voice.java:257  | Measure{#37} Voice{#1 excess:1/8} too long
2026-01-15 13:58:12,453 INFO [Pirates-of-the-Caribbean-intermediate#2]          StackRhythm.java:224  | S6 MeasureStack#37 no correct rhythm
2026-01-15 13:58:12,453 INFO [Pirates-of-the-Caribbean-intermediate#2]        MeasureRhythm.java:1045 | Measure{#39} No timeOffset for HeadChordInter#8724{(0.962/0.962) staff:12 slot#6 dur:1/4}
2026-01-15 13:58:12,454 INFO [Pirates-of-the-Caribbean-intermediate#2]                Voice.java:257  | Measure{#39} Voice{#5 excess:1/8} too long
2026-01-15 13:58:12,454 INFO [Pirates-of-the-Caribbean-intermediate#2]          StackRhythm.java:224  | S6 MeasureStack#39 no correct rhythm
2026-01-15 13:58:12,454 INFO [Pirates-of-the-Caribbean-intermediate#2]        MeasureRhythm.java:1045 | Measure{#40} No timeOffset for HeadChordInter#8736{(0.960/0.960) staff:14 slot#5 dur:1/4}
2026-01-15 13:58:12,454 INFO [Pirates-of-the-Caribbean-intermediate#2]                Voice.java:257  | Measure{#40} Voice{#5 excess:1/8} too long
2026-01-15 13:58:12,454 INFO [Pirates-of-the-Caribbean-intermediate#2]          StackRhythm.java:224  | S7 MeasureStack#40 no correct rhythm
2026-01-15 13:58:12,454 INFO [Pirates-of-the-Caribbean-intermediate#2]        MeasureRhythm.java:1045 | Measure{#41} No timeOffset for HeadChordInter#8741{(0.960/0.960) staff:14 slot#5 dur:1/4}
2026-01-15 13:58:12,454 INFO [Pirates-of-the-Caribbean-intermediate#2]                Voice.java:257  | Measure{#41} Voice{#5 excess:1/8} too long
2026-01-15 13:58:12,454 INFO [Pirates-of-the-Caribbean-intermediate#2]          StackRhythm.java:224  | S7 MeasureStack#41 no correct rhythm
2026-01-15 13:58:12,455 INFO [Pirates-of-the-Caribbean-intermediate#2]        MeasureRhythm.java:1045 | Measure{#43} No timeOffset for HeadChordInter#8747{(0.953/0.953) staff:14 slot#4 dur:1/4}
2026-01-15 13:58:12,455 INFO [Pirates-of-the-Caribbean-intermediate#2]                Voice.java:257  | Measure{#43} Voice{#5 excess:1/8} too long
2026-01-15 13:58:12,455 INFO [Pirates-of-the-Caribbean-intermediate#2]          StackRhythm.java:224  | S7 MeasureStack#43 no correct rhythm
2026-01-15 13:58:12,456 INFO [Pirates-of-the-Caribbean-intermediate#2]       StepMonitoring.java:98   | PAGE
2026-01-15 13:58:12,457 INFO [Pirates-of-the-Caribbean-intermediate#2]                Voice.java:257  | Measure{#5} Voice{#5 excess:1/8} too long
2026-01-15 13:58:12,458 INFO [Pirates-of-the-Caribbean-intermediate#2]                Voice.java:257  | Measure{#7} Voice{#5 excess:1/8} too long
2026-01-15 13:58:12,458 INFO [Pirates-of-the-Caribbean-intermediate#2]                Voice.java:257  | Measure{#9} Voice{#5 excess:1/8} too long
2026-01-15 13:58:12,458 INFO [Pirates-of-the-Caribbean-intermediate#2]                Voice.java:257  | Measure{#20} Voice{#1 excess:1/8} too long
2026-01-15 13:58:12,458 INFO [Pirates-of-the-Caribbean-intermediate#2]                Voice.java:257  | Measure{#28} Voice{#5 excess:1/8} too long
2026-01-15 13:58:12,458 INFO [Pirates-of-the-Caribbean-intermediate#2]                Voice.java:257  | Measure{#29} Voice{#5 excess:1/8} too long
2026-01-15 13:58:12,458 INFO [Pirates-of-the-Caribbean-intermediate#2]                Voice.java:257  | Measure{#31} Voice{#5 excess:1/8} too long
2026-01-15 13:58:12,458 INFO [Pirates-of-the-Caribbean-intermediate#2]                Voice.java:257  | Measure{#32} Voice{#5 excess:1/8} too long
2026-01-15 13:58:12,458 INFO [Pirates-of-the-Caribbean-intermediate#2]                Voice.java:257  | Measure{#33} Voice{#5 excess:1/8} too long
2026-01-15 13:58:12,459 INFO [Pirates-of-the-Caribbean-intermediate#2]                Voice.java:257  | Measure{#35} Voice{#1 excess:1/8} too long
2026-01-15 13:58:12,459 INFO [Pirates-of-the-Caribbean-intermediate#2]                Voice.java:257  | Measure{#36} Voice{#1 excess:1/8} too long
2026-01-15 13:58:12,459 INFO [Pirates-of-the-Caribbean-intermediate#2]                Voice.java:257  | Measure{#37} Voice{#1 excess:1/8} too long
2026-01-15 13:58:12,459 INFO [Pirates-of-the-Caribbean-intermediate#2]                Voice.java:257  | Measure{#39} Voice{#5 excess:1/8} too long
2026-01-15 13:58:12,459 INFO [Pirates-of-the-Caribbean-intermediate#2]                Voice.java:257  | Measure{#40} Voice{#5 excess:1/8} too long
2026-01-15 13:58:12,459 INFO [Pirates-of-the-Caribbean-intermediate#2]                Voice.java:257  | Measure{#41} Voice{#5 excess:1/8} too long
2026-01-15 13:58:12,459 INFO [Pirates-of-the-Caribbean-intermediate#2]                Voice.java:257  | Measure{#43} Voice{#5 excess:1/8} too long
2026-01-15 13:58:12,459 INFO [Pirates-of-the-Caribbean-intermediate#2]                 Book.java:2547 | Book{Pirates-of-the-Caribbean-intermediate} storing
2026-01-15 13:58:12,514 INFO [Pirates-of-the-Caribbean-intermediate#2]                 Book.java:2528 | Stored /book.xml
2026-01-15 13:58:12,567 INFO [Pirates-of-the-Caribbean-intermediate#2]           DataHolder.java:348  | Stored /sheet#2/BINARY.png
2026-01-15 13:58:12,904 INFO [Pirates-of-the-Caribbean-intermediate#2]                Sheet.java:1583 | Stored /sheet#2/sheet#2.xml
2026-01-15 13:58:12,904 INFO [Pirates-of-the-Caribbean-intermediate#2]                 Book.java:2488 | Book stored as C:\programing\notebeepedison\AudiverisOutput\Pirates-of-the-Caribbean-intermediate.omr
2026-01-15 13:58:12,909 INFO [Pirates-of-the-Caribbean-intermediate#2]            SheetStub.java:1660 | Disposed sheet#2
2026-01-15 13:58:12,953 INFO [Pirates-of-the-Caribbean-intermediate#2]                 Book.java:2015 | End of Stub#2 memory: 38,044,120
2026-01-15 13:58:12,953 INFO [Pirates-of-the-Caribbean-intermediate]                 Book.java:2022 | Book processed.
2026-01-15 13:58:13,317 INFO [Pirates-of-the-Caribbean-intermediate]            SheetStub.java:997  | Loaded /sheet#1/sheet#1.xml
2026-01-15 13:58:13,486 INFO [Pirates-of-the-Caribbean-intermediate]            SheetStub.java:997  | Loaded /sheet#2/sheet#2.xml
2026-01-15 13:58:13,709 INFO [Pirates-of-the-Caribbean-intermediate]      PartwiseBuilder.java:2688 | Exporting sheet(s): [#1#2]
2026-01-15 13:58:13,839 INFO [Pirates-of-the-Caribbean-intermediate]        ScoreExporter.java:164  | Score Pirates-of-the-Caribbean-intermediate exported to C:\programing\notebeepedison\AudiverisOutput\Pirates-of-the-Caribbean-intermediate.mxl
2026-01-15 13:58:13,884 INFO [Pirates-of-the-Caribbean-intermediate]                Score.java:181  | Closing {Score 1}
