2026-01-29 14:14:37,847 ERROR [Pirates-of-the-Caribbean-intermediate]              IOUtils.java:278  | Unmapping is not supported.
java.lang.reflect.InaccessibleObjectException: Unable to make public jdk.internal.ref.Cleaner java.nio.DirectByteBuffer.cleaner() accessible: module java.base does not "opens java.nio" to unnamed module @6283d8b8
	at java.base/java.lang.reflect.AccessibleObject.throwInaccessibleObjectException(Unknown Source)
	at java.base/java.lang.reflect.AccessibleObject.checkCanSetAccessible(Unknown Source)
	at java.base/java.lang.reflect.AccessibleObject.checkCanSetAccessible(Unknown Source)
	at java.base/java.lang.reflect.Method.checkCanSetAccessible(Unknown Source)
	at java.base/java.lang.reflect.Method.setAccessible(Unknown Source)
	at org.apache.pdfbox.io.IOUtils.unmapper(IOUtils.java:244)
	at java.base/java.security.AccessController.doPrivileged(Unknown Source)
	at org.apache.pdfbox.io.IOUtils.<clinit>(IOUtils.java:69)
	at org.apache.pdfbox.Loader.loadPDF(Loader.java:378)
	at org.audiveris.omr.image.ImageLoading.getPdfLoader(ImageLoading.java:159)
	at org.audiveris.omr.image.ImageLoading.getLoader(ImageLoading.java:209)
	at org.audiveris.omr.sheet.Book.createStubs(Book.java:554)
	at org.audiveris.omr.CLI$ProcessingTask.processBook(CLI.java:830)
	at org.audiveris.omr.CLI$CliTask.call(CLI.java:504)
	at org.audiveris.omr.Main.runBatchTasks(Main.java:371)
	at org.audiveris.omr.Main.main(Main.java:260)
	at Audiveris.main(Audiveris.java:50)
2026-01-29 14:14:37,870 INFO [Pirates-of-the-Caribbean-intermediate]                 Book.java:559  | 2 sheets in C:\programing\notebeepedison\notes\Pirates-of-the-Caribbean-intermediate.pdf
2026-01-29 14:14:37,970 INFO []                 Book.java:2528 | Stored /book.xml
2026-01-29 14:14:37,970 INFO []                 Book.java:2488 | Book stored as C:\programing\notebeepedison\AudiverisOutput\Pirates-of-the-Caribbean-intermediate.omr
2026-01-29 14:14:37,973 INFO []                 Book.java:1930 | Book reaching PAGE on sheets:[#1#2]
2026-01-29 14:14:37,975 INFO [Pirates-of-the-Caribbean-intermediate#1]       StepMonitoring.java:98   | LOAD
2026-01-29 14:14:38,327 INFO [Pirates-of-the-Caribbean-intermediate#1]            SheetStub.java:1273 | Loaded image #1 2479x3508 from C:\programing\notebeepedison\notes\Pirates-of-the-Caribbean-intermediate.pdf
2026-01-29 14:14:38,329 INFO [Pirates-of-the-Caribbean-intermediate#1]       StepMonitoring.java:98   | BINARY
2026-01-29 14:14:38,659 INFO [Pirates-of-the-Caribbean-intermediate#1]       StepMonitoring.java:98   | SCALE
2026-01-29 14:14:38,674 INFO [Pirates-of-the-Caribbean-intermediate#1]         ScaleBuilder.java:241  | Beam  guessed height: 10 -- 0.50 of 19 interline
2026-01-29 14:14:38,676 INFO [Pirates-of-the-Caribbean-intermediate#1]         ScaleBuilder.java:264  | Beam measured height: 18 -- 0.93 of [5..19] range at 155% of needed quorum
2026-01-29 14:14:38,676 INFO [Pirates-of-the-Caribbean-intermediate#1]            ScaleStep.java:65   | Scale{ interline(19,19,20) line(2,2,3) beam(18)}
2026-01-29 14:14:38,676 INFO [Pirates-of-the-Caribbean-intermediate#1]       StepMonitoring.java:98   | GRID
2026-01-29 14:14:39,022 INFO [Pirates-of-the-Caribbean-intermediate#1]       LinesRetriever.java:1500 | Global slope: 0.00000
2026-01-29 14:14:39,068 INFO [Pirates-of-the-Caribbean-intermediate#1]    ClustersRetriever.java:328  | Retrieved raw line clusters: 12 of sizes [5] with interline(19,19,20)
2026-01-29 14:14:39,237 INFO [Pirates-of-the-Caribbean-intermediate#1]            PeakGraph.java:310  | Systems: #1[1, 2] #2[3, 4] #3[5, 6] #4[7, 8] #5[9, 10] #6[11, 12]
2026-01-29 14:14:39,463 INFO [Pirates-of-the-Caribbean-intermediate#1]        SystemManager.java:779  | 1 part along 6 systems
2026-01-29 14:14:39,463 INFO [Pirates-of-the-Caribbean-intermediate#1]                 Book.java:542  | Created scores: [{Score 1}]
2026-01-29 14:14:39,464 INFO [Pirates-of-the-Caribbean-intermediate#1]       StepMonitoring.java:98   | HEADERS
2026-01-29 14:14:39,681 INFO [Pirates-of-the-Caribbean-intermediate#1]      BasicClassifier.java:286  | Classifier loaded XML norms.
2026-01-29 14:14:39,687 INFO [Pirates-of-the-Caribbean-intermediate#1]   AbstractClassifier.java:396  | Classifier data loaded from default uri jar:file:/C:/Program%20Files/Audiveris/app/audiveris.jar!/res/basic-classifier.zip
2026-01-29 14:14:40,516 INFO [Pirates-of-the-Caribbean-intermediate#1]       StepMonitoring.java:98   | STEM_SEEDS
2026-01-29 14:14:40,562 INFO [Pirates-of-the-Caribbean-intermediate#1]        StemSeedsStep.java:86   | stem(2 max:3)
2026-01-29 14:14:40,671 INFO [Pirates-of-the-Caribbean-intermediate#1]       StepMonitoring.java:98   | BEAMS
2026-01-29 14:14:48,091 INFO [Pirates-of-the-Caribbean-intermediate#1]       StepMonitoring.java:98   | LEDGERS
2026-01-29 14:14:48,330 INFO [Pirates-of-the-Caribbean-intermediate#1]       StepMonitoring.java:98   | HEADS
2026-01-29 14:14:52,239 INFO [Pirates-of-the-Caribbean-intermediate#1]        HeadSeedTally.java:235  | Scale information: HeadSeeds{NOTEHEAD_VOID[R:-0.3] NOTEHEAD_BLACK[L:-0.6,R:-0.4]}
2026-01-29 14:14:52,239 INFO [Pirates-of-the-Caribbean-intermediate#1]       StepMonitoring.java:98   | STEMS
2026-01-29 14:14:52,850 INFO [Pirates-of-the-Caribbean-intermediate#1]       StepMonitoring.java:98   | REDUCTION
2026-01-29 14:14:53,073 INFO [Pirates-of-the-Caribbean-intermediate#1]        ReductionStep.java:105  | Stems free length median value: 68 pixels, 3.6 interlines
2026-01-29 14:14:53,080 INFO [Pirates-of-the-Caribbean-intermediate#1]       StepMonitoring.java:98   | CUE_BEAMS
2026-01-29 14:14:53,081 INFO [Pirates-of-the-Caribbean-intermediate#1]         CueBeamsStep.java:81   | Step CUE_BEAMS is skipped because small heads switch is off
2026-01-29 14:14:53,081 INFO [Pirates-of-the-Caribbean-intermediate#1]       StepMonitoring.java:98   | TEXTS
2026-01-29 14:14:53,223 WARN [Pirates-of-the-Caribbean-intermediate#1]         TesseractOCR.java:335  | The collection of supported languages is empty
2026-01-29 14:14:53,224 INFO [Pirates-of-the-Caribbean-intermediate#1]              OcrUtil.java:106  | Missing support for 'eng' language(s)
2026-01-29 14:14:53,231 INFO [Pirates-of-the-Caribbean-intermediate#1]       StepMonitoring.java:98   | MEASURES
2026-01-29 14:14:53,241 INFO [Pirates-of-the-Caribbean-intermediate#1]                 Page.java:307  | 42 raw measures: [7 in system#1, 7 in system#2, 7 in system#3, 7 in system#4, 7 in system#5, 7 in system#6]
2026-01-29 14:14:53,242 INFO [Pirates-of-the-Caribbean-intermediate#1]       StepMonitoring.java:98   | CHORDS
2026-01-29 14:14:53,258 INFO [Pirates-of-the-Caribbean-intermediate#1]       StepMonitoring.java:98   | CURVES
2026-01-29 14:14:53,857 INFO [Pirates-of-the-Caribbean-intermediate#1]         SlursBuilder.java:240  | Slurs: 1
2026-01-29 14:14:53,871 INFO [Pirates-of-the-Caribbean-intermediate#1]      SegmentsBuilder.java:155  | Segments: 18
2026-01-29 14:14:53,876 INFO [Pirates-of-the-Caribbean-intermediate#1]       StepMonitoring.java:98   | SYMBOLS
2026-01-29 14:14:54,368 INFO [Pirates-of-the-Caribbean-intermediate#1]       StepMonitoring.java:98   | LINKS
2026-01-29 14:14:54,372 INFO [Pirates-of-the-Caribbean-intermediate#1]        SymbolsLinker.java:258  | No chord linked to OctaveShiftInter#9005{(0.288) staff:2 OTTAVA BASSA}
2026-01-29 14:14:54,373 INFO [Pirates-of-the-Caribbean-intermediate#1]        SymbolsLinker.java:258  | No chord linked to OctaveShiftInter#9036{(0.552) staff:1 OTTAVA ALTA}
2026-01-29 14:14:54,387 INFO [Pirates-of-the-Caribbean-intermediate#1]        SymbolsLinker.java:258  | No chord linked to OctaveShiftInter#9062{(0.288) staff:3 OTTAVA ALTA}
2026-01-29 14:14:54,394 INFO [Pirates-of-the-Caribbean-intermediate#1]        SymbolsLinker.java:258  | No chord linked to OctaveShiftInter#9099{(0.232) staff:6 VENTIDUESIMA BASSA}
2026-01-29 14:14:54,401 INFO [Pirates-of-the-Caribbean-intermediate#1]        SymbolsLinker.java:258  | No chord linked to OctaveShiftInter#9233{(0.232) staff:7 VENTIDUESIMA ALTA}
2026-01-29 14:14:54,412 INFO [Pirates-of-the-Caribbean-intermediate#1]       StepMonitoring.java:98   | RHYTHMS
2026-01-29 14:14:54,432 INFO [Pirates-of-the-Caribbean-intermediate#1]        MeasureRhythm.java:1045 | Measure{#2} No timeOffset for HeadChordInter#8205{(0.923/0.923) staff:1 slot#5 dur:1/4}
2026-01-29 14:14:54,432 INFO [Pirates-of-the-Caribbean-intermediate#1]                Voice.java:257  | Measure{#2} Voice{#1 excess:1/8} too long
2026-01-29 14:14:54,432 INFO [Pirates-of-the-Caribbean-intermediate#1]          StackRhythm.java:224  | S1 MeasureStack#2 no correct rhythm
2026-01-29 14:14:54,434 INFO [Pirates-of-the-Caribbean-intermediate#1]        MeasureRhythm.java:1045 | Measure{#4} No timeOffset for HeadChordInter#8214{(0.924/0.924) staff:1 slot#5 dur:1/4}
2026-01-29 14:14:54,435 INFO [Pirates-of-the-Caribbean-intermediate#1]                Voice.java:257  | Measure{#4} Voice{#1 excess:1/8} too long
2026-01-29 14:14:54,435 INFO [Pirates-of-the-Caribbean-intermediate#1]          StackRhythm.java:224  | S1 MeasureStack#4 no correct rhythm
2026-01-29 14:14:54,437 INFO [Pirates-of-the-Caribbean-intermediate#1]        MeasureRhythm.java:1045 | Measure{#6} No timeOffset for HeadChordInter#8223{(0.924/0.924) staff:1 slot#5 dur:1/4}
2026-01-29 14:14:54,437 INFO [Pirates-of-the-Caribbean-intermediate#1]                Voice.java:257  | Measure{#6} Voice{#1 excess:1/8} too long
2026-01-29 14:14:54,437 INFO [Pirates-of-the-Caribbean-intermediate#1]          StackRhythm.java:224  | S1 MeasureStack#6 no correct rhythm
2026-01-29 14:14:54,439 INFO [Pirates-of-the-Caribbean-intermediate#1]        MeasureRhythm.java:1045 | Measure{#7} No timeOffset for HeadChordInter#8227{(0.941/0.941) staff:1 slot#5 dur:1/4}
2026-01-29 14:14:54,440 INFO [Pirates-of-the-Caribbean-intermediate#1]          StackRhythm.java:224  | S1 MeasureStack#7 no correct rhythm
2026-01-29 14:14:54,442 INFO [Pirates-of-the-Caribbean-intermediate#1]        MeasureRhythm.java:1045 | Measure{#8} No timeOffset for HeadChordInter#8236{(0.948/0.948) staff:3 slot#5 dur:1/4}
2026-01-29 14:14:54,442 INFO [Pirates-of-the-Caribbean-intermediate#1]          StackRhythm.java:224  | S2 MeasureStack#8 no correct rhythm
2026-01-29 14:14:54,443 INFO [Pirates-of-the-Caribbean-intermediate#1]        MeasureRhythm.java:1045 | Measure{#9} No timeOffset for HeadChordInter#8240{(0.925/0.925) staff:3 slot#5 dur:1/4}
2026-01-29 14:14:54,444 INFO [Pirates-of-the-Caribbean-intermediate#1]          StackRhythm.java:224  | S2 MeasureStack#9 no correct rhythm
2026-01-29 14:14:54,445 INFO [Pirates-of-the-Caribbean-intermediate#1]        MeasureRhythm.java:1045 | Measure{#10} No timeOffset for HeadChordInter#8244{(0.911/0.911) staff:3 slot#5 dur:1/4}
2026-01-29 14:14:54,446 INFO [Pirates-of-the-Caribbean-intermediate#1]          StackRhythm.java:224  | S2 MeasureStack#10 no correct rhythm
2026-01-29 14:14:54,447 INFO [Pirates-of-the-Caribbean-intermediate#1]        MeasureRhythm.java:1045 | Measure{#11} No timeOffset for HeadChordInter#8248{(0.951/0.951) staff:3 slot#5 dur:1/4}
2026-01-29 14:14:54,448 INFO [Pirates-of-the-Caribbean-intermediate#1]          StackRhythm.java:224  | S2 MeasureStack#11 no correct rhythm
2026-01-29 14:14:54,449 INFO [Pirates-of-the-Caribbean-intermediate#1]        MeasureRhythm.java:1045 | Measure{#12} No timeOffset for HeadChordInter#8252{(0.947/0.947) staff:3 slot#5 dur:1/4}
2026-01-29 14:14:54,449 INFO [Pirates-of-the-Caribbean-intermediate#1]          StackRhythm.java:224  | S2 MeasureStack#12 no correct rhythm
2026-01-29 14:14:54,450 INFO [Pirates-of-the-Caribbean-intermediate#1]        MeasureRhythm.java:1045 | Measure{#13} No timeOffset for HeadChordInter#8256{(0.903/0.903) staff:3 slot#5 dur:1/4}
2026-01-29 14:14:54,450 INFO [Pirates-of-the-Caribbean-intermediate#1]          StackRhythm.java:224  | S2 MeasureStack#13 no correct rhythm
2026-01-29 14:14:54,451 INFO [Pirates-of-the-Caribbean-intermediate#1]        MeasureRhythm.java:1045 | Measure{#14} No timeOffset for HeadChordInter#8259{(0.911/0.911) staff:3 slot#5 dur:1/4}
2026-01-29 14:14:54,452 INFO [Pirates-of-the-Caribbean-intermediate#1]          StackRhythm.java:224  | S2 MeasureStack#14 no correct rhythm
2026-01-29 14:14:54,453 INFO [Pirates-of-the-Caribbean-intermediate#1]        MeasureRhythm.java:1045 | Measure{#15} No timeOffset for HeadChordInter#8278{(0.949/0.949) staff:5 slot#5 dur:1/4}
2026-01-29 14:14:54,454 INFO [Pirates-of-the-Caribbean-intermediate#1]          StackRhythm.java:224  | S3 MeasureStack#15 no correct rhythm
2026-01-29 14:14:54,455 INFO [Pirates-of-the-Caribbean-intermediate#1]        MeasureRhythm.java:1045 | Measure{#16} No timeOffset for HeadChordInter#8282{(0.955/0.955) staff:5 slot#5 dur:1/4}
2026-01-29 14:14:54,455 INFO [Pirates-of-the-Caribbean-intermediate#1]          StackRhythm.java:224  | S3 MeasureStack#16 no correct rhythm
2026-01-29 14:14:54,456 INFO [Pirates-of-the-Caribbean-intermediate#1]        MeasureRhythm.java:1045 | Measure{#17} No timeOffset for HeadChordInter#8286{(0.924/0.924) staff:5 slot#5 dur:1/4}
2026-01-29 14:14:54,456 INFO [Pirates-of-the-Caribbean-intermediate#1]          StackRhythm.java:224  | S3 MeasureStack#17 no correct rhythm
2026-01-29 14:14:54,457 INFO [Pirates-of-the-Caribbean-intermediate#1]        MeasureRhythm.java:1045 | Measure{#18} No timeOffset for HeadChordInter#8290{(0.918/0.918) staff:5 slot#5 dur:1/4}
2026-01-29 14:14:54,458 INFO [Pirates-of-the-Caribbean-intermediate#1]          StackRhythm.java:224  | S3 MeasureStack#18 no correct rhythm
2026-01-29 14:14:54,460 INFO [Pirates-of-the-Caribbean-intermediate#1]        MeasureRhythm.java:1045 | Measure{#20} No timeOffset for HeadChordInter#8297{(0.918/0.918) staff:5 slot#5 dur:1/4}
2026-01-29 14:14:54,460 INFO [Pirates-of-the-Caribbean-intermediate#1]          StackRhythm.java:224  | S3 MeasureStack#20 no correct rhythm
2026-01-29 14:14:54,463 INFO [Pirates-of-the-Caribbean-intermediate#1]                Voice.java:257  | Measure{#22} Voice{#1 excess:1/8} too long
2026-01-29 14:14:54,465 INFO [Pirates-of-the-Caribbean-intermediate#1]          StackRhythm.java:224  | S4 MeasureStack#22 no correct rhythm
2026-01-29 14:14:54,466 INFO [Pirates-of-the-Caribbean-intermediate#1]        MeasureRhythm.java:1045 | Measure{#23} No timeOffset for HeadChordInter#8322{(0.951/0.951) staff:7 slot#5 dur:1/4}
2026-01-29 14:14:54,467 INFO [Pirates-of-the-Caribbean-intermediate#1]          StackRhythm.java:224  | S4 MeasureStack#23 no correct rhythm
2026-01-29 14:14:54,468 INFO [Pirates-of-the-Caribbean-intermediate#1]        MeasureRhythm.java:1045 | Measure{#24} No timeOffset for HeadChordInter#8326{(0.937/0.937) staff:7 slot#5 dur:1/4}
2026-01-29 14:14:54,468 INFO [Pirates-of-the-Caribbean-intermediate#1]          StackRhythm.java:224  | S4 MeasureStack#24 no correct rhythm
2026-01-29 14:14:54,469 INFO [Pirates-of-the-Caribbean-intermediate#1]        MeasureRhythm.java:1045 | Measure{#25} No timeOffset for HeadChordInter#8330{(0.936/0.936) staff:7 slot#5 dur:1/4}
2026-01-29 14:14:54,469 INFO [Pirates-of-the-Caribbean-intermediate#1]          StackRhythm.java:224  | S4 MeasureStack#25 no correct rhythm
2026-01-29 14:14:54,470 INFO [Pirates-of-the-Caribbean-intermediate#1]        MeasureRhythm.java:1045 | Measure{#26} No timeOffset for HeadChordInter#8334{(0.923/0.923) staff:7 slot#5 dur:1/4}
2026-01-29 14:14:54,470 INFO [Pirates-of-the-Caribbean-intermediate#1]          StackRhythm.java:224  | S4 MeasureStack#26 no correct rhythm
2026-01-29 14:14:54,471 INFO [Pirates-of-the-Caribbean-intermediate#1]        MeasureRhythm.java:1045 | Measure{#27} No timeOffset for HeadChordInter#8338{(0.935/0.935) staff:7 slot#5 dur:1/4}
2026-01-29 14:14:54,471 INFO [Pirates-of-the-Caribbean-intermediate#1]          StackRhythm.java:224  | S4 MeasureStack#27 no correct rhythm
2026-01-29 14:14:54,471 INFO [Pirates-of-the-Caribbean-intermediate#1]        MeasureRhythm.java:1045 | Measure{#28} No timeOffset for HeadChordInter#8342{(0.948/0.948) staff:7 slot#5 dur:1/4}
2026-01-29 14:14:54,472 INFO [Pirates-of-the-Caribbean-intermediate#1]          StackRhythm.java:224  | S4 MeasureStack#28 no correct rhythm
2026-01-29 14:14:54,472 INFO [Pirates-of-the-Caribbean-intermediate#1]        MeasureRhythm.java:1045 | Measure{#29} No timeOffset for HeadChordInter#8361{(0.918/0.918) staff:9 slot#5 dur:1/4}
2026-01-29 14:14:54,473 INFO [Pirates-of-the-Caribbean-intermediate#1]          StackRhythm.java:224  | S5 MeasureStack#29 no correct rhythm
2026-01-29 14:14:54,473 INFO [Pirates-of-the-Caribbean-intermediate#1]        MeasureRhythm.java:1045 | Measure{#30} No timeOffset for HeadChordInter#8364{(0.918/0.918) staff:9 slot#5 dur:1/4}
2026-01-29 14:14:54,474 INFO [Pirates-of-the-Caribbean-intermediate#1]          StackRhythm.java:224  | S5 MeasureStack#30 no correct rhythm
2026-01-29 14:14:54,474 INFO [Pirates-of-the-Caribbean-intermediate#1]        MeasureRhythm.java:1045 | Measure{#31} No timeOffset for HeadChordInter#8368{(0.938/0.938) staff:9 slot#5 dur:1/4}
2026-01-29 14:14:54,474 INFO [Pirates-of-the-Caribbean-intermediate#1]          StackRhythm.java:224  | S5 MeasureStack#31 no correct rhythm
2026-01-29 14:14:54,475 INFO [Pirates-of-the-Caribbean-intermediate#1]        MeasureRhythm.java:1045 | Measure{#32} No timeOffset for HeadChordInter#8372{(0.920/0.920) staff:9 slot#5 dur:1/4}
2026-01-29 14:14:54,475 INFO [Pirates-of-the-Caribbean-intermediate#1]          StackRhythm.java:224  | S5 MeasureStack#32 no correct rhythm
2026-01-29 14:14:54,476 INFO [Pirates-of-the-Caribbean-intermediate#1]        MeasureRhythm.java:1045 | Measure{#33} No timeOffset for HeadChordInter#8376{(0.939/0.939) staff:9 slot#5 dur:1/4}
2026-01-29 14:14:54,476 INFO [Pirates-of-the-Caribbean-intermediate#1]          StackRhythm.java:224  | S5 MeasureStack#33 no correct rhythm
2026-01-29 14:14:54,476 INFO [Pirates-of-the-Caribbean-intermediate#1]        MeasureRhythm.java:1045 | Measure{#34} No timeOffset for HeadChordInter#8380{(0.929/0.929) staff:9 slot#5 dur:1/4}
2026-01-29 14:14:54,476 INFO [Pirates-of-the-Caribbean-intermediate#1]          StackRhythm.java:224  | S5 MeasureStack#34 no correct rhythm
2026-01-29 14:14:54,478 INFO [Pirates-of-the-Caribbean-intermediate#1]        MeasureRhythm.java:1045 | Measure{#36} No timeOffset for HeadChordInter#8402{(0.870/0.870) staff:11 slot#5 dur:1/4}
2026-01-29 14:14:54,478 INFO [Pirates-of-the-Caribbean-intermediate#1]          StackRhythm.java:224  | S6 MeasureStack#36 no correct rhythm
2026-01-29 14:14:54,479 INFO [Pirates-of-the-Caribbean-intermediate#1]        MeasureRhythm.java:1045 | Measure{#37} No timeOffset for HeadChordInter#8406{(0.903/0.903) staff:11 slot#5 dur:1/4}
2026-01-29 14:14:54,479 INFO [Pirates-of-the-Caribbean-intermediate#1]          StackRhythm.java:224  | S6 MeasureStack#37 no correct rhythm
2026-01-29 14:14:54,481 INFO [Pirates-of-the-Caribbean-intermediate#1]        MeasureRhythm.java:1045 | Measure{#40} No timeOffset for HeadChordInter#8417{(0.916/0.916) staff:11 slot#5 dur:1/4}
2026-01-29 14:14:54,481 INFO [Pirates-of-the-Caribbean-intermediate#1]          StackRhythm.java:224  | S6 MeasureStack#40 no correct rhythm
2026-01-29 14:14:54,483 INFO [Pirates-of-the-Caribbean-intermediate#1]                Voice.java:257  | Measure{#42} Voice{#1 excess:1/8} too long
2026-01-29 14:14:54,483 INFO [Pirates-of-the-Caribbean-intermediate#1]          StackRhythm.java:224  | S6 MeasureStack#42 no correct rhythm
2026-01-29 14:14:54,483 INFO [Pirates-of-the-Caribbean-intermediate#1]       StepMonitoring.java:98   | PAGE
2026-01-29 14:14:54,490 INFO [Pirates-of-the-Caribbean-intermediate#1]                Voice.java:257  | Measure{#2} Voice{#1 excess:1/8} too long
2026-01-29 14:14:54,491 INFO [Pirates-of-the-Caribbean-intermediate#1]                Voice.java:257  | Measure{#4} Voice{#1 excess:1/8} too long
2026-01-29 14:14:54,491 INFO [Pirates-of-the-Caribbean-intermediate#1]                Voice.java:257  | Measure{#6} Voice{#1 excess:1/8} too long
2026-01-29 14:14:54,492 INFO [Pirates-of-the-Caribbean-intermediate#1]                Voice.java:257  | Measure{#22} Voice{#1 excess:1/8} too long
2026-01-29 14:14:54,493 INFO [Pirates-of-the-Caribbean-intermediate#1]                Voice.java:257  | Measure{#42} Voice{#1 excess:1/8} too long
2026-01-29 14:14:54,494 INFO [Pirates-of-the-Caribbean-intermediate#1]                 Book.java:2547 | Book{Pirates-of-the-Caribbean-intermediate} storing
2026-01-29 14:14:54,552 INFO [Pirates-of-the-Caribbean-intermediate#1]                 Book.java:2528 | Stored /book.xml
2026-01-29 14:14:54,650 INFO [Pirates-of-the-Caribbean-intermediate#1]           DataHolder.java:348  | Stored /sheet#1/BINARY.png
2026-01-29 14:14:55,223 INFO [Pirates-of-the-Caribbean-intermediate#1]                Sheet.java:1583 | Stored /sheet#1/sheet#1.xml
2026-01-29 14:14:55,224 INFO [Pirates-of-the-Caribbean-intermediate#1]                 Book.java:2488 | Book stored as C:\programing\notebeepedison\AudiverisOutput\Pirates-of-the-Caribbean-intermediate.omr
2026-01-29 14:14:55,227 INFO [Pirates-of-the-Caribbean-intermediate#1]            SheetStub.java:1660 | Disposed sheet#1
2026-01-29 14:14:55,278 INFO [Pirates-of-the-Caribbean-intermediate#1]                 Book.java:2015 | End of Stub#1 memory: 38,345,808
2026-01-29 14:14:55,279 INFO [Pirates-of-the-Caribbean-intermediate#2]       StepMonitoring.java:98   | LOAD
2026-01-29 14:14:55,322 INFO [Pirates-of-the-Caribbean-intermediate#2]            SheetStub.java:1273 | Loaded image #2 2479x3508 from C:\programing\notebeepedison\notes\Pirates-of-the-Caribbean-intermediate.pdf
2026-01-29 14:14:55,323 INFO [Pirates-of-the-Caribbean-intermediate#2]       StepMonitoring.java:98   | BINARY
2026-01-29 14:14:55,624 INFO [Pirates-of-the-Caribbean-intermediate#2]       StepMonitoring.java:98   | SCALE
2026-01-29 14:14:55,642 INFO [Pirates-of-the-Caribbean-intermediate#2]         ScaleBuilder.java:241  | Beam  guessed height: 10 -- 0.50 of 19 interline
2026-01-29 14:14:55,642 INFO [Pirates-of-the-Caribbean-intermediate#2]         ScaleBuilder.java:264  | Beam measured height: 18 -- 0.93 of [5..19] range at 145% of needed quorum
2026-01-29 14:14:55,642 INFO [Pirates-of-the-Caribbean-intermediate#2]            ScaleStep.java:65   | Scale{ interline(19,19,20) line(2,2,3) beam(18)}
2026-01-29 14:14:55,642 INFO [Pirates-of-the-Caribbean-intermediate#2]       StepMonitoring.java:98   | GRID
2026-01-29 14:14:55,756 INFO [Pirates-of-the-Caribbean-intermediate#2]       LinesRetriever.java:1500 | Global slope: 0.00000
2026-01-29 14:14:55,773 INFO [Pirates-of-the-Caribbean-intermediate#2]    ClustersRetriever.java:328  | Retrieved raw line clusters: 14 of sizes [5] with interline(19,19,20)
2026-01-29 14:14:55,892 INFO [Pirates-of-the-Caribbean-intermediate#2]            PeakGraph.java:310  | Systems: #1[1, 2] #2[3, 4] #3[5, 6] #4[7, 8] #5[9, 10] #6[11, 12] #7[13, 14]
2026-01-29 14:14:55,996 INFO [Pirates-of-the-Caribbean-intermediate#2]        SystemManager.java:779  | 1 part along 7 systems
2026-01-29 14:14:55,997 INFO [Pirates-of-the-Caribbean-intermediate#2]       StepMonitoring.java:98   | HEADERS
2026-01-29 14:14:56,211 INFO [Pirates-of-the-Caribbean-intermediate#2]       StepMonitoring.java:98   | STEM_SEEDS
2026-01-29 14:14:56,242 INFO [Pirates-of-the-Caribbean-intermediate#2]        StemSeedsStep.java:86   | stem(2 max:3)
2026-01-29 14:14:56,252 INFO [Pirates-of-the-Caribbean-intermediate#2]       StepMonitoring.java:98   | BEAMS
2026-01-29 14:15:00,845 INFO [Pirates-of-the-Caribbean-intermediate#2]       StepMonitoring.java:98   | LEDGERS
2026-01-29 14:15:00,913 INFO [Pirates-of-the-Caribbean-intermediate#2]       StepMonitoring.java:98   | HEADS
2026-01-29 14:15:05,620 INFO [Pirates-of-the-Caribbean-intermediate#2]        HeadSeedTally.java:235  | Scale information: HeadSeeds{NOTEHEAD_VOID[R:-0.4] NOTEHEAD_BLACK[L:-0.4,R:-0.4]}
2026-01-29 14:15:05,621 INFO [Pirates-of-the-Caribbean-intermediate#2]       StepMonitoring.java:98   | STEMS
2026-01-29 14:15:05,973 INFO [Pirates-of-the-Caribbean-intermediate#2]       StepMonitoring.java:98   | REDUCTION
2026-01-29 14:15:06,082 INFO [Pirates-of-the-Caribbean-intermediate#2]        ReductionStep.java:105  | Stems free length median value: 68 pixels, 3.6 interlines
2026-01-29 14:15:06,088 INFO [Pirates-of-the-Caribbean-intermediate#2]       StepMonitoring.java:98   | CUE_BEAMS
2026-01-29 14:15:06,089 INFO [Pirates-of-the-Caribbean-intermediate#2]         CueBeamsStep.java:81   | Step CUE_BEAMS is skipped because small heads switch is off
2026-01-29 14:15:06,089 INFO [Pirates-of-the-Caribbean-intermediate#2]       StepMonitoring.java:98   | TEXTS
2026-01-29 14:15:06,181 WARN [Pirates-of-the-Caribbean-intermediate#2]         TesseractOCR.java:335  | The collection of supported languages is empty
2026-01-29 14:15:06,181 INFO [Pirates-of-the-Caribbean-intermediate#2]              OcrUtil.java:106  | Missing support for 'eng' language(s)
2026-01-29 14:15:06,183 INFO [Pirates-of-the-Caribbean-intermediate#2]       StepMonitoring.java:98   | MEASURES
2026-01-29 14:15:06,184 INFO [Pirates-of-the-Caribbean-intermediate#2]                 Page.java:307  | 44 raw measures: [7 in system#1, 7 in system#2, 7 in system#3, 7 in system#4, 7 in system#5, 4 in system#6, 5 in system#7]
2026-01-29 14:15:06,184 INFO [Pirates-of-the-Caribbean-intermediate#2]       StepMonitoring.java:98   | CHORDS
2026-01-29 14:15:06,193 INFO [Pirates-of-the-Caribbean-intermediate#2]       StepMonitoring.java:98   | CURVES
2026-01-29 14:15:06,658 INFO [Pirates-of-the-Caribbean-intermediate#2]         SlursBuilder.java:240  | Slurs: 1
2026-01-29 14:15:06,667 INFO [Pirates-of-the-Caribbean-intermediate#2]      SegmentsBuilder.java:155  | Segments: 23
2026-01-29 14:15:06,667 INFO [Pirates-of-the-Caribbean-intermediate#2]       StepMonitoring.java:98   | SYMBOLS
2026-01-29 14:15:07,006 INFO [Pirates-of-the-Caribbean-intermediate#2]       StepMonitoring.java:98   | LINKS
2026-01-29 14:15:07,025 INFO [Pirates-of-the-Caribbean-intermediate#2]        SymbolsLinker.java:258  | No chord linked to OctaveShiftInter#9398{(0.744) staff:10 OTTAVA BASSA}
2026-01-29 14:15:07,032 INFO [Pirates-of-the-Caribbean-intermediate#2]        SymbolsLinker.java:258  | No chord linked to OctaveShiftInter#9452{(0.744) staff:11 OTTAVA ALTA}
2026-01-29 14:15:07,042 INFO [Pirates-of-the-Caribbean-intermediate#2]       StepMonitoring.java:98   | RHYTHMS
2026-01-29 14:15:07,043 INFO [Pirates-of-the-Caribbean-intermediate#2]           PageRhythm.java:199  | {Page#2.1} Time value reused from sheet#1
2026-01-29 14:15:07,046 INFO [Pirates-of-the-Caribbean-intermediate#2]        MeasureRhythm.java:1045 | Measure{#3} No timeOffset for HeadChordInter#8489{(0.917/0.917) staff:1 slot#5 dur:1/4}
2026-01-29 14:15:07,046 INFO [Pirates-of-the-Caribbean-intermediate#2]          StackRhythm.java:224  | S1 MeasureStack#3 no correct rhythm
2026-01-29 14:15:07,047 INFO [Pirates-of-the-Caribbean-intermediate#2]        MeasureRhythm.java:1045 | Measure{#5} No timeOffset for HeadChordInter#8515{(0.960/0.960) staff:2 slot#6 dur:1/4}
2026-01-29 14:15:07,047 INFO [Pirates-of-the-Caribbean-intermediate#2]                Voice.java:257  | Measure{#5} Voice{#5 excess:1/8} too long
2026-01-29 14:15:07,047 INFO [Pirates-of-the-Caribbean-intermediate#2]          StackRhythm.java:224  | S1 MeasureStack#5 no correct rhythm
2026-01-29 14:15:07,049 INFO [Pirates-of-the-Caribbean-intermediate#2]        MeasureRhythm.java:1045 | Measure{#7} No timeOffset for HeadChordInter#8522{(0.955/0.955) staff:2 slot#6 dur:1/4}
2026-01-29 14:15:07,049 INFO [Pirates-of-the-Caribbean-intermediate#2]                Voice.java:257  | Measure{#7} Voice{#5 excess:1/8} too long
2026-01-29 14:15:07,049 INFO [Pirates-of-the-Caribbean-intermediate#2]          StackRhythm.java:224  | S1 MeasureStack#7 no correct rhythm
2026-01-29 14:15:07,050 INFO [Pirates-of-the-Caribbean-intermediate#2]        MeasureRhythm.java:1045 | Measure{#9} No timeOffset for HeadChordInter#8549{(0.960/0.960) staff:4 slot#6 dur:1/4}
2026-01-29 14:15:07,050 INFO [Pirates-of-the-Caribbean-intermediate#2]                Voice.java:257  | Measure{#9} Voice{#5 excess:1/8} too long
2026-01-29 14:15:07,050 INFO [Pirates-of-the-Caribbean-intermediate#2]          StackRhythm.java:224  | S2 MeasureStack#9 no correct rhythm
2026-01-29 14:15:07,051 INFO [Pirates-of-the-Caribbean-intermediate#2]        MeasureRhythm.java:1045 | Measure{#11} No timeOffset for HeadChordInter#8533{(0.917/0.917) staff:3 slot#5 dur:1/4}
2026-01-29 14:15:07,051 INFO [Pirates-of-the-Caribbean-intermediate#2]          StackRhythm.java:224  | S2 MeasureStack#11 no correct rhythm
2026-01-29 14:15:07,052 INFO [Pirates-of-the-Caribbean-intermediate#2]        MeasureRhythm.java:1045 | Measure{#12} No timeOffset for HeadChordInter#8536{(0.936/0.936) staff:3 slot#5 dur:1/4}
2026-01-29 14:15:07,052 INFO [Pirates-of-the-Caribbean-intermediate#2]          StackRhythm.java:224  | S2 MeasureStack#12 no correct rhythm
2026-01-29 14:15:07,053 INFO [Pirates-of-the-Caribbean-intermediate#2]        MeasureRhythm.java:1045 | Measure{#15} No timeOffset for HeadChordInter#8564{(0.914/0.914) staff:5 slot#5 dur:1/4}
2026-01-29 14:15:07,053 INFO [Pirates-of-the-Caribbean-intermediate#2]          StackRhythm.java:224  | S3 MeasureStack#15 no correct rhythm
2026-01-29 14:15:07,054 INFO [Pirates-of-the-Caribbean-intermediate#2]        MeasureRhythm.java:1045 | Measure{#16} No timeOffset for HeadChordInter#8567{(0.926/0.926) staff:5 slot#5 dur:1/4}
2026-01-29 14:15:07,054 INFO [Pirates-of-the-Caribbean-intermediate#2]          StackRhythm.java:224  | S3 MeasureStack#16 no correct rhythm
2026-01-29 14:15:07,055 INFO [Pirates-of-the-Caribbean-intermediate#2]        MeasureRhythm.java:1045 | Measure{#18} No timeOffset for HeadChordInter#8573{(0.917/0.917) staff:5 slot#5 dur:1/4}
2026-01-29 14:15:07,055 INFO [Pirates-of-the-Caribbean-intermediate#2]          StackRhythm.java:224  | S3 MeasureStack#18 no correct rhythm
2026-01-29 14:15:07,056 INFO [Pirates-of-the-Caribbean-intermediate#2]        MeasureRhythm.java:1045 | Measure{#19} No timeOffset for HeadChordInter#8576{(0.925/0.925) staff:5 slot#5 dur:1/4}
2026-01-29 14:15:07,056 INFO [Pirates-of-the-Caribbean-intermediate#2]          StackRhythm.java:224  | S3 MeasureStack#19 no correct rhythm
2026-01-29 14:15:07,057 INFO [Pirates-of-the-Caribbean-intermediate#2]                Voice.java:257  | Measure{#20} Voice{#1 excess:1/8} too long
2026-01-29 14:15:07,057 INFO [Pirates-of-the-Caribbean-intermediate#2]          StackRhythm.java:224  | S3 MeasureStack#20 no correct rhythm
2026-01-29 14:15:07,059 INFO [Pirates-of-the-Caribbean-intermediate#2]        MeasureRhythm.java:1045 | Measure{#23} No timeOffset for HeadChordInter#8607{(0.929/0.929) staff:7 slot#5 dur:1/4}
2026-01-29 14:15:07,059 INFO [Pirates-of-the-Caribbean-intermediate#2]          StackRhythm.java:224  | S4 MeasureStack#23 no correct rhythm
2026-01-29 14:15:07,060 INFO [Pirates-of-the-Caribbean-intermediate#2]        MeasureRhythm.java:1045 | Measure{#26} No timeOffset for HeadChordInter#8616{(0.890/0.890) staff:7 slot#5 dur:1/4}
2026-01-29 14:15:07,060 INFO [Pirates-of-the-Caribbean-intermediate#2]          StackRhythm.java:224  | S4 MeasureStack#26 no correct rhythm
2026-01-29 14:15:07,061 INFO [Pirates-of-the-Caribbean-intermediate#2]        MeasureRhythm.java:1045 | Measure{#27} No timeOffset for HeadChordInter#8619{(0.913/0.913) staff:7 slot#5 dur:1/4}
2026-01-29 14:15:07,061 INFO [Pirates-of-the-Caribbean-intermediate#2]          StackRhythm.java:224  | S4 MeasureStack#27 no correct rhythm
2026-01-29 14:15:07,062 INFO [Pirates-of-the-Caribbean-intermediate#2]        MeasureRhythm.java:1045 | Measure{#28} No timeOffset for HeadChordInter#8640{(0.959/0.959) staff:8 slot#5 dur:1/4}
2026-01-29 14:15:07,062 INFO [Pirates-of-the-Caribbean-intermediate#2]                Voice.java:257  | Measure{#28} Voice{#5 excess:1/8} too long
2026-01-29 14:15:07,062 INFO [Pirates-of-the-Caribbean-intermediate#2]          StackRhythm.java:224  | S4 MeasureStack#28 no correct rhythm
2026-01-29 14:15:07,063 INFO [Pirates-of-the-Caribbean-intermediate#2]        MeasureRhythm.java:1045 | Measure{#29} No timeOffset for HeadChordInter#8660{(0.951/0.951) staff:10 slot#5 dur:1/4}
2026-01-29 14:15:07,063 INFO [Pirates-of-the-Caribbean-intermediate#2]                Voice.java:257  | Measure{#29} Voice{#5 excess:1/8} too long
2026-01-29 14:15:07,064 INFO [Pirates-of-the-Caribbean-intermediate#2]          StackRhythm.java:224  | S5 MeasureStack#29 no correct rhythm
2026-01-29 14:15:07,065 INFO [Pirates-of-the-Caribbean-intermediate#2]        MeasureRhythm.java:1045 | Measure{#31} No timeOffset for HeadChordInter#8667{(0.957/0.957) staff:10 slot#6 dur:1/4}
2026-01-29 14:15:07,065 INFO [Pirates-of-the-Caribbean-intermediate#2]                Voice.java:257  | Measure{#31} Voice{#5 excess:1/8} too long
2026-01-29 14:15:07,065 INFO [Pirates-of-the-Caribbean-intermediate#2]          StackRhythm.java:224  | S5 MeasureStack#31 no correct rhythm
2026-01-29 14:15:07,065 INFO [Pirates-of-the-Caribbean-intermediate#2]        MeasureRhythm.java:1045 | Measure{#32} No timeOffset for HeadChordInter#8672{(0.962/0.962) staff:10 slot#5 dur:1/4}
2026-01-29 14:15:07,065 INFO [Pirates-of-the-Caribbean-intermediate#2]                Voice.java:257  | Measure{#32} Voice{#5 excess:1/8} too long
2026-01-29 14:15:07,065 INFO [Pirates-of-the-Caribbean-intermediate#2]          StackRhythm.java:224  | S5 MeasureStack#32 no correct rhythm
2026-01-29 14:15:07,066 INFO [Pirates-of-the-Caribbean-intermediate#2]        MeasureRhythm.java:1045 | Measure{#33} No timeOffset for HeadChordInter#8677{(0.956/0.956) staff:10 slot#5 dur:1/4}
2026-01-29 14:15:07,066 INFO [Pirates-of-the-Caribbean-intermediate#2]                Voice.java:257  | Measure{#33} Voice{#5 excess:1/8} too long
2026-01-29 14:15:07,066 INFO [Pirates-of-the-Caribbean-intermediate#2]          StackRhythm.java:224  | S5 MeasureStack#33 no correct rhythm
2026-01-29 14:15:07,067 INFO [Pirates-of-the-Caribbean-intermediate#2]        MeasureRhythm.java:1045 | Measure{#35} No timeOffset for HeadChordInter#8655{(0.911/0.911) staff:9 slot#5 dur:1/4}
2026-01-29 14:15:07,068 INFO [Pirates-of-the-Caribbean-intermediate#2]                Voice.java:257  | Measure{#35} Voice{#1 excess:1/8} too long
2026-01-29 14:15:07,068 INFO [Pirates-of-the-Caribbean-intermediate#2]          StackRhythm.java:224  | S5 MeasureStack#35 no correct rhythm
2026-01-29 14:15:07,068 INFO [Pirates-of-the-Caribbean-intermediate#2]        MeasureRhythm.java:1045 | Measure{#36} No timeOffset for HeadChordInter#8686{(0.927/0.927) staff:11 slot#5 dur:1/4}
2026-01-29 14:15:07,069 INFO [Pirates-of-the-Caribbean-intermediate#2]                Voice.java:257  | Measure{#36} Voice{#1 excess:1/8} too long
2026-01-29 14:15:07,069 INFO [Pirates-of-the-Caribbean-intermediate#2]          StackRhythm.java:224  | S6 MeasureStack#36 no correct rhythm
2026-01-29 14:15:07,069 INFO [Pirates-of-the-Caribbean-intermediate#2]        MeasureRhythm.java:1045 | Measure{#37} No timeOffset for HeadChordInter#8690{(0.927/0.927) staff:11 slot#5 dur:1/4}
2026-01-29 14:15:07,070 INFO [Pirates-of-the-Caribbean-intermediate#2]                Voice.java:257  | Measure{#37} Voice{#1 excess:1/8} too long
2026-01-29 14:15:07,070 INFO [Pirates-of-the-Caribbean-intermediate#2]          StackRhythm.java:224  | S6 MeasureStack#37 no correct rhythm
2026-01-29 14:15:07,071 INFO [Pirates-of-the-Caribbean-intermediate#2]        MeasureRhythm.java:1045 | Measure{#39} No timeOffset for HeadChordInter#8708{(0.962/0.962) staff:12 slot#6 dur:1/4}
2026-01-29 14:15:07,072 INFO [Pirates-of-the-Caribbean-intermediate#2]                Voice.java:257  | Measure{#39} Voice{#5 excess:1/8} too long
2026-01-29 14:15:07,072 INFO [Pirates-of-the-Caribbean-intermediate#2]          StackRhythm.java:224  | S6 MeasureStack#39 no correct rhythm
2026-01-29 14:15:07,073 INFO [Pirates-of-the-Caribbean-intermediate#2]        MeasureRhythm.java:1045 | Measure{#40} No timeOffset for HeadChordInter#8720{(0.960/0.960) staff:14 slot#5 dur:1/4}
2026-01-29 14:15:07,073 INFO [Pirates-of-the-Caribbean-intermediate#2]                Voice.java:257  | Measure{#40} Voice{#5 excess:1/8} too long
2026-01-29 14:15:07,073 INFO [Pirates-of-the-Caribbean-intermediate#2]          StackRhythm.java:224  | S7 MeasureStack#40 no correct rhythm
2026-01-29 14:15:07,073 INFO [Pirates-of-the-Caribbean-intermediate#2]        MeasureRhythm.java:1045 | Measure{#41} No timeOffset for HeadChordInter#8725{(0.960/0.960) staff:14 slot#5 dur:1/4}
2026-01-29 14:15:07,073 INFO [Pirates-of-the-Caribbean-intermediate#2]                Voice.java:257  | Measure{#41} Voice{#5 excess:1/8} too long
2026-01-29 14:15:07,074 INFO [Pirates-of-the-Caribbean-intermediate#2]          StackRhythm.java:224  | S7 MeasureStack#41 no correct rhythm
2026-01-29 14:15:07,074 INFO [Pirates-of-the-Caribbean-intermediate#2]        MeasureRhythm.java:1045 | Measure{#43} No timeOffset for HeadChordInter#8731{(0.953/0.953) staff:14 slot#4 dur:1/4}
2026-01-29 14:15:07,074 INFO [Pirates-of-the-Caribbean-intermediate#2]                Voice.java:257  | Measure{#43} Voice{#5 excess:1/8} too long
2026-01-29 14:15:07,074 INFO [Pirates-of-the-Caribbean-intermediate#2]          StackRhythm.java:224  | S7 MeasureStack#43 no correct rhythm
2026-01-29 14:15:07,075 INFO [Pirates-of-the-Caribbean-intermediate#2]       StepMonitoring.java:98   | PAGE
2026-01-29 14:15:07,076 INFO [Pirates-of-the-Caribbean-intermediate#2]                Voice.java:257  | Measure{#5} Voice{#5 excess:1/8} too long
2026-01-29 14:15:07,076 INFO [Pirates-of-the-Caribbean-intermediate#2]                Voice.java:257  | Measure{#7} Voice{#5 excess:1/8} too long
2026-01-29 14:15:07,076 INFO [Pirates-of-the-Caribbean-intermediate#2]                Voice.java:257  | Measure{#9} Voice{#5 excess:1/8} too long
2026-01-29 14:15:07,077 INFO [Pirates-of-the-Caribbean-intermediate#2]                Voice.java:257  | Measure{#20} Voice{#1 excess:1/8} too long
2026-01-29 14:15:07,077 INFO [Pirates-of-the-Caribbean-intermediate#2]                Voice.java:257  | Measure{#28} Voice{#5 excess:1/8} too long
2026-01-29 14:15:07,077 INFO [Pirates-of-the-Caribbean-intermediate#2]                Voice.java:257  | Measure{#29} Voice{#5 excess:1/8} too long
2026-01-29 14:15:07,077 INFO [Pirates-of-the-Caribbean-intermediate#2]                Voice.java:257  | Measure{#31} Voice{#5 excess:1/8} too long
2026-01-29 14:15:07,077 INFO [Pirates-of-the-Caribbean-intermediate#2]                Voice.java:257  | Measure{#32} Voice{#5 excess:1/8} too long
2026-01-29 14:15:07,077 INFO [Pirates-of-the-Caribbean-intermediate#2]                Voice.java:257  | Measure{#33} Voice{#5 excess:1/8} too long
2026-01-29 14:15:07,077 INFO [Pirates-of-the-Caribbean-intermediate#2]                Voice.java:257  | Measure{#35} Voice{#1 excess:1/8} too long
2026-01-29 14:15:07,077 INFO [Pirates-of-the-Caribbean-intermediate#2]                Voice.java:257  | Measure{#36} Voice{#1 excess:1/8} too long
2026-01-29 14:15:07,077 INFO [Pirates-of-the-Caribbean-intermediate#2]                Voice.java:257  | Measure{#37} Voice{#1 excess:1/8} too long
2026-01-29 14:15:07,077 INFO [Pirates-of-the-Caribbean-intermediate#2]                Voice.java:257  | Measure{#39} Voice{#5 excess:1/8} too long
2026-01-29 14:15:07,077 INFO [Pirates-of-the-Caribbean-intermediate#2]                Voice.java:257  | Measure{#40} Voice{#5 excess:1/8} too long
2026-01-29 14:15:07,078 INFO [Pirates-of-the-Caribbean-intermediate#2]                Voice.java:257  | Measure{#41} Voice{#5 excess:1/8} too long
2026-01-29 14:15:07,078 INFO [Pirates-of-the-Caribbean-intermediate#2]                Voice.java:257  | Measure{#43} Voice{#5 excess:1/8} too long
2026-01-29 14:15:07,078 INFO [Pirates-of-the-Caribbean-intermediate#2]                 Book.java:2547 | Book{Pirates-of-the-Caribbean-intermediate} storing
2026-01-29 14:15:07,137 INFO [Pirates-of-the-Caribbean-intermediate#2]                 Book.java:2528 | Stored /book.xml
2026-01-29 14:15:07,203 INFO [Pirates-of-the-Caribbean-intermediate#2]           DataHolder.java:348  | Stored /sheet#2/BINARY.png
2026-01-29 14:15:07,546 INFO [Pirates-of-the-Caribbean-intermediate#2]                Sheet.java:1583 | Stored /sheet#2/sheet#2.xml
2026-01-29 14:15:07,547 INFO [Pirates-of-the-Caribbean-intermediate#2]                 Book.java:2488 | Book stored as C:\programing\notebeepedison\AudiverisOutput\Pirates-of-the-Caribbean-intermediate.omr
2026-01-29 14:15:07,553 INFO [Pirates-of-the-Caribbean-intermediate#2]            SheetStub.java:1660 | Disposed sheet#2
2026-01-29 14:15:07,600 INFO [Pirates-of-the-Caribbean-intermediate#2]                 Book.java:2015 | End of Stub#2 memory: 38,253,256
2026-01-29 14:15:07,600 INFO [Pirates-of-the-Caribbean-intermediate]                 Book.java:2022 | Book processed.
2026-01-29 14:15:07,987 INFO [Pirates-of-the-Caribbean-intermediate]            SheetStub.java:997  | Loaded /sheet#1/sheet#1.xml
2026-01-29 14:15:08,174 INFO [Pirates-of-the-Caribbean-intermediate]            SheetStub.java:997  | Loaded /sheet#2/sheet#2.xml
2026-01-29 14:15:08,444 INFO [Pirates-of-the-Caribbean-intermediate]      PartwiseBuilder.java:2688 | Exporting sheet(s): [#1#2]
2026-01-29 14:15:08,594 INFO [Pirates-of-the-Caribbean-intermediate]        ScoreExporter.java:164  | Score Pirates-of-the-Caribbean-intermediate exported to C:\programing\notebeepedison\AudiverisOutput\Pirates-of-the-Caribbean-intermediate.mxl
2026-01-29 14:15:08,641 INFO [Pirates-of-the-Caribbean-intermediate]                Score.java:181  | Closing {Score 1}
