2025-12-11 14:15:02,085 ERROR [Pirates-of-the-Caribbean-intermediate]              IOUtils.java:278  | Unmapping is not supported.
java.lang.reflect.InaccessibleObjectException: Unable to make public jdk.internal.ref.Cleaner java.nio.DirectByteBuffer.cleaner() accessible: module java.base does not "opens java.nio" to unnamed module @6283d8b8
	at java.base/java.lang.reflect.AccessibleObject.throwInaccessibleObjectException(Unknown Source)
	at java.base/java.lang.reflect.AccessibleObject.checkCanSetAccessible(Unknown Source)
	at java.base/java.lang.reflect.AccessibleObject.checkCanSetAccessible(Unknown Source)
	at java.base/java.lang.reflect.Method.checkCanSetAccessible(Unknown Source)
	at java.base/java.lang.reflect.Method.setAccessible(Unknown Source)
	at org.apache.pdfbox.io.IOUtils.unmapper(IOUtils.java:244)
	at java.base/java.security.AccessController.doPrivileged(Unknown Source)
	at org.apache.pdfbox.io.IOUtils.<clinit>(IOUtils.java:69)
	at org.apache.pdfbox.Loader.loadPDF(Loader.java:378)
	at org.audiveris.omr.image.ImageLoading.getPdfLoader(ImageLoading.java:159)
	at org.audiveris.omr.image.ImageLoading.getLoader(ImageLoading.java:209)
	at org.audiveris.omr.sheet.Book.createStubs(Book.java:554)
	at org.audiveris.omr.CLI$ProcessingTask.processBook(CLI.java:830)
	at org.audiveris.omr.CLI$CliTask.call(CLI.java:504)
	at org.audiveris.omr.Main.runBatchTasks(Main.java:371)
	at org.audiveris.omr.Main.main(Main.java:260)
	at Audiveris.main(Audiveris.java:50)
2025-12-11 14:15:02,107 INFO [Pirates-of-the-Caribbean-intermediate]                 Book.java:559  | 2 sheets in C:\programing\notebeepedison\notes\Pirates-of-the-Caribbean-intermediate.pdf
2025-12-11 14:15:02,203 INFO []                 Book.java:2528 | Stored /book.xml
2025-12-11 14:15:02,203 INFO []                 Book.java:2488 | Book stored as C:\programing\notebeepedison\AudiverisOutput\Pirates-of-the-Caribbean-intermediate.omr
2025-12-11 14:15:02,209 INFO []                 Book.java:1930 | Book reaching PAGE on sheets:[#1#2]
2025-12-11 14:15:02,210 INFO [Pirates-of-the-Caribbean-intermediate#1]       StepMonitoring.java:98   | LOAD
2025-12-11 14:15:02,416 INFO [Pirates-of-the-Caribbean-intermediate#1]            SheetStub.java:1273 | Loaded image #1 2479x3508 from C:\programing\notebeepedison\notes\Pirates-of-the-Caribbean-intermediate.pdf
2025-12-11 14:15:02,419 INFO [Pirates-of-the-Caribbean-intermediate#1]       StepMonitoring.java:98   | BINARY
2025-12-11 14:15:02,728 INFO [Pirates-of-the-Caribbean-intermediate#1]       StepMonitoring.java:98   | SCALE
2025-12-11 14:15:02,748 INFO [Pirates-of-the-Caribbean-intermediate#1]         ScaleBuilder.java:241  | Beam  guessed height: 10 -- 0.50 of 19 interline
2025-12-11 14:15:02,749 INFO [Pirates-of-the-Caribbean-intermediate#1]         ScaleBuilder.java:264  | Beam measured height: 18 -- 0.93 of [5..19] range at 155% of needed quorum
2025-12-11 14:15:02,749 INFO [Pirates-of-the-Caribbean-intermediate#1]            ScaleStep.java:65   | Scale{ interline(19,19,20) line(2,2,3) beam(18)}
2025-12-11 14:15:02,750 INFO [Pirates-of-the-Caribbean-intermediate#1]       StepMonitoring.java:98   | GRID
2025-12-11 14:15:03,102 INFO [Pirates-of-the-Caribbean-intermediate#1]       LinesRetriever.java:1500 | Global slope: 0.00000
2025-12-11 14:15:03,157 INFO [Pirates-of-the-Caribbean-intermediate#1]    ClustersRetriever.java:328  | Retrieved raw line clusters: 12 of sizes [5] with interline(19,19,20)
2025-12-11 14:15:03,383 INFO [Pirates-of-the-Caribbean-intermediate#1]            PeakGraph.java:310  | Systems: #1[1, 2] #2[3, 4] #3[5, 6] #4[7, 8] #5[9, 10] #6[11, 12]
2025-12-11 14:15:03,676 INFO [Pirates-of-the-Caribbean-intermediate#1]        SystemManager.java:779  | 1 part along 6 systems
2025-12-11 14:15:03,677 INFO [Pirates-of-the-Caribbean-intermediate#1]                 Book.java:542  | Created scores: [{Score 1}]
2025-12-11 14:15:03,677 INFO [Pirates-of-the-Caribbean-intermediate#1]       StepMonitoring.java:98   | HEADERS
2025-12-11 14:15:03,874 INFO [Pirates-of-the-Caribbean-intermediate#1]      BasicClassifier.java:286  | Classifier loaded XML norms.
2025-12-11 14:15:03,877 INFO [Pirates-of-the-Caribbean-intermediate#1]   AbstractClassifier.java:396  | Classifier data loaded from default uri jar:file:/C:/Program%20Files/Audiveris/app/audiveris.jar!/res/basic-classifier.zip
2025-12-11 14:15:04,699 INFO [Pirates-of-the-Caribbean-intermediate#1]       StepMonitoring.java:98   | STEM_SEEDS
2025-12-11 14:15:04,758 INFO [Pirates-of-the-Caribbean-intermediate#1]        StemSeedsStep.java:86   | stem(2 max:3)
2025-12-11 14:15:04,824 INFO [Pirates-of-the-Caribbean-intermediate#1]       StepMonitoring.java:98   | BEAMS
2025-12-11 14:15:12,718 INFO [Pirates-of-the-Caribbean-intermediate#1]       StepMonitoring.java:98   | LEDGERS
2025-12-11 14:15:12,885 INFO [Pirates-of-the-Caribbean-intermediate#1]       StepMonitoring.java:98   | HEADS
2025-12-11 14:15:18,866 INFO [Pirates-of-the-Caribbean-intermediate#1]        HeadSeedTally.java:235  | Scale information: HeadSeeds{NOTEHEAD_VOID[R:-0.3] NOTEHEAD_BLACK[L:-0.6,R:-0.4]}
2025-12-11 14:15:18,866 INFO [Pirates-of-the-Caribbean-intermediate#1]       StepMonitoring.java:98   | STEMS
2025-12-11 14:15:19,697 INFO [Pirates-of-the-Caribbean-intermediate#1]       StepMonitoring.java:98   | REDUCTION
2025-12-11 14:15:19,961 INFO [Pirates-of-the-Caribbean-intermediate#1]        ReductionStep.java:105  | Stems free length median value: 68 pixels, 3.6 interlines
2025-12-11 14:15:19,961 INFO [Pirates-of-the-Caribbean-intermediate#1]       StepMonitoring.java:98   | CUE_BEAMS
2025-12-11 14:15:19,961 INFO [Pirates-of-the-Caribbean-intermediate#1]         CueBeamsStep.java:81   | Step CUE_BEAMS is skipped because small heads switch is off
2025-12-11 14:15:19,961 INFO [Pirates-of-the-Caribbean-intermediate#1]       StepMonitoring.java:98   | TEXTS
2025-12-11 14:15:20,146 WARN [Pirates-of-the-Caribbean-intermediate#1]         TesseractOCR.java:335  | The collection of supported languages is empty
2025-12-11 14:15:20,147 INFO [Pirates-of-the-Caribbean-intermediate#1]              OcrUtil.java:106  | Missing support for 'eng' language(s)
2025-12-11 14:15:20,156 INFO [Pirates-of-the-Caribbean-intermediate#1]       StepMonitoring.java:98   | MEASURES
2025-12-11 14:15:20,166 INFO [Pirates-of-the-Caribbean-intermediate#1]                 Page.java:307  | 42 raw measures: [7 in system#1, 7 in system#2, 7 in system#3, 7 in system#4, 7 in system#5, 7 in system#6]
2025-12-11 14:15:20,167 INFO [Pirates-of-the-Caribbean-intermediate#1]       StepMonitoring.java:98   | CHORDS
2025-12-11 14:15:20,189 INFO [Pirates-of-the-Caribbean-intermediate#1]       StepMonitoring.java:98   | CURVES
2025-12-11 14:15:20,999 INFO [Pirates-of-the-Caribbean-intermediate#1]         SlursBuilder.java:240  | Slurs: 1
2025-12-11 14:15:21,020 INFO [Pirates-of-the-Caribbean-intermediate#1]      SegmentsBuilder.java:155  | Segments: 18
2025-12-11 14:15:21,027 INFO [Pirates-of-the-Caribbean-intermediate#1]       StepMonitoring.java:98   | SYMBOLS
2025-12-11 14:15:21,771 INFO [Pirates-of-the-Caribbean-intermediate#1]       StepMonitoring.java:98   | LINKS
2025-12-11 14:15:21,774 INFO [Pirates-of-the-Caribbean-intermediate#1]        SymbolsLinker.java:258  | No chord linked to OctaveShiftInter#9042{(0.288) staff:2 OTTAVA BASSA}
2025-12-11 14:15:21,774 INFO [Pirates-of-the-Caribbean-intermediate#1]        SymbolsLinker.java:258  | No chord linked to OctaveShiftInter#9073{(0.552) staff:1 OTTAVA ALTA}
2025-12-11 14:15:21,790 INFO [Pirates-of-the-Caribbean-intermediate#1]        SymbolsLinker.java:258  | No chord linked to OctaveShiftInter#9099{(0.288) staff:3 OTTAVA ALTA}
2025-12-11 14:15:21,790 INFO [Pirates-of-the-Caribbean-intermediate#1]        SymbolsLinker.java:258  | No chord linked to OctaveShiftInter#9136{(0.232) staff:6 VENTIDUESIMA BASSA}
2025-12-11 14:15:21,808 INFO [Pirates-of-the-Caribbean-intermediate#1]        SymbolsLinker.java:258  | No chord linked to OctaveShiftInter#9270{(0.232) staff:7 VENTIDUESIMA ALTA}
2025-12-11 14:15:21,836 INFO [Pirates-of-the-Caribbean-intermediate#1]       StepMonitoring.java:98   | RHYTHMS
2025-12-11 14:15:21,853 INFO [Pirates-of-the-Caribbean-intermediate#1]        MeasureRhythm.java:1045 | Measure{#2} No timeOffset for HeadChordInter#8242{(0.923/0.923) staff:1 slot#5 dur:1/4}
2025-12-11 14:15:21,853 INFO [Pirates-of-the-Caribbean-intermediate#1]                Voice.java:257  | Measure{#2} Voice{#1 excess:1/8} too long
2025-12-11 14:15:21,853 INFO [Pirates-of-the-Caribbean-intermediate#1]          StackRhythm.java:224  | S1 MeasureStack#2 no correct rhythm
2025-12-11 14:15:21,868 INFO [Pirates-of-the-Caribbean-intermediate#1]        MeasureRhythm.java:1045 | Measure{#4} No timeOffset for HeadChordInter#8251{(0.924/0.924) staff:1 slot#5 dur:1/4}
2025-12-11 14:15:21,869 INFO [Pirates-of-the-Caribbean-intermediate#1]                Voice.java:257  | Measure{#4} Voice{#1 excess:1/8} too long
2025-12-11 14:15:21,869 INFO [Pirates-of-the-Caribbean-intermediate#1]          StackRhythm.java:224  | S1 MeasureStack#4 no correct rhythm
2025-12-11 14:15:21,873 INFO [Pirates-of-the-Caribbean-intermediate#1]        MeasureRhythm.java:1045 | Measure{#6} No timeOffset for HeadChordInter#8260{(0.924/0.924) staff:1 slot#5 dur:1/4}
2025-12-11 14:15:21,873 INFO [Pirates-of-the-Caribbean-intermediate#1]                Voice.java:257  | Measure{#6} Voice{#1 excess:1/8} too long
2025-12-11 14:15:21,873 INFO [Pirates-of-the-Caribbean-intermediate#1]          StackRhythm.java:224  | S1 MeasureStack#6 no correct rhythm
2025-12-11 14:15:21,874 INFO [Pirates-of-the-Caribbean-intermediate#1]        MeasureRhythm.java:1045 | Measure{#7} No timeOffset for HeadChordInter#8264{(0.941/0.941) staff:1 slot#5 dur:1/4}
2025-12-11 14:15:21,875 INFO [Pirates-of-the-Caribbean-intermediate#1]          StackRhythm.java:224  | S1 MeasureStack#7 no correct rhythm
2025-12-11 14:15:21,877 INFO [Pirates-of-the-Caribbean-intermediate#1]        MeasureRhythm.java:1045 | Measure{#8} No timeOffset for HeadChordInter#8273{(0.948/0.948) staff:3 slot#5 dur:1/4}
2025-12-11 14:15:21,877 INFO [Pirates-of-the-Caribbean-intermediate#1]          StackRhythm.java:224  | S2 MeasureStack#8 no correct rhythm
2025-12-11 14:15:21,878 INFO [Pirates-of-the-Caribbean-intermediate#1]        MeasureRhythm.java:1045 | Measure{#9} No timeOffset for HeadChordInter#8277{(0.925/0.925) staff:3 slot#5 dur:1/4}
2025-12-11 14:15:21,879 INFO [Pirates-of-the-Caribbean-intermediate#1]          StackRhythm.java:224  | S2 MeasureStack#9 no correct rhythm
2025-12-11 14:15:21,880 INFO [Pirates-of-the-Caribbean-intermediate#1]        MeasureRhythm.java:1045 | Measure{#10} No timeOffset for HeadChordInter#8281{(0.911/0.911) staff:3 slot#5 dur:1/4}
2025-12-11 14:15:21,880 INFO [Pirates-of-the-Caribbean-intermediate#1]          StackRhythm.java:224  | S2 MeasureStack#10 no correct rhythm
2025-12-11 14:15:21,881 INFO [Pirates-of-the-Caribbean-intermediate#1]        MeasureRhythm.java:1045 | Measure{#11} No timeOffset for HeadChordInter#8285{(0.951/0.951) staff:3 slot#5 dur:1/4}
2025-12-11 14:15:21,882 INFO [Pirates-of-the-Caribbean-intermediate#1]          StackRhythm.java:224  | S2 MeasureStack#11 no correct rhythm
2025-12-11 14:15:21,883 INFO [Pirates-of-the-Caribbean-intermediate#1]        MeasureRhythm.java:1045 | Measure{#12} No timeOffset for HeadChordInter#8289{(0.947/0.947) staff:3 slot#5 dur:1/4}
2025-12-11 14:15:21,883 INFO [Pirates-of-the-Caribbean-intermediate#1]          StackRhythm.java:224  | S2 MeasureStack#12 no correct rhythm
2025-12-11 14:15:21,884 INFO [Pirates-of-the-Caribbean-intermediate#1]        MeasureRhythm.java:1045 | Measure{#13} No timeOffset for HeadChordInter#8293{(0.903/0.903) staff:3 slot#5 dur:1/4}
2025-12-11 14:15:21,885 INFO [Pirates-of-the-Caribbean-intermediate#1]          StackRhythm.java:224  | S2 MeasureStack#13 no correct rhythm
2025-12-11 14:15:21,885 INFO [Pirates-of-the-Caribbean-intermediate#1]        MeasureRhythm.java:1045 | Measure{#14} No timeOffset for HeadChordInter#8296{(0.911/0.911) staff:3 slot#5 dur:1/4}
2025-12-11 14:15:21,886 INFO [Pirates-of-the-Caribbean-intermediate#1]          StackRhythm.java:224  | S2 MeasureStack#14 no correct rhythm
2025-12-11 14:15:21,888 INFO [Pirates-of-the-Caribbean-intermediate#1]        MeasureRhythm.java:1045 | Measure{#15} No timeOffset for HeadChordInter#8315{(0.949/0.949) staff:5 slot#5 dur:1/4}
2025-12-11 14:15:21,888 INFO [Pirates-of-the-Caribbean-intermediate#1]          StackRhythm.java:224  | S3 MeasureStack#15 no correct rhythm
2025-12-11 14:15:21,889 INFO [Pirates-of-the-Caribbean-intermediate#1]        MeasureRhythm.java:1045 | Measure{#16} No timeOffset for HeadChordInter#8319{(0.955/0.955) staff:5 slot#5 dur:1/4}
2025-12-11 14:15:21,890 INFO [Pirates-of-the-Caribbean-intermediate#1]          StackRhythm.java:224  | S3 MeasureStack#16 no correct rhythm
2025-12-11 14:15:21,891 INFO [Pirates-of-the-Caribbean-intermediate#1]        MeasureRhythm.java:1045 | Measure{#17} No timeOffset for HeadChordInter#8323{(0.924/0.924) staff:5 slot#5 dur:1/4}
2025-12-11 14:15:21,892 INFO [Pirates-of-the-Caribbean-intermediate#1]          StackRhythm.java:224  | S3 MeasureStack#17 no correct rhythm
2025-12-11 14:15:21,893 INFO [Pirates-of-the-Caribbean-intermediate#1]        MeasureRhythm.java:1045 | Measure{#18} No timeOffset for HeadChordInter#8327{(0.918/0.918) staff:5 slot#5 dur:1/4}
2025-12-11 14:15:21,893 INFO [Pirates-of-the-Caribbean-intermediate#1]          StackRhythm.java:224  | S3 MeasureStack#18 no correct rhythm
2025-12-11 14:15:21,896 INFO [Pirates-of-the-Caribbean-intermediate#1]        MeasureRhythm.java:1045 | Measure{#20} No timeOffset for HeadChordInter#8334{(0.918/0.918) staff:5 slot#5 dur:1/4}
2025-12-11 14:15:21,896 INFO [Pirates-of-the-Caribbean-intermediate#1]          StackRhythm.java:224  | S3 MeasureStack#20 no correct rhythm
2025-12-11 14:15:21,898 INFO [Pirates-of-the-Caribbean-intermediate#1]                Voice.java:257  | Measure{#22} Voice{#1 excess:1/8} too long
2025-12-11 14:15:21,898 INFO [Pirates-of-the-Caribbean-intermediate#1]          StackRhythm.java:224  | S4 MeasureStack#22 no correct rhythm
2025-12-11 14:15:21,902 INFO [Pirates-of-the-Caribbean-intermediate#1]        MeasureRhythm.java:1045 | Measure{#23} No timeOffset for HeadChordInter#8359{(0.951/0.951) staff:7 slot#5 dur:1/4}
2025-12-11 14:15:21,902 INFO [Pirates-of-the-Caribbean-intermediate#1]          StackRhythm.java:224  | S4 MeasureStack#23 no correct rhythm
2025-12-11 14:15:21,904 INFO [Pirates-of-the-Caribbean-intermediate#1]        MeasureRhythm.java:1045 | Measure{#24} No timeOffset for HeadChordInter#8363{(0.937/0.937) staff:7 slot#5 dur:1/4}
2025-12-11 14:15:21,904 INFO [Pirates-of-the-Caribbean-intermediate#1]          StackRhythm.java:224  | S4 MeasureStack#24 no correct rhythm
2025-12-11 14:15:21,904 INFO [Pirates-of-the-Caribbean-intermediate#1]        MeasureRhythm.java:1045 | Measure{#25} No timeOffset for HeadChordInter#8367{(0.936/0.936) staff:7 slot#5 dur:1/4}
2025-12-11 14:15:21,906 INFO [Pirates-of-the-Caribbean-intermediate#1]          StackRhythm.java:224  | S4 MeasureStack#25 no correct rhythm
2025-12-11 14:15:21,907 INFO [Pirates-of-the-Caribbean-intermediate#1]        MeasureRhythm.java:1045 | Measure{#26} No timeOffset for HeadChordInter#8371{(0.923/0.923) staff:7 slot#5 dur:1/4}
2025-12-11 14:15:21,908 INFO [Pirates-of-the-Caribbean-intermediate#1]          StackRhythm.java:224  | S4 MeasureStack#26 no correct rhythm
2025-12-11 14:15:21,908 INFO [Pirates-of-the-Caribbean-intermediate#1]        MeasureRhythm.java:1045 | Measure{#27} No timeOffset for HeadChordInter#8375{(0.935/0.935) staff:7 slot#5 dur:1/4}
2025-12-11 14:15:21,908 INFO [Pirates-of-the-Caribbean-intermediate#1]          StackRhythm.java:224  | S4 MeasureStack#27 no correct rhythm
2025-12-11 14:15:21,908 INFO [Pirates-of-the-Caribbean-intermediate#1]        MeasureRhythm.java:1045 | Measure{#28} No timeOffset for HeadChordInter#8379{(0.948/0.948) staff:7 slot#5 dur:1/4}
2025-12-11 14:15:21,908 INFO [Pirates-of-the-Caribbean-intermediate#1]          StackRhythm.java:224  | S4 MeasureStack#28 no correct rhythm
2025-12-11 14:15:21,908 INFO [Pirates-of-the-Caribbean-intermediate#1]        MeasureRhythm.java:1045 | Measure{#29} No timeOffset for HeadChordInter#8398{(0.918/0.918) staff:9 slot#5 dur:1/4}
2025-12-11 14:15:21,908 INFO [Pirates-of-the-Caribbean-intermediate#1]          StackRhythm.java:224  | S5 MeasureStack#29 no correct rhythm
2025-12-11 14:15:21,908 INFO [Pirates-of-the-Caribbean-intermediate#1]        MeasureRhythm.java:1045 | Measure{#30} No timeOffset for HeadChordInter#8401{(0.918/0.918) staff:9 slot#5 dur:1/4}
2025-12-11 14:15:21,908 INFO [Pirates-of-the-Caribbean-intermediate#1]          StackRhythm.java:224  | S5 MeasureStack#30 no correct rhythm
2025-12-11 14:15:21,908 INFO [Pirates-of-the-Caribbean-intermediate#1]        MeasureRhythm.java:1045 | Measure{#31} No timeOffset for HeadChordInter#8405{(0.938/0.938) staff:9 slot#5 dur:1/4}
2025-12-11 14:15:21,908 INFO [Pirates-of-the-Caribbean-intermediate#1]          StackRhythm.java:224  | S5 MeasureStack#31 no correct rhythm
2025-12-11 14:15:21,908 INFO [Pirates-of-the-Caribbean-intermediate#1]        MeasureRhythm.java:1045 | Measure{#32} No timeOffset for HeadChordInter#8409{(0.920/0.920) staff:9 slot#5 dur:1/4}
2025-12-11 14:15:21,908 INFO [Pirates-of-the-Caribbean-intermediate#1]          StackRhythm.java:224  | S5 MeasureStack#32 no correct rhythm
2025-12-11 14:15:21,908 INFO [Pirates-of-the-Caribbean-intermediate#1]        MeasureRhythm.java:1045 | Measure{#33} No timeOffset for HeadChordInter#8413{(0.939/0.939) staff:9 slot#5 dur:1/4}
2025-12-11 14:15:21,908 INFO [Pirates-of-the-Caribbean-intermediate#1]          StackRhythm.java:224  | S5 MeasureStack#33 no correct rhythm
2025-12-11 14:15:21,908 INFO [Pirates-of-the-Caribbean-intermediate#1]        MeasureRhythm.java:1045 | Measure{#34} No timeOffset for HeadChordInter#8417{(0.929/0.929) staff:9 slot#5 dur:1/4}
2025-12-11 14:15:21,921 INFO [Pirates-of-the-Caribbean-intermediate#1]          StackRhythm.java:224  | S5 MeasureStack#34 no correct rhythm
2025-12-11 14:15:21,922 INFO [Pirates-of-the-Caribbean-intermediate#1]        MeasureRhythm.java:1045 | Measure{#36} No timeOffset for HeadChordInter#8439{(0.870/0.870) staff:11 slot#5 dur:1/4}
2025-12-11 14:15:21,922 INFO [Pirates-of-the-Caribbean-intermediate#1]          StackRhythm.java:224  | S6 MeasureStack#36 no correct rhythm
2025-12-11 14:15:21,923 INFO [Pirates-of-the-Caribbean-intermediate#1]        MeasureRhythm.java:1045 | Measure{#37} No timeOffset for HeadChordInter#8443{(0.903/0.903) staff:11 slot#5 dur:1/4}
2025-12-11 14:15:21,923 INFO [Pirates-of-the-Caribbean-intermediate#1]          StackRhythm.java:224  | S6 MeasureStack#37 no correct rhythm
2025-12-11 14:15:21,925 INFO [Pirates-of-the-Caribbean-intermediate#1]        MeasureRhythm.java:1045 | Measure{#40} No timeOffset for HeadChordInter#8454{(0.916/0.916) staff:11 slot#5 dur:1/4}
2025-12-11 14:15:21,925 INFO [Pirates-of-the-Caribbean-intermediate#1]          StackRhythm.java:224  | S6 MeasureStack#40 no correct rhythm
2025-12-11 14:15:21,927 INFO [Pirates-of-the-Caribbean-intermediate#1]                Voice.java:257  | Measure{#42} Voice{#1 excess:1/8} too long
2025-12-11 14:15:21,927 INFO [Pirates-of-the-Caribbean-intermediate#1]          StackRhythm.java:224  | S6 MeasureStack#42 no correct rhythm
2025-12-11 14:15:21,927 INFO [Pirates-of-the-Caribbean-intermediate#1]       StepMonitoring.java:98   | PAGE
2025-12-11 14:15:21,931 INFO [Pirates-of-the-Caribbean-intermediate#1]                Voice.java:257  | Measure{#2} Voice{#1 excess:1/8} too long
2025-12-11 14:15:21,932 INFO [Pirates-of-the-Caribbean-intermediate#1]                Voice.java:257  | Measure{#4} Voice{#1 excess:1/8} too long
2025-12-11 14:15:21,932 INFO [Pirates-of-the-Caribbean-intermediate#1]                Voice.java:257  | Measure{#6} Voice{#1 excess:1/8} too long
2025-12-11 14:15:21,933 INFO [Pirates-of-the-Caribbean-intermediate#1]                Voice.java:257  | Measure{#22} Voice{#1 excess:1/8} too long
2025-12-11 14:15:21,934 INFO [Pirates-of-the-Caribbean-intermediate#1]                Voice.java:257  | Measure{#42} Voice{#1 excess:1/8} too long
2025-12-11 14:15:21,935 INFO [Pirates-of-the-Caribbean-intermediate#1]                 Book.java:2547 | Book{Pirates-of-the-Caribbean-intermediate} storing
2025-12-11 14:15:22,003 INFO [Pirates-of-the-Caribbean-intermediate#1]                 Book.java:2528 | Stored /book.xml
2025-12-11 14:15:22,136 INFO [Pirates-of-the-Caribbean-intermediate#1]           DataHolder.java:348  | Stored /sheet#1/BINARY.png
2025-12-11 14:15:22,894 INFO [Pirates-of-the-Caribbean-intermediate#1]                Sheet.java:1583 | Stored /sheet#1/sheet#1.xml
2025-12-11 14:15:22,894 INFO [Pirates-of-the-Caribbean-intermediate#1]                 Book.java:2488 | Book stored as C:\programing\notebeepedison\AudiverisOutput\Pirates-of-the-Caribbean-intermediate.omr
2025-12-11 14:15:22,910 INFO [Pirates-of-the-Caribbean-intermediate#1]            SheetStub.java:1660 | Disposed sheet#1
2025-12-11 14:15:22,974 INFO [Pirates-of-the-Caribbean-intermediate#1]                 Book.java:2015 | End of Stub#1 memory: 38,455,576
2025-12-11 14:15:22,975 INFO [Pirates-of-the-Caribbean-intermediate#2]       StepMonitoring.java:98   | LOAD
2025-12-11 14:15:23,038 INFO [Pirates-of-the-Caribbean-intermediate#2]            SheetStub.java:1273 | Loaded image #2 2479x3508 from C:\programing\notebeepedison\notes\Pirates-of-the-Caribbean-intermediate.pdf
2025-12-11 14:15:23,039 INFO [Pirates-of-the-Caribbean-intermediate#2]       StepMonitoring.java:98   | BINARY
2025-12-11 14:15:23,475 INFO [Pirates-of-the-Caribbean-intermediate#2]       StepMonitoring.java:98   | SCALE
2025-12-11 14:15:23,500 INFO [Pirates-of-the-Caribbean-intermediate#2]         ScaleBuilder.java:241  | Beam  guessed height: 10 -- 0.50 of 19 interline
2025-12-11 14:15:23,500 INFO [Pirates-of-the-Caribbean-intermediate#2]         ScaleBuilder.java:264  | Beam measured height: 18 -- 0.93 of [5..19] range at 145% of needed quorum
2025-12-11 14:15:23,500 INFO [Pirates-of-the-Caribbean-intermediate#2]            ScaleStep.java:65   | Scale{ interline(19,19,20) line(2,2,3) beam(18)}
2025-12-11 14:15:23,501 INFO [Pirates-of-the-Caribbean-intermediate#2]       StepMonitoring.java:98   | GRID
2025-12-11 14:15:23,664 INFO [Pirates-of-the-Caribbean-intermediate#2]       LinesRetriever.java:1500 | Global slope: 0.00000
2025-12-11 14:15:23,689 INFO [Pirates-of-the-Caribbean-intermediate#2]    ClustersRetriever.java:328  | Retrieved raw line clusters: 14 of sizes [5] with interline(19,19,20)
2025-12-11 14:15:23,950 INFO [Pirates-of-the-Caribbean-intermediate#2]            PeakGraph.java:310  | Systems: #1[1, 2] #2[3, 4] #3[5, 6] #4[7, 8] #5[9, 10] #6[11, 12] #7[13, 14]
2025-12-11 14:15:24,086 INFO [Pirates-of-the-Caribbean-intermediate#2]        SystemManager.java:779  | 1 part along 7 systems
2025-12-11 14:15:24,087 INFO [Pirates-of-the-Caribbean-intermediate#2]       StepMonitoring.java:98   | HEADERS
2025-12-11 14:15:24,451 INFO [Pirates-of-the-Caribbean-intermediate#2]       StepMonitoring.java:98   | STEM_SEEDS
2025-12-11 14:15:24,479 INFO [Pirates-of-the-Caribbean-intermediate#2]        StemSeedsStep.java:86   | stem(2 max:3)
2025-12-11 14:15:24,487 INFO [Pirates-of-the-Caribbean-intermediate#2]       StepMonitoring.java:98   | BEAMS
2025-12-11 14:15:31,118 INFO [Pirates-of-the-Caribbean-intermediate#2]       StepMonitoring.java:98   | LEDGERS
2025-12-11 14:15:31,234 INFO [Pirates-of-the-Caribbean-intermediate#2]       StepMonitoring.java:98   | HEADS
2025-12-11 14:15:38,053 INFO [Pirates-of-the-Caribbean-intermediate#2]        HeadSeedTally.java:235  | Scale information: HeadSeeds{NOTEHEAD_VOID[R:-0.4] NOTEHEAD_BLACK[L:-0.4,R:-0.4]}
2025-12-11 14:15:38,053 INFO [Pirates-of-the-Caribbean-intermediate#2]       StepMonitoring.java:98   | STEMS
2025-12-11 14:15:38,751 INFO [Pirates-of-the-Caribbean-intermediate#2]       StepMonitoring.java:98   | REDUCTION
2025-12-11 14:15:38,853 INFO [Pirates-of-the-Caribbean-intermediate#2]        ReductionStep.java:105  | Stems free length median value: 68 pixels, 3.6 interlines
2025-12-11 14:15:38,859 INFO [Pirates-of-the-Caribbean-intermediate#2]       StepMonitoring.java:98   | CUE_BEAMS
2025-12-11 14:15:38,859 INFO [Pirates-of-the-Caribbean-intermediate#2]         CueBeamsStep.java:81   | Step CUE_BEAMS is skipped because small heads switch is off
2025-12-11 14:15:38,859 INFO [Pirates-of-the-Caribbean-intermediate#2]       StepMonitoring.java:98   | TEXTS
2025-12-11 14:15:38,992 WARN [Pirates-of-the-Caribbean-intermediate#2]         TesseractOCR.java:335  | The collection of supported languages is empty
2025-12-11 14:15:38,992 INFO [Pirates-of-the-Caribbean-intermediate#2]              OcrUtil.java:106  | Missing support for 'eng' language(s)
2025-12-11 14:15:38,995 INFO [Pirates-of-the-Caribbean-intermediate#2]       StepMonitoring.java:98   | MEASURES
2025-12-11 14:15:38,998 INFO [Pirates-of-the-Caribbean-intermediate#2]                 Page.java:307  | 44 raw measures: [7 in system#1, 7 in system#2, 7 in system#3, 7 in system#4, 7 in system#5, 4 in system#6, 5 in system#7]
2025-12-11 14:15:38,998 INFO [Pirates-of-the-Caribbean-intermediate#2]       StepMonitoring.java:98   | CHORDS
2025-12-11 14:15:39,009 INFO [Pirates-of-the-Caribbean-intermediate#2]       StepMonitoring.java:98   | CURVES
2025-12-11 14:15:39,656 INFO [Pirates-of-the-Caribbean-intermediate#2]         SlursBuilder.java:240  | Slurs: 1
2025-12-11 14:15:39,674 INFO [Pirates-of-the-Caribbean-intermediate#2]      SegmentsBuilder.java:155  | Segments: 23
2025-12-11 14:15:39,675 INFO [Pirates-of-the-Caribbean-intermediate#2]       StepMonitoring.java:98   | SYMBOLS
2025-12-11 14:15:40,081 INFO [Pirates-of-the-Caribbean-intermediate#2]       StepMonitoring.java:98   | LINKS
2025-12-11 14:15:40,100 INFO [Pirates-of-the-Caribbean-intermediate#2]        SymbolsLinker.java:258  | No chord linked to OctaveShiftInter#9391{(0.744) staff:10 OTTAVA BASSA}
2025-12-11 14:15:40,104 INFO [Pirates-of-the-Caribbean-intermediate#2]        SymbolsLinker.java:258  | No chord linked to OctaveShiftInter#9446{(0.744) staff:11 OTTAVA ALTA}
2025-12-11 14:15:40,111 INFO [Pirates-of-the-Caribbean-intermediate#2]       StepMonitoring.java:98   | RHYTHMS
2025-12-11 14:15:40,111 INFO [Pirates-of-the-Caribbean-intermediate#2]           PageRhythm.java:199  | {Page#2.1} Time value reused from sheet#1
2025-12-11 14:15:40,113 INFO [Pirates-of-the-Caribbean-intermediate#2]        MeasureRhythm.java:1045 | Measure{#3} No timeOffset for HeadChordInter#8483{(0.917/0.917) staff:1 slot#5 dur:1/4}
2025-12-11 14:15:40,113 INFO [Pirates-of-the-Caribbean-intermediate#2]          StackRhythm.java:224  | S1 MeasureStack#3 no correct rhythm
2025-12-11 14:15:40,114 INFO [Pirates-of-the-Caribbean-intermediate#2]        MeasureRhythm.java:1045 | Measure{#5} No timeOffset for HeadChordInter#8509{(0.960/0.960) staff:2 slot#6 dur:1/4}
2025-12-11 14:15:40,114 INFO [Pirates-of-the-Caribbean-intermediate#2]                Voice.java:257  | Measure{#5} Voice{#5 excess:1/8} too long
2025-12-11 14:15:40,114 INFO [Pirates-of-the-Caribbean-intermediate#2]          StackRhythm.java:224  | S1 MeasureStack#5 no correct rhythm
2025-12-11 14:15:40,115 INFO [Pirates-of-the-Caribbean-intermediate#2]        MeasureRhythm.java:1045 | Measure{#7} No timeOffset for HeadChordInter#8516{(0.955/0.955) staff:2 slot#6 dur:1/4}
2025-12-11 14:15:40,115 INFO [Pirates-of-the-Caribbean-intermediate#2]                Voice.java:257  | Measure{#7} Voice{#5 excess:1/8} too long
2025-12-11 14:15:40,115 INFO [Pirates-of-the-Caribbean-intermediate#2]          StackRhythm.java:224  | S1 MeasureStack#7 no correct rhythm
2025-12-11 14:15:40,116 INFO [Pirates-of-the-Caribbean-intermediate#2]        MeasureRhythm.java:1045 | Measure{#9} No timeOffset for HeadChordInter#8543{(0.960/0.960) staff:4 slot#6 dur:1/4}
2025-12-11 14:15:40,116 INFO [Pirates-of-the-Caribbean-intermediate#2]                Voice.java:257  | Measure{#9} Voice{#5 excess:1/8} too long
2025-12-11 14:15:40,117 INFO [Pirates-of-the-Caribbean-intermediate#2]          StackRhythm.java:224  | S2 MeasureStack#9 no correct rhythm
2025-12-11 14:15:40,117 INFO [Pirates-of-the-Caribbean-intermediate#2]        MeasureRhythm.java:1045 | Measure{#11} No timeOffset for HeadChordInter#8527{(0.917/0.917) staff:3 slot#5 dur:1/4}
2025-12-11 14:15:40,117 INFO [Pirates-of-the-Caribbean-intermediate#2]          StackRhythm.java:224  | S2 MeasureStack#11 no correct rhythm
2025-12-11 14:15:40,117 INFO [Pirates-of-the-Caribbean-intermediate#2]        MeasureRhythm.java:1045 | Measure{#12} No timeOffset for HeadChordInter#8530{(0.936/0.936) staff:3 slot#5 dur:1/4}
2025-12-11 14:15:40,117 INFO [Pirates-of-the-Caribbean-intermediate#2]          StackRhythm.java:224  | S2 MeasureStack#12 no correct rhythm
2025-12-11 14:15:40,117 INFO [Pirates-of-the-Caribbean-intermediate#2]        MeasureRhythm.java:1045 | Measure{#15} No timeOffset for HeadChordInter#8558{(0.914/0.914) staff:5 slot#5 dur:1/4}
2025-12-11 14:15:40,117 INFO [Pirates-of-the-Caribbean-intermediate#2]          StackRhythm.java:224  | S3 MeasureStack#15 no correct rhythm
2025-12-11 14:15:40,117 INFO [Pirates-of-the-Caribbean-intermediate#2]        MeasureRhythm.java:1045 | Measure{#16} No timeOffset for HeadChordInter#8561{(0.926/0.926) staff:5 slot#5 dur:1/4}
2025-12-11 14:15:40,117 INFO [Pirates-of-the-Caribbean-intermediate#2]          StackRhythm.java:224  | S3 MeasureStack#16 no correct rhythm
2025-12-11 14:15:40,117 INFO [Pirates-of-the-Caribbean-intermediate#2]        MeasureRhythm.java:1045 | Measure{#18} No timeOffset for HeadChordInter#8567{(0.917/0.917) staff:5 slot#5 dur:1/4}
2025-12-11 14:15:40,117 INFO [Pirates-of-the-Caribbean-intermediate#2]          StackRhythm.java:224  | S3 MeasureStack#18 no correct rhythm
2025-12-11 14:15:40,117 INFO [Pirates-of-the-Caribbean-intermediate#2]        MeasureRhythm.java:1045 | Measure{#19} No timeOffset for HeadChordInter#8570{(0.925/0.925) staff:5 slot#5 dur:1/4}
2025-12-11 14:15:40,117 INFO [Pirates-of-the-Caribbean-intermediate#2]          StackRhythm.java:224  | S3 MeasureStack#19 no correct rhythm
2025-12-11 14:15:40,117 INFO [Pirates-of-the-Caribbean-intermediate#2]                Voice.java:257  | Measure{#20} Voice{#1 excess:1/8} too long
2025-12-11 14:15:40,117 INFO [Pirates-of-the-Caribbean-intermediate#2]          StackRhythm.java:224  | S3 MeasureStack#20 no correct rhythm
2025-12-11 14:15:40,117 INFO [Pirates-of-the-Caribbean-intermediate#2]        MeasureRhythm.java:1045 | Measure{#23} No timeOffset for HeadChordInter#8601{(0.929/0.929) staff:7 slot#5 dur:1/4}
2025-12-11 14:15:40,117 INFO [Pirates-of-the-Caribbean-intermediate#2]          StackRhythm.java:224  | S4 MeasureStack#23 no correct rhythm
2025-12-11 14:15:40,117 INFO [Pirates-of-the-Caribbean-intermediate#2]        MeasureRhythm.java:1045 | Measure{#26} No timeOffset for HeadChordInter#8610{(0.890/0.890) staff:7 slot#5 dur:1/4}
2025-12-11 14:15:40,117 INFO [Pirates-of-the-Caribbean-intermediate#2]          StackRhythm.java:224  | S4 MeasureStack#26 no correct rhythm
2025-12-11 14:15:40,117 INFO [Pirates-of-the-Caribbean-intermediate#2]        MeasureRhythm.java:1045 | Measure{#27} No timeOffset for HeadChordInter#8613{(0.913/0.913) staff:7 slot#5 dur:1/4}
2025-12-11 14:15:40,117 INFO [Pirates-of-the-Caribbean-intermediate#2]          StackRhythm.java:224  | S4 MeasureStack#27 no correct rhythm
2025-12-11 14:15:40,117 INFO [Pirates-of-the-Caribbean-intermediate#2]        MeasureRhythm.java:1045 | Measure{#28} No timeOffset for HeadChordInter#8634{(0.959/0.959) staff:8 slot#5 dur:1/4}
2025-12-11 14:15:40,117 INFO [Pirates-of-the-Caribbean-intermediate#2]                Voice.java:257  | Measure{#28} Voice{#5 excess:1/8} too long
2025-12-11 14:15:40,117 INFO [Pirates-of-the-Caribbean-intermediate#2]          StackRhythm.java:224  | S4 MeasureStack#28 no correct rhythm
2025-12-11 14:15:40,117 INFO [Pirates-of-the-Caribbean-intermediate#2]        MeasureRhythm.java:1045 | Measure{#29} No timeOffset for HeadChordInter#8654{(0.951/0.951) staff:10 slot#5 dur:1/4}
2025-12-11 14:15:40,117 INFO [Pirates-of-the-Caribbean-intermediate#2]                Voice.java:257  | Measure{#29} Voice{#5 excess:1/8} too long
2025-12-11 14:15:40,117 INFO [Pirates-of-the-Caribbean-intermediate#2]          StackRhythm.java:224  | S5 MeasureStack#29 no correct rhythm
2025-12-11 14:15:40,117 INFO [Pirates-of-the-Caribbean-intermediate#2]        MeasureRhythm.java:1045 | Measure{#31} No timeOffset for HeadChordInter#8661{(0.957/0.957) staff:10 slot#6 dur:1/4}
2025-12-11 14:15:40,117 INFO [Pirates-of-the-Caribbean-intermediate#2]                Voice.java:257  | Measure{#31} Voice{#5 excess:1/8} too long
2025-12-11 14:15:40,117 INFO [Pirates-of-the-Caribbean-intermediate#2]          StackRhythm.java:224  | S5 MeasureStack#31 no correct rhythm
2025-12-11 14:15:40,117 INFO [Pirates-of-the-Caribbean-intermediate#2]        MeasureRhythm.java:1045 | Measure{#32} No timeOffset for HeadChordInter#8666{(0.962/0.962) staff:10 slot#5 dur:1/4}
2025-12-11 14:15:40,117 INFO [Pirates-of-the-Caribbean-intermediate#2]                Voice.java:257  | Measure{#32} Voice{#5 excess:1/8} too long
2025-12-11 14:15:40,117 INFO [Pirates-of-the-Caribbean-intermediate#2]          StackRhythm.java:224  | S5 MeasureStack#32 no correct rhythm
2025-12-11 14:15:40,117 INFO [Pirates-of-the-Caribbean-intermediate#2]        MeasureRhythm.java:1045 | Measure{#33} No timeOffset for HeadChordInter#8671{(0.956/0.956) staff:10 slot#5 dur:1/4}
2025-12-11 14:15:40,117 INFO [Pirates-of-the-Caribbean-intermediate#2]                Voice.java:257  | Measure{#33} Voice{#5 excess:1/8} too long
2025-12-11 14:15:40,117 INFO [Pirates-of-the-Caribbean-intermediate#2]          StackRhythm.java:224  | S5 MeasureStack#33 no correct rhythm
2025-12-11 14:15:40,117 INFO [Pirates-of-the-Caribbean-intermediate#2]        MeasureRhythm.java:1045 | Measure{#35} No timeOffset for HeadChordInter#8649{(0.911/0.911) staff:9 slot#5 dur:1/4}
2025-12-11 14:15:40,117 INFO [Pirates-of-the-Caribbean-intermediate#2]                Voice.java:257  | Measure{#35} Voice{#1 excess:1/8} too long
2025-12-11 14:15:40,117 INFO [Pirates-of-the-Caribbean-intermediate#2]          StackRhythm.java:224  | S5 MeasureStack#35 no correct rhythm
2025-12-11 14:15:40,117 INFO [Pirates-of-the-Caribbean-intermediate#2]        MeasureRhythm.java:1045 | Measure{#36} No timeOffset for HeadChordInter#8680{(0.927/0.927) staff:11 slot#5 dur:1/4}
2025-12-11 14:15:40,117 INFO [Pirates-of-the-Caribbean-intermediate#2]                Voice.java:257  | Measure{#36} Voice{#1 excess:1/8} too long
2025-12-11 14:15:40,117 INFO [Pirates-of-the-Caribbean-intermediate#2]          StackRhythm.java:224  | S6 MeasureStack#36 no correct rhythm
2025-12-11 14:15:40,117 INFO [Pirates-of-the-Caribbean-intermediate#2]        MeasureRhythm.java:1045 | Measure{#37} No timeOffset for HeadChordInter#8684{(0.927/0.927) staff:11 slot#5 dur:1/4}
2025-12-11 14:15:40,117 INFO [Pirates-of-the-Caribbean-intermediate#2]                Voice.java:257  | Measure{#37} Voice{#1 excess:1/8} too long
2025-12-11 14:15:40,117 INFO [Pirates-of-the-Caribbean-intermediate#2]          StackRhythm.java:224  | S6 MeasureStack#37 no correct rhythm
2025-12-11 14:15:40,117 INFO [Pirates-of-the-Caribbean-intermediate#2]        MeasureRhythm.java:1045 | Measure{#39} No timeOffset for HeadChordInter#8702{(0.962/0.962) staff:12 slot#6 dur:1/4}
2025-12-11 14:15:40,117 INFO [Pirates-of-the-Caribbean-intermediate#2]                Voice.java:257  | Measure{#39} Voice{#5 excess:1/8} too long
2025-12-11 14:15:40,117 INFO [Pirates-of-the-Caribbean-intermediate#2]          StackRhythm.java:224  | S6 MeasureStack#39 no correct rhythm
2025-12-11 14:15:40,117 INFO [Pirates-of-the-Caribbean-intermediate#2]        MeasureRhythm.java:1045 | Measure{#40} No timeOffset for HeadChordInter#8714{(0.960/0.960) staff:14 slot#5 dur:1/4}
2025-12-11 14:15:40,117 INFO [Pirates-of-the-Caribbean-intermediate#2]                Voice.java:257  | Measure{#40} Voice{#5 excess:1/8} too long
2025-12-11 14:15:40,117 INFO [Pirates-of-the-Caribbean-intermediate#2]          StackRhythm.java:224  | S7 MeasureStack#40 no correct rhythm
2025-12-11 14:15:40,117 INFO [Pirates-of-the-Caribbean-intermediate#2]        MeasureRhythm.java:1045 | Measure{#41} No timeOffset for HeadChordInter#8719{(0.960/0.960) staff:14 slot#5 dur:1/4}
2025-12-11 14:15:40,133 INFO [Pirates-of-the-Caribbean-intermediate#2]                Voice.java:257  | Measure{#41} Voice{#5 excess:1/8} too long
2025-12-11 14:15:40,134 INFO [Pirates-of-the-Caribbean-intermediate#2]          StackRhythm.java:224  | S7 MeasureStack#41 no correct rhythm
2025-12-11 14:15:40,135 INFO [Pirates-of-the-Caribbean-intermediate#2]        MeasureRhythm.java:1045 | Measure{#43} No timeOffset for HeadChordInter#8725{(0.953/0.953) staff:14 slot#4 dur:1/4}
2025-12-11 14:15:40,135 INFO [Pirates-of-the-Caribbean-intermediate#2]                Voice.java:257  | Measure{#43} Voice{#5 excess:1/8} too long
2025-12-11 14:15:40,135 INFO [Pirates-of-the-Caribbean-intermediate#2]          StackRhythm.java:224  | S7 MeasureStack#43 no correct rhythm
2025-12-11 14:15:40,136 INFO [Pirates-of-the-Caribbean-intermediate#2]       StepMonitoring.java:98   | PAGE
2025-12-11 14:15:40,137 INFO [Pirates-of-the-Caribbean-intermediate#2]                Voice.java:257  | Measure{#5} Voice{#5 excess:1/8} too long
2025-12-11 14:15:40,138 INFO [Pirates-of-the-Caribbean-intermediate#2]                Voice.java:257  | Measure{#7} Voice{#5 excess:1/8} too long
2025-12-11 14:15:40,138 INFO [Pirates-of-the-Caribbean-intermediate#2]                Voice.java:257  | Measure{#9} Voice{#5 excess:1/8} too long
2025-12-11 14:15:40,138 INFO [Pirates-of-the-Caribbean-intermediate#2]                Voice.java:257  | Measure{#20} Voice{#1 excess:1/8} too long
2025-12-11 14:15:40,138 INFO [Pirates-of-the-Caribbean-intermediate#2]                Voice.java:257  | Measure{#28} Voice{#5 excess:1/8} too long
2025-12-11 14:15:40,138 INFO [Pirates-of-the-Caribbean-intermediate#2]                Voice.java:257  | Measure{#29} Voice{#5 excess:1/8} too long
2025-12-11 14:15:40,138 INFO [Pirates-of-the-Caribbean-intermediate#2]                Voice.java:257  | Measure{#31} Voice{#5 excess:1/8} too long
2025-12-11 14:15:40,138 INFO [Pirates-of-the-Caribbean-intermediate#2]                Voice.java:257  | Measure{#32} Voice{#5 excess:1/8} too long
2025-12-11 14:15:40,138 INFO [Pirates-of-the-Caribbean-intermediate#2]                Voice.java:257  | Measure{#33} Voice{#5 excess:1/8} too long
2025-12-11 14:15:40,138 INFO [Pirates-of-the-Caribbean-intermediate#2]                Voice.java:257  | Measure{#35} Voice{#1 excess:1/8} too long
2025-12-11 14:15:40,139 INFO [Pirates-of-the-Caribbean-intermediate#2]                Voice.java:257  | Measure{#36} Voice{#1 excess:1/8} too long
2025-12-11 14:15:40,139 INFO [Pirates-of-the-Caribbean-intermediate#2]                Voice.java:257  | Measure{#37} Voice{#1 excess:1/8} too long
2025-12-11 14:15:40,139 INFO [Pirates-of-the-Caribbean-intermediate#2]                Voice.java:257  | Measure{#39} Voice{#5 excess:1/8} too long
2025-12-11 14:15:40,139 INFO [Pirates-of-the-Caribbean-intermediate#2]                Voice.java:257  | Measure{#40} Voice{#5 excess:1/8} too long
2025-12-11 14:15:40,140 INFO [Pirates-of-the-Caribbean-intermediate#2]                Voice.java:257  | Measure{#41} Voice{#5 excess:1/8} too long
2025-12-11 14:15:40,140 INFO [Pirates-of-the-Caribbean-intermediate#2]                Voice.java:257  | Measure{#43} Voice{#5 excess:1/8} too long
2025-12-11 14:15:40,141 INFO [Pirates-of-the-Caribbean-intermediate#2]                 Book.java:2547 | Book{Pirates-of-the-Caribbean-intermediate} storing
2025-12-11 14:15:40,196 INFO [Pirates-of-the-Caribbean-intermediate#2]                 Book.java:2528 | Stored /book.xml
2025-12-11 14:15:40,310 INFO [Pirates-of-the-Caribbean-intermediate#2]           DataHolder.java:348  | Stored /sheet#2/BINARY.png
2025-12-11 14:15:40,824 INFO [Pirates-of-the-Caribbean-intermediate#2]                Sheet.java:1583 | Stored /sheet#2/sheet#2.xml
2025-12-11 14:15:40,824 INFO [Pirates-of-the-Caribbean-intermediate#2]                 Book.java:2488 | Book stored as C:\programing\notebeepedison\AudiverisOutput\Pirates-of-the-Caribbean-intermediate.omr
2025-12-11 14:15:40,831 INFO [Pirates-of-the-Caribbean-intermediate#2]            SheetStub.java:1660 | Disposed sheet#2
2025-12-11 14:15:40,888 INFO [Pirates-of-the-Caribbean-intermediate#2]                 Book.java:2015 | End of Stub#2 memory: 38,023,968
2025-12-11 14:15:40,889 INFO [Pirates-of-the-Caribbean-intermediate]                 Book.java:2022 | Book processed.
2025-12-11 14:15:41,347 INFO [Pirates-of-the-Caribbean-intermediate]            SheetStub.java:997  | Loaded /sheet#1/sheet#1.xml
2025-12-11 14:15:41,672 INFO [Pirates-of-the-Caribbean-intermediate]            SheetStub.java:997  | Loaded /sheet#2/sheet#2.xml
2025-12-11 14:15:42,055 INFO [Pirates-of-the-Caribbean-intermediate]      PartwiseBuilder.java:2688 | Exporting sheet(s): [#1#2]
2025-12-11 14:15:42,228 INFO [Pirates-of-the-Caribbean-intermediate]        ScoreExporter.java:164  | Score Pirates-of-the-Caribbean-intermediate exported to C:\programing\notebeepedison\AudiverisOutput\Pirates-of-the-Caribbean-intermediate.mxl
2025-12-11 14:15:42,278 INFO [Pirates-of-the-Caribbean-intermediate]                Score.java:181  | Closing {Score 1}
