2026-01-15 13:20:44,380 ERROR [Pirates-of-the-Caribbean-intermediate]              IOUtils.java:278  | Unmapping is not supported.
java.lang.reflect.InaccessibleObjectException: Unable to make public jdk.internal.ref.Cleaner java.nio.DirectByteBuffer.cleaner() accessible: module java.base does not "opens java.nio" to unnamed module @6283d8b8
	at java.base/java.lang.reflect.AccessibleObject.throwInaccessibleObjectException(Unknown Source)
	at java.base/java.lang.reflect.AccessibleObject.checkCanSetAccessible(Unknown Source)
	at java.base/java.lang.reflect.AccessibleObject.checkCanSetAccessible(Unknown Source)
	at java.base/java.lang.reflect.Method.checkCanSetAccessible(Unknown Source)
	at java.base/java.lang.reflect.Method.setAccessible(Unknown Source)
	at org.apache.pdfbox.io.IOUtils.unmapper(IOUtils.java:244)
	at java.base/java.security.AccessController.doPrivileged(Unknown Source)
	at org.apache.pdfbox.io.IOUtils.<clinit>(IOUtils.java:69)
	at org.apache.pdfbox.Loader.loadPDF(Loader.java:378)
	at org.audiveris.omr.image.ImageLoading.getPdfLoader(ImageLoading.java:159)
	at org.audiveris.omr.image.ImageLoading.getLoader(ImageLoading.java:209)
	at org.audiveris.omr.sheet.Book.createStubs(Book.java:554)
	at org.audiveris.omr.CLI$ProcessingTask.processBook(CLI.java:830)
	at org.audiveris.omr.CLI$CliTask.call(CLI.java:504)
	at org.audiveris.omr.Main.runBatchTasks(Main.java:371)
	at org.audiveris.omr.Main.main(Main.java:260)
	at Audiveris.main(Audiveris.java:50)
2026-01-15 13:20:44,411 INFO [Pirates-of-the-Caribbean-intermediate]                 Book.java:559  | 2 sheets in C:\programing\notebeepedison\notes\Pirates-of-the-Caribbean-intermediate.pdf
2026-01-15 13:20:44,561 INFO []                 Book.java:2528 | Stored /book.xml
2026-01-15 13:20:44,562 INFO []                 Book.java:2488 | Book stored as C:\programing\notebeepedison\AudiverisOutput\Pirates-of-the-Caribbean-intermediate.omr
2026-01-15 13:20:44,566 INFO []                 Book.java:1930 | Book reaching PAGE on sheets:[#1#2]
2026-01-15 13:20:44,567 INFO [Pirates-of-the-Caribbean-intermediate#1]       StepMonitoring.java:98   | LOAD
2026-01-15 13:20:44,773 INFO [Pirates-of-the-Caribbean-intermediate#1]            SheetStub.java:1273 | Loaded image #1 2479x3508 from C:\programing\notebeepedison\notes\Pirates-of-the-Caribbean-intermediate.pdf
2026-01-15 13:20:44,776 INFO [Pirates-of-the-Caribbean-intermediate#1]       StepMonitoring.java:98   | BINARY
2026-01-15 13:20:45,076 INFO [Pirates-of-the-Caribbean-intermediate#1]       StepMonitoring.java:98   | SCALE
2026-01-15 13:20:45,098 INFO [Pirates-of-the-Caribbean-intermediate#1]         ScaleBuilder.java:241  | Beam  guessed height: 10 -- 0.50 of 19 interline
2026-01-15 13:20:45,099 INFO [Pirates-of-the-Caribbean-intermediate#1]         ScaleBuilder.java:264  | Beam measured height: 18 -- 0.93 of [5..19] range at 155% of needed quorum
2026-01-15 13:20:45,099 INFO [Pirates-of-the-Caribbean-intermediate#1]            ScaleStep.java:65   | Scale{ interline(19,19,20) line(2,2,3) beam(18)}
2026-01-15 13:20:45,100 INFO [Pirates-of-the-Caribbean-intermediate#1]       StepMonitoring.java:98   | GRID
2026-01-15 13:20:45,420 INFO [Pirates-of-the-Caribbean-intermediate#1]       LinesRetriever.java:1500 | Global slope: 0.00000
2026-01-15 13:20:45,468 INFO [Pirates-of-the-Caribbean-intermediate#1]    ClustersRetriever.java:328  | Retrieved raw line clusters: 12 of sizes [5] with interline(19,19,20)
2026-01-15 13:20:45,644 INFO [Pirates-of-the-Caribbean-intermediate#1]            PeakGraph.java:310  | Systems: #1[1, 2] #2[3, 4] #3[5, 6] #4[7, 8] #5[9, 10] #6[11, 12]
2026-01-15 13:20:45,827 INFO [Pirates-of-the-Caribbean-intermediate#1]        SystemManager.java:779  | 1 part along 6 systems
2026-01-15 13:20:45,828 INFO [Pirates-of-the-Caribbean-intermediate#1]                 Book.java:542  | Created scores: [{Score 1}]
2026-01-15 13:20:45,828 INFO [Pirates-of-the-Caribbean-intermediate#1]       StepMonitoring.java:98   | HEADERS
2026-01-15 13:20:46,012 INFO [Pirates-of-the-Caribbean-intermediate#1]      BasicClassifier.java:286  | Classifier loaded XML norms.
2026-01-15 13:20:46,017 INFO [Pirates-of-the-Caribbean-intermediate#1]   AbstractClassifier.java:396  | Classifier data loaded from default uri jar:file:/C:/Program%20Files/Audiveris/app/audiveris.jar!/res/basic-classifier.zip
2026-01-15 13:20:46,538 INFO [Pirates-of-the-Caribbean-intermediate#1]       StepMonitoring.java:98   | STEM_SEEDS
2026-01-15 13:20:46,573 INFO [Pirates-of-the-Caribbean-intermediate#1]        StemSeedsStep.java:86   | stem(2 max:3)
2026-01-15 13:20:46,624 INFO [Pirates-of-the-Caribbean-intermediate#1]       StepMonitoring.java:98   | BEAMS
2026-01-15 13:20:51,372 INFO [Pirates-of-the-Caribbean-intermediate#1]       StepMonitoring.java:98   | LEDGERS
2026-01-15 13:20:51,644 INFO [Pirates-of-the-Caribbean-intermediate#1]       StepMonitoring.java:98   | HEADS
2026-01-15 13:20:55,486 INFO [Pirates-of-the-Caribbean-intermediate#1]        HeadSeedTally.java:235  | Scale information: HeadSeeds{NOTEHEAD_VOID[R:-0.3] NOTEHEAD_BLACK[L:-0.6,R:-0.4]}
2026-01-15 13:20:55,486 INFO [Pirates-of-the-Caribbean-intermediate#1]       StepMonitoring.java:98   | STEMS
2026-01-15 13:20:56,036 INFO [Pirates-of-the-Caribbean-intermediate#1]       StepMonitoring.java:98   | REDUCTION
2026-01-15 13:20:56,176 INFO [Pirates-of-the-Caribbean-intermediate#1]        ReductionStep.java:105  | Stems free length median value: 68 pixels, 3.6 interlines
2026-01-15 13:20:56,181 INFO [Pirates-of-the-Caribbean-intermediate#1]       StepMonitoring.java:98   | CUE_BEAMS
2026-01-15 13:20:56,181 INFO [Pirates-of-the-Caribbean-intermediate#1]         CueBeamsStep.java:81   | Step CUE_BEAMS is skipped because small heads switch is off
2026-01-15 13:20:56,183 INFO [Pirates-of-the-Caribbean-intermediate#1]       StepMonitoring.java:98   | TEXTS
2026-01-15 13:20:56,293 WARN [Pirates-of-the-Caribbean-intermediate#1]         TesseractOCR.java:335  | The collection of supported languages is empty
2026-01-15 13:20:56,293 INFO [Pirates-of-the-Caribbean-intermediate#1]              OcrUtil.java:106  | Missing support for 'eng' language(s)
2026-01-15 13:20:56,300 INFO [Pirates-of-the-Caribbean-intermediate#1]       StepMonitoring.java:98   | MEASURES
2026-01-15 13:20:56,307 INFO [Pirates-of-the-Caribbean-intermediate#1]                 Page.java:307  | 42 raw measures: [7 in system#1, 7 in system#2, 7 in system#3, 7 in system#4, 7 in system#5, 7 in system#6]
2026-01-15 13:20:56,307 INFO [Pirates-of-the-Caribbean-intermediate#1]       StepMonitoring.java:98   | CHORDS
2026-01-15 13:20:56,321 INFO [Pirates-of-the-Caribbean-intermediate#1]       StepMonitoring.java:98   | CURVES
2026-01-15 13:20:56,880 INFO [Pirates-of-the-Caribbean-intermediate#1]         SlursBuilder.java:240  | Slurs: 1
2026-01-15 13:20:56,894 INFO [Pirates-of-the-Caribbean-intermediate#1]      SegmentsBuilder.java:155  | Segments: 18
2026-01-15 13:20:56,901 INFO [Pirates-of-the-Caribbean-intermediate#1]       StepMonitoring.java:98   | SYMBOLS
2026-01-15 13:20:57,366 INFO [Pirates-of-the-Caribbean-intermediate#1]       StepMonitoring.java:98   | LINKS
2026-01-15 13:20:57,368 INFO [Pirates-of-the-Caribbean-intermediate#1]        SymbolsLinker.java:258  | No chord linked to OctaveShiftInter#9003{(0.288) staff:2 OTTAVA BASSA}
2026-01-15 13:20:57,369 INFO [Pirates-of-the-Caribbean-intermediate#1]        SymbolsLinker.java:258  | No chord linked to OctaveShiftInter#9034{(0.552) staff:1 OTTAVA ALTA}
2026-01-15 13:20:57,385 INFO [Pirates-of-the-Caribbean-intermediate#1]        SymbolsLinker.java:258  | No chord linked to OctaveShiftInter#9060{(0.288) staff:3 OTTAVA ALTA}
2026-01-15 13:20:57,395 INFO [Pirates-of-the-Caribbean-intermediate#1]        SymbolsLinker.java:258  | No chord linked to OctaveShiftInter#9097{(0.232) staff:6 VENTIDUESIMA BASSA}
2026-01-15 13:20:57,402 INFO [Pirates-of-the-Caribbean-intermediate#1]        SymbolsLinker.java:258  | No chord linked to OctaveShiftInter#9231{(0.232) staff:7 VENTIDUESIMA ALTA}
2026-01-15 13:20:57,416 INFO [Pirates-of-the-Caribbean-intermediate#1]       StepMonitoring.java:98   | RHYTHMS
2026-01-15 13:20:57,435 INFO [Pirates-of-the-Caribbean-intermediate#1]        MeasureRhythm.java:1045 | Measure{#2} No timeOffset for HeadChordInter#8203{(0.923/0.923) staff:1 slot#5 dur:1/4}
2026-01-15 13:20:57,435 INFO [Pirates-of-the-Caribbean-intermediate#1]                Voice.java:257  | Measure{#2} Voice{#1 excess:1/8} too long
2026-01-15 13:20:57,435 INFO [Pirates-of-the-Caribbean-intermediate#1]          StackRhythm.java:224  | S1 MeasureStack#2 no correct rhythm
2026-01-15 13:20:57,437 INFO [Pirates-of-the-Caribbean-intermediate#1]        MeasureRhythm.java:1045 | Measure{#4} No timeOffset for HeadChordInter#8212{(0.924/0.924) staff:1 slot#5 dur:1/4}
2026-01-15 13:20:57,438 INFO [Pirates-of-the-Caribbean-intermediate#1]                Voice.java:257  | Measure{#4} Voice{#1 excess:1/8} too long
2026-01-15 13:20:57,438 INFO [Pirates-of-the-Caribbean-intermediate#1]          StackRhythm.java:224  | S1 MeasureStack#4 no correct rhythm
2026-01-15 13:20:57,441 INFO [Pirates-of-the-Caribbean-intermediate#1]        MeasureRhythm.java:1045 | Measure{#6} No timeOffset for HeadChordInter#8221{(0.924/0.924) staff:1 slot#5 dur:1/4}
2026-01-15 13:20:57,441 INFO [Pirates-of-the-Caribbean-intermediate#1]                Voice.java:257  | Measure{#6} Voice{#1 excess:1/8} too long
2026-01-15 13:20:57,442 INFO [Pirates-of-the-Caribbean-intermediate#1]          StackRhythm.java:224  | S1 MeasureStack#6 no correct rhythm
2026-01-15 13:20:57,444 INFO [Pirates-of-the-Caribbean-intermediate#1]        MeasureRhythm.java:1045 | Measure{#7} No timeOffset for HeadChordInter#8225{(0.941/0.941) staff:1 slot#5 dur:1/4}
2026-01-15 13:20:57,445 INFO [Pirates-of-the-Caribbean-intermediate#1]          StackRhythm.java:224  | S1 MeasureStack#7 no correct rhythm
2026-01-15 13:20:57,447 INFO [Pirates-of-the-Caribbean-intermediate#1]        MeasureRhythm.java:1045 | Measure{#8} No timeOffset for HeadChordInter#8234{(0.948/0.948) staff:3 slot#5 dur:1/4}
2026-01-15 13:20:57,448 INFO [Pirates-of-the-Caribbean-intermediate#1]          StackRhythm.java:224  | S2 MeasureStack#8 no correct rhythm
2026-01-15 13:20:57,449 INFO [Pirates-of-the-Caribbean-intermediate#1]        MeasureRhythm.java:1045 | Measure{#9} No timeOffset for HeadChordInter#8238{(0.925/0.925) staff:3 slot#5 dur:1/4}
2026-01-15 13:20:57,450 INFO [Pirates-of-the-Caribbean-intermediate#1]          StackRhythm.java:224  | S2 MeasureStack#9 no correct rhythm
2026-01-15 13:20:57,452 INFO [Pirates-of-the-Caribbean-intermediate#1]        MeasureRhythm.java:1045 | Measure{#10} No timeOffset for HeadChordInter#8242{(0.911/0.911) staff:3 slot#5 dur:1/4}
2026-01-15 13:20:57,453 INFO [Pirates-of-the-Caribbean-intermediate#1]          StackRhythm.java:224  | S2 MeasureStack#10 no correct rhythm
2026-01-15 13:20:57,454 INFO [Pirates-of-the-Caribbean-intermediate#1]        MeasureRhythm.java:1045 | Measure{#11} No timeOffset for HeadChordInter#8246{(0.951/0.951) staff:3 slot#5 dur:1/4}
2026-01-15 13:20:57,454 INFO [Pirates-of-the-Caribbean-intermediate#1]          StackRhythm.java:224  | S2 MeasureStack#11 no correct rhythm
2026-01-15 13:20:57,456 INFO [Pirates-of-the-Caribbean-intermediate#1]        MeasureRhythm.java:1045 | Measure{#12} No timeOffset for HeadChordInter#8250{(0.947/0.947) staff:3 slot#5 dur:1/4}
2026-01-15 13:20:57,456 INFO [Pirates-of-the-Caribbean-intermediate#1]          StackRhythm.java:224  | S2 MeasureStack#12 no correct rhythm
2026-01-15 13:20:57,457 INFO [Pirates-of-the-Caribbean-intermediate#1]        MeasureRhythm.java:1045 | Measure{#13} No timeOffset for HeadChordInter#8254{(0.903/0.903) staff:3 slot#5 dur:1/4}
2026-01-15 13:20:57,457 INFO [Pirates-of-the-Caribbean-intermediate#1]          StackRhythm.java:224  | S2 MeasureStack#13 no correct rhythm
2026-01-15 13:20:57,458 INFO [Pirates-of-the-Caribbean-intermediate#1]        MeasureRhythm.java:1045 | Measure{#14} No timeOffset for HeadChordInter#8257{(0.911/0.911) staff:3 slot#5 dur:1/4}
2026-01-15 13:20:57,459 INFO [Pirates-of-the-Caribbean-intermediate#1]          StackRhythm.java:224  | S2 MeasureStack#14 no correct rhythm
2026-01-15 13:20:57,460 INFO [Pirates-of-the-Caribbean-intermediate#1]        MeasureRhythm.java:1045 | Measure{#15} No timeOffset for HeadChordInter#8276{(0.949/0.949) staff:5 slot#5 dur:1/4}
2026-01-15 13:20:57,460 INFO [Pirates-of-the-Caribbean-intermediate#1]          StackRhythm.java:224  | S3 MeasureStack#15 no correct rhythm
2026-01-15 13:20:57,461 INFO [Pirates-of-the-Caribbean-intermediate#1]        MeasureRhythm.java:1045 | Measure{#16} No timeOffset for HeadChordInter#8280{(0.955/0.955) staff:5 slot#5 dur:1/4}
2026-01-15 13:20:57,461 INFO [Pirates-of-the-Caribbean-intermediate#1]          StackRhythm.java:224  | S3 MeasureStack#16 no correct rhythm
2026-01-15 13:20:57,462 INFO [Pirates-of-the-Caribbean-intermediate#1]        MeasureRhythm.java:1045 | Measure{#17} No timeOffset for HeadChordInter#8284{(0.924/0.924) staff:5 slot#5 dur:1/4}
2026-01-15 13:20:57,462 INFO [Pirates-of-the-Caribbean-intermediate#1]          StackRhythm.java:224  | S3 MeasureStack#17 no correct rhythm
2026-01-15 13:20:57,464 INFO [Pirates-of-the-Caribbean-intermediate#1]        MeasureRhythm.java:1045 | Measure{#18} No timeOffset for HeadChordInter#8288{(0.918/0.918) staff:5 slot#5 dur:1/4}
2026-01-15 13:20:57,465 INFO [Pirates-of-the-Caribbean-intermediate#1]          StackRhythm.java:224  | S3 MeasureStack#18 no correct rhythm
2026-01-15 13:20:57,467 INFO [Pirates-of-the-Caribbean-intermediate#1]        MeasureRhythm.java:1045 | Measure{#20} No timeOffset for HeadChordInter#8295{(0.918/0.918) staff:5 slot#5 dur:1/4}
2026-01-15 13:20:57,467 INFO [Pirates-of-the-Caribbean-intermediate#1]          StackRhythm.java:224  | S3 MeasureStack#20 no correct rhythm
2026-01-15 13:20:57,471 INFO [Pirates-of-the-Caribbean-intermediate#1]                Voice.java:257  | Measure{#22} Voice{#1 excess:1/8} too long
2026-01-15 13:20:57,471 INFO [Pirates-of-the-Caribbean-intermediate#1]          StackRhythm.java:224  | S4 MeasureStack#22 no correct rhythm
2026-01-15 13:20:57,472 INFO [Pirates-of-the-Caribbean-intermediate#1]        MeasureRhythm.java:1045 | Measure{#23} No timeOffset for HeadChordInter#8320{(0.951/0.951) staff:7 slot#5 dur:1/4}
2026-01-15 13:20:57,473 INFO [Pirates-of-the-Caribbean-intermediate#1]          StackRhythm.java:224  | S4 MeasureStack#23 no correct rhythm
2026-01-15 13:20:57,475 INFO [Pirates-of-the-Caribbean-intermediate#1]        MeasureRhythm.java:1045 | Measure{#24} No timeOffset for HeadChordInter#8324{(0.937/0.937) staff:7 slot#5 dur:1/4}
2026-01-15 13:20:57,475 INFO [Pirates-of-the-Caribbean-intermediate#1]          StackRhythm.java:224  | S4 MeasureStack#24 no correct rhythm
2026-01-15 13:20:57,476 INFO [Pirates-of-the-Caribbean-intermediate#1]        MeasureRhythm.java:1045 | Measure{#25} No timeOffset for HeadChordInter#8328{(0.936/0.936) staff:7 slot#5 dur:1/4}
2026-01-15 13:20:57,476 INFO [Pirates-of-the-Caribbean-intermediate#1]          StackRhythm.java:224  | S4 MeasureStack#25 no correct rhythm
2026-01-15 13:20:57,477 INFO [Pirates-of-the-Caribbean-intermediate#1]        MeasureRhythm.java:1045 | Measure{#26} No timeOffset for HeadChordInter#8332{(0.923/0.923) staff:7 slot#5 dur:1/4}
2026-01-15 13:20:57,477 INFO [Pirates-of-the-Caribbean-intermediate#1]          StackRhythm.java:224  | S4 MeasureStack#26 no correct rhythm
2026-01-15 13:20:57,478 INFO [Pirates-of-the-Caribbean-intermediate#1]        MeasureRhythm.java:1045 | Measure{#27} No timeOffset for HeadChordInter#8336{(0.935/0.935) staff:7 slot#5 dur:1/4}
2026-01-15 13:20:57,478 INFO [Pirates-of-the-Caribbean-intermediate#1]          StackRhythm.java:224  | S4 MeasureStack#27 no correct rhythm
2026-01-15 13:20:57,478 INFO [Pirates-of-the-Caribbean-intermediate#1]        MeasureRhythm.java:1045 | Measure{#28} No timeOffset for HeadChordInter#8340{(0.948/0.948) staff:7 slot#5 dur:1/4}
2026-01-15 13:20:57,479 INFO [Pirates-of-the-Caribbean-intermediate#1]          StackRhythm.java:224  | S4 MeasureStack#28 no correct rhythm
2026-01-15 13:20:57,479 INFO [Pirates-of-the-Caribbean-intermediate#1]        MeasureRhythm.java:1045 | Measure{#29} No timeOffset for HeadChordInter#8359{(0.918/0.918) staff:9 slot#5 dur:1/4}
2026-01-15 13:20:57,480 INFO [Pirates-of-the-Caribbean-intermediate#1]          StackRhythm.java:224  | S5 MeasureStack#29 no correct rhythm
2026-01-15 13:20:57,480 INFO [Pirates-of-the-Caribbean-intermediate#1]        MeasureRhythm.java:1045 | Measure{#30} No timeOffset for HeadChordInter#8362{(0.918/0.918) staff:9 slot#5 dur:1/4}
2026-01-15 13:20:57,481 INFO [Pirates-of-the-Caribbean-intermediate#1]          StackRhythm.java:224  | S5 MeasureStack#30 no correct rhythm
2026-01-15 13:20:57,481 INFO [Pirates-of-the-Caribbean-intermediate#1]        MeasureRhythm.java:1045 | Measure{#31} No timeOffset for HeadChordInter#8366{(0.938/0.938) staff:9 slot#5 dur:1/4}
2026-01-15 13:20:57,481 INFO [Pirates-of-the-Caribbean-intermediate#1]          StackRhythm.java:224  | S5 MeasureStack#31 no correct rhythm
2026-01-15 13:20:57,482 INFO [Pirates-of-the-Caribbean-intermediate#1]        MeasureRhythm.java:1045 | Measure{#32} No timeOffset for HeadChordInter#8370{(0.920/0.920) staff:9 slot#5 dur:1/4}
2026-01-15 13:20:57,482 INFO [Pirates-of-the-Caribbean-intermediate#1]          StackRhythm.java:224  | S5 MeasureStack#32 no correct rhythm
2026-01-15 13:20:57,482 INFO [Pirates-of-the-Caribbean-intermediate#1]        MeasureRhythm.java:1045 | Measure{#33} No timeOffset for HeadChordInter#8374{(0.939/0.939) staff:9 slot#5 dur:1/4}
2026-01-15 13:20:57,482 INFO [Pirates-of-the-Caribbean-intermediate#1]          StackRhythm.java:224  | S5 MeasureStack#33 no correct rhythm
2026-01-15 13:20:57,483 INFO [Pirates-of-the-Caribbean-intermediate#1]        MeasureRhythm.java:1045 | Measure{#34} No timeOffset for HeadChordInter#8378{(0.929/0.929) staff:9 slot#5 dur:1/4}
2026-01-15 13:20:57,484 INFO [Pirates-of-the-Caribbean-intermediate#1]          StackRhythm.java:224  | S5 MeasureStack#34 no correct rhythm
2026-01-15 13:20:57,485 INFO [Pirates-of-the-Caribbean-intermediate#1]        MeasureRhythm.java:1045 | Measure{#36} No timeOffset for HeadChordInter#8400{(0.870/0.870) staff:11 slot#5 dur:1/4}
2026-01-15 13:20:57,486 INFO [Pirates-of-the-Caribbean-intermediate#1]          StackRhythm.java:224  | S6 MeasureStack#36 no correct rhythm
2026-01-15 13:20:57,486 INFO [Pirates-of-the-Caribbean-intermediate#1]        MeasureRhythm.java:1045 | Measure{#37} No timeOffset for HeadChordInter#8404{(0.903/0.903) staff:11 slot#5 dur:1/4}
2026-01-15 13:20:57,486 INFO [Pirates-of-the-Caribbean-intermediate#1]          StackRhythm.java:224  | S6 MeasureStack#37 no correct rhythm
2026-01-15 13:20:57,489 INFO [Pirates-of-the-Caribbean-intermediate#1]        MeasureRhythm.java:1045 | Measure{#40} No timeOffset for HeadChordInter#8415{(0.916/0.916) staff:11 slot#5 dur:1/4}
2026-01-15 13:20:57,489 INFO [Pirates-of-the-Caribbean-intermediate#1]          StackRhythm.java:224  | S6 MeasureStack#40 no correct rhythm
2026-01-15 13:20:57,491 INFO [Pirates-of-the-Caribbean-intermediate#1]                Voice.java:257  | Measure{#42} Voice{#1 excess:1/8} too long
2026-01-15 13:20:57,491 INFO [Pirates-of-the-Caribbean-intermediate#1]          StackRhythm.java:224  | S6 MeasureStack#42 no correct rhythm
2026-01-15 13:20:57,491 INFO [Pirates-of-the-Caribbean-intermediate#1]       StepMonitoring.java:98   | PAGE
2026-01-15 13:20:57,495 INFO [Pirates-of-the-Caribbean-intermediate#1]                Voice.java:257  | Measure{#2} Voice{#1 excess:1/8} too long
2026-01-15 13:20:57,495 INFO [Pirates-of-the-Caribbean-intermediate#1]                Voice.java:257  | Measure{#4} Voice{#1 excess:1/8} too long
2026-01-15 13:20:57,496 INFO [Pirates-of-the-Caribbean-intermediate#1]                Voice.java:257  | Measure{#6} Voice{#1 excess:1/8} too long
2026-01-15 13:20:57,496 INFO [Pirates-of-the-Caribbean-intermediate#1]                Voice.java:257  | Measure{#22} Voice{#1 excess:1/8} too long
2026-01-15 13:20:57,497 INFO [Pirates-of-the-Caribbean-intermediate#1]                Voice.java:257  | Measure{#42} Voice{#1 excess:1/8} too long
2026-01-15 13:20:57,498 INFO [Pirates-of-the-Caribbean-intermediate#1]                 Book.java:2547 | Book{Pirates-of-the-Caribbean-intermediate} storing
2026-01-15 13:20:57,554 INFO [Pirates-of-the-Caribbean-intermediate#1]                 Book.java:2528 | Stored /book.xml
2026-01-15 13:20:57,641 INFO [Pirates-of-the-Caribbean-intermediate#1]           DataHolder.java:348  | Stored /sheet#1/BINARY.png
2026-01-15 13:20:58,168 INFO [Pirates-of-the-Caribbean-intermediate#1]                Sheet.java:1583 | Stored /sheet#1/sheet#1.xml
2026-01-15 13:20:58,169 INFO [Pirates-of-the-Caribbean-intermediate#1]                 Book.java:2488 | Book stored as C:\programing\notebeepedison\AudiverisOutput\Pirates-of-the-Caribbean-intermediate.omr
2026-01-15 13:20:58,172 INFO [Pirates-of-the-Caribbean-intermediate#1]            SheetStub.java:1660 | Disposed sheet#1
2026-01-15 13:20:58,220 INFO [Pirates-of-the-Caribbean-intermediate#1]                 Book.java:2015 | End of Stub#1 memory: 38,391,416
2026-01-15 13:20:58,221 INFO [Pirates-of-the-Caribbean-intermediate#2]       StepMonitoring.java:98   | LOAD
2026-01-15 13:20:58,250 INFO [Pirates-of-the-Caribbean-intermediate#2]            SheetStub.java:1273 | Loaded image #2 2479x3508 from C:\programing\notebeepedison\notes\Pirates-of-the-Caribbean-intermediate.pdf
2026-01-15 13:20:58,250 INFO [Pirates-of-the-Caribbean-intermediate#2]       StepMonitoring.java:98   | BINARY
2026-01-15 13:20:58,525 INFO [Pirates-of-the-Caribbean-intermediate#2]       StepMonitoring.java:98   | SCALE
2026-01-15 13:20:58,555 INFO [Pirates-of-the-Caribbean-intermediate#2]         ScaleBuilder.java:241  | Beam  guessed height: 10 -- 0.50 of 19 interline
2026-01-15 13:20:58,555 INFO [Pirates-of-the-Caribbean-intermediate#2]         ScaleBuilder.java:264  | Beam measured height: 18 -- 0.93 of [5..19] range at 145% of needed quorum
2026-01-15 13:20:58,555 INFO [Pirates-of-the-Caribbean-intermediate#2]            ScaleStep.java:65   | Scale{ interline(19,19,20) line(2,2,3) beam(18)}
2026-01-15 13:20:58,555 INFO [Pirates-of-the-Caribbean-intermediate#2]       StepMonitoring.java:98   | GRID
2026-01-15 13:20:58,666 INFO [Pirates-of-the-Caribbean-intermediate#2]       LinesRetriever.java:1500 | Global slope: 0.00000
2026-01-15 13:20:58,677 INFO [Pirates-of-the-Caribbean-intermediate#2]    ClustersRetriever.java:328  | Retrieved raw line clusters: 14 of sizes [5] with interline(19,19,20)
2026-01-15 13:20:58,795 INFO [Pirates-of-the-Caribbean-intermediate#2]            PeakGraph.java:310  | Systems: #1[1, 2] #2[3, 4] #3[5, 6] #4[7, 8] #5[9, 10] #6[11, 12] #7[13, 14]
2026-01-15 13:20:58,900 INFO [Pirates-of-the-Caribbean-intermediate#2]        SystemManager.java:779  | 1 part along 7 systems
2026-01-15 13:20:58,901 INFO [Pirates-of-the-Caribbean-intermediate#2]       StepMonitoring.java:98   | HEADERS
2026-01-15 13:20:59,103 INFO [Pirates-of-the-Caribbean-intermediate#2]       StepMonitoring.java:98   | STEM_SEEDS
2026-01-15 13:20:59,129 INFO [Pirates-of-the-Caribbean-intermediate#2]        StemSeedsStep.java:86   | stem(2 max:3)
2026-01-15 13:20:59,135 INFO [Pirates-of-the-Caribbean-intermediate#2]       StepMonitoring.java:98   | BEAMS
2026-01-15 13:21:03,477 INFO [Pirates-of-the-Caribbean-intermediate#2]       StepMonitoring.java:98   | LEDGERS
2026-01-15 13:21:03,548 INFO [Pirates-of-the-Caribbean-intermediate#2]       StepMonitoring.java:98   | HEADS
2026-01-15 13:21:08,208 INFO [Pirates-of-the-Caribbean-intermediate#2]        HeadSeedTally.java:235  | Scale information: HeadSeeds{NOTEHEAD_VOID[R:-0.4] NOTEHEAD_BLACK[L:-0.4,R:-0.4]}
2026-01-15 13:21:08,210 INFO [Pirates-of-the-Caribbean-intermediate#2]       StepMonitoring.java:98   | STEMS
2026-01-15 13:21:08,695 INFO [Pirates-of-the-Caribbean-intermediate#2]       StepMonitoring.java:98   | REDUCTION
2026-01-15 13:21:08,795 INFO [Pirates-of-the-Caribbean-intermediate#2]        ReductionStep.java:105  | Stems free length median value: 68 pixels, 3.6 interlines
2026-01-15 13:21:08,799 INFO [Pirates-of-the-Caribbean-intermediate#2]       StepMonitoring.java:98   | CUE_BEAMS
2026-01-15 13:21:08,799 INFO [Pirates-of-the-Caribbean-intermediate#2]         CueBeamsStep.java:81   | Step CUE_BEAMS is skipped because small heads switch is off
2026-01-15 13:21:08,799 INFO [Pirates-of-the-Caribbean-intermediate#2]       StepMonitoring.java:98   | TEXTS
2026-01-15 13:21:08,876 WARN [Pirates-of-the-Caribbean-intermediate#2]         TesseractOCR.java:335  | The collection of supported languages is empty
2026-01-15 13:21:08,876 INFO [Pirates-of-the-Caribbean-intermediate#2]              OcrUtil.java:106  | Missing support for 'eng' language(s)
2026-01-15 13:21:08,878 INFO [Pirates-of-the-Caribbean-intermediate#2]       StepMonitoring.java:98   | MEASURES
2026-01-15 13:21:08,879 INFO [Pirates-of-the-Caribbean-intermediate#2]                 Page.java:307  | 44 raw measures: [7 in system#1, 7 in system#2, 7 in system#3, 7 in system#4, 7 in system#5, 4 in system#6, 5 in system#7]
2026-01-15 13:21:08,879 INFO [Pirates-of-the-Caribbean-intermediate#2]       StepMonitoring.java:98   | CHORDS
2026-01-15 13:21:08,883 INFO [Pirates-of-the-Caribbean-intermediate#2]       StepMonitoring.java:98   | CURVES
2026-01-15 13:21:09,303 INFO [Pirates-of-the-Caribbean-intermediate#2]         SlursBuilder.java:240  | Slurs: 1
2026-01-15 13:21:09,308 INFO [Pirates-of-the-Caribbean-intermediate#2]      SegmentsBuilder.java:155  | Segments: 23
2026-01-15 13:21:09,309 INFO [Pirates-of-the-Caribbean-intermediate#2]       StepMonitoring.java:98   | SYMBOLS
2026-01-15 13:21:09,614 INFO [Pirates-of-the-Caribbean-intermediate#2]       StepMonitoring.java:98   | LINKS
2026-01-15 13:21:09,629 INFO [Pirates-of-the-Caribbean-intermediate#2]        SymbolsLinker.java:258  | No chord linked to OctaveShiftInter#9374{(0.744) staff:10 OTTAVA BASSA}
2026-01-15 13:21:09,632 INFO [Pirates-of-the-Caribbean-intermediate#2]        SymbolsLinker.java:258  | No chord linked to OctaveShiftInter#9428{(0.744) staff:11 OTTAVA ALTA}
2026-01-15 13:21:09,639 INFO [Pirates-of-the-Caribbean-intermediate#2]       StepMonitoring.java:98   | RHYTHMS
2026-01-15 13:21:09,639 INFO [Pirates-of-the-Caribbean-intermediate#2]           PageRhythm.java:199  | {Page#2.1} Time value reused from sheet#1
2026-01-15 13:21:09,642 INFO [Pirates-of-the-Caribbean-intermediate#2]        MeasureRhythm.java:1045 | Measure{#3} No timeOffset for HeadChordInter#8465{(0.917/0.917) staff:1 slot#5 dur:1/4}
2026-01-15 13:21:09,643 INFO [Pirates-of-the-Caribbean-intermediate#2]          StackRhythm.java:224  | S1 MeasureStack#3 no correct rhythm
2026-01-15 13:21:09,644 INFO [Pirates-of-the-Caribbean-intermediate#2]        MeasureRhythm.java:1045 | Measure{#5} No timeOffset for HeadChordInter#8491{(0.960/0.960) staff:2 slot#6 dur:1/4}
2026-01-15 13:21:09,644 INFO [Pirates-of-the-Caribbean-intermediate#2]                Voice.java:257  | Measure{#5} Voice{#5 excess:1/8} too long
2026-01-15 13:21:09,644 INFO [Pirates-of-the-Caribbean-intermediate#2]          StackRhythm.java:224  | S1 MeasureStack#5 no correct rhythm
2026-01-15 13:21:09,645 INFO [Pirates-of-the-Caribbean-intermediate#2]        MeasureRhythm.java:1045 | Measure{#7} No timeOffset for HeadChordInter#8498{(0.955/0.955) staff:2 slot#6 dur:1/4}
2026-01-15 13:21:09,645 INFO [Pirates-of-the-Caribbean-intermediate#2]                Voice.java:257  | Measure{#7} Voice{#5 excess:1/8} too long
2026-01-15 13:21:09,645 INFO [Pirates-of-the-Caribbean-intermediate#2]          StackRhythm.java:224  | S1 MeasureStack#7 no correct rhythm
2026-01-15 13:21:09,646 INFO [Pirates-of-the-Caribbean-intermediate#2]        MeasureRhythm.java:1045 | Measure{#9} No timeOffset for HeadChordInter#8525{(0.960/0.960) staff:4 slot#6 dur:1/4}
2026-01-15 13:21:09,646 INFO [Pirates-of-the-Caribbean-intermediate#2]                Voice.java:257  | Measure{#9} Voice{#5 excess:1/8} too long
2026-01-15 13:21:09,647 INFO [Pirates-of-the-Caribbean-intermediate#2]          StackRhythm.java:224  | S2 MeasureStack#9 no correct rhythm
2026-01-15 13:21:09,647 INFO [Pirates-of-the-Caribbean-intermediate#2]        MeasureRhythm.java:1045 | Measure{#11} No timeOffset for HeadChordInter#8509{(0.917/0.917) staff:3 slot#5 dur:1/4}
2026-01-15 13:21:09,648 INFO [Pirates-of-the-Caribbean-intermediate#2]          StackRhythm.java:224  | S2 MeasureStack#11 no correct rhythm
2026-01-15 13:21:09,648 INFO [Pirates-of-the-Caribbean-intermediate#2]        MeasureRhythm.java:1045 | Measure{#12} No timeOffset for HeadChordInter#8512{(0.936/0.936) staff:3 slot#5 dur:1/4}
2026-01-15 13:21:09,648 INFO [Pirates-of-the-Caribbean-intermediate#2]          StackRhythm.java:224  | S2 MeasureStack#12 no correct rhythm
2026-01-15 13:21:09,650 INFO [Pirates-of-the-Caribbean-intermediate#2]        MeasureRhythm.java:1045 | Measure{#15} No timeOffset for HeadChordInter#8540{(0.914/0.914) staff:5 slot#5 dur:1/4}
2026-01-15 13:21:09,650 INFO [Pirates-of-the-Caribbean-intermediate#2]          StackRhythm.java:224  | S3 MeasureStack#15 no correct rhythm
2026-01-15 13:21:09,650 INFO [Pirates-of-the-Caribbean-intermediate#2]        MeasureRhythm.java:1045 | Measure{#16} No timeOffset for HeadChordInter#8543{(0.926/0.926) staff:5 slot#5 dur:1/4}
2026-01-15 13:21:09,650 INFO [Pirates-of-the-Caribbean-intermediate#2]          StackRhythm.java:224  | S3 MeasureStack#16 no correct rhythm
2026-01-15 13:21:09,651 INFO [Pirates-of-the-Caribbean-intermediate#2]        MeasureRhythm.java:1045 | Measure{#18} No timeOffset for HeadChordInter#8549{(0.917/0.917) staff:5 slot#5 dur:1/4}
2026-01-15 13:21:09,651 INFO [Pirates-of-the-Caribbean-intermediate#2]          StackRhythm.java:224  | S3 MeasureStack#18 no correct rhythm
2026-01-15 13:21:09,652 INFO [Pirates-of-the-Caribbean-intermediate#2]        MeasureRhythm.java:1045 | Measure{#19} No timeOffset for HeadChordInter#8552{(0.925/0.925) staff:5 slot#5 dur:1/4}
2026-01-15 13:21:09,652 INFO [Pirates-of-the-Caribbean-intermediate#2]          StackRhythm.java:224  | S3 MeasureStack#19 no correct rhythm
2026-01-15 13:21:09,653 INFO [Pirates-of-the-Caribbean-intermediate#2]                Voice.java:257  | Measure{#20} Voice{#1 excess:1/8} too long
2026-01-15 13:21:09,653 INFO [Pirates-of-the-Caribbean-intermediate#2]          StackRhythm.java:224  | S3 MeasureStack#20 no correct rhythm
2026-01-15 13:21:09,655 INFO [Pirates-of-the-Caribbean-intermediate#2]        MeasureRhythm.java:1045 | Measure{#23} No timeOffset for HeadChordInter#8583{(0.929/0.929) staff:7 slot#5 dur:1/4}
2026-01-15 13:21:09,656 INFO [Pirates-of-the-Caribbean-intermediate#2]          StackRhythm.java:224  | S4 MeasureStack#23 no correct rhythm
2026-01-15 13:21:09,658 INFO [Pirates-of-the-Caribbean-intermediate#2]        MeasureRhythm.java:1045 | Measure{#26} No timeOffset for HeadChordInter#8592{(0.890/0.890) staff:7 slot#5 dur:1/4}
2026-01-15 13:21:09,658 INFO [Pirates-of-the-Caribbean-intermediate#2]          StackRhythm.java:224  | S4 MeasureStack#26 no correct rhythm
2026-01-15 13:21:09,659 INFO [Pirates-of-the-Caribbean-intermediate#2]        MeasureRhythm.java:1045 | Measure{#27} No timeOffset for HeadChordInter#8595{(0.913/0.913) staff:7 slot#5 dur:1/4}
2026-01-15 13:21:09,659 INFO [Pirates-of-the-Caribbean-intermediate#2]          StackRhythm.java:224  | S4 MeasureStack#27 no correct rhythm
2026-01-15 13:21:09,660 INFO [Pirates-of-the-Caribbean-intermediate#2]        MeasureRhythm.java:1045 | Measure{#28} No timeOffset for HeadChordInter#8616{(0.959/0.959) staff:8 slot#5 dur:1/4}
2026-01-15 13:21:09,661 INFO [Pirates-of-the-Caribbean-intermediate#2]                Voice.java:257  | Measure{#28} Voice{#5 excess:1/8} too long
2026-01-15 13:21:09,661 INFO [Pirates-of-the-Caribbean-intermediate#2]          StackRhythm.java:224  | S4 MeasureStack#28 no correct rhythm
2026-01-15 13:21:09,662 INFO [Pirates-of-the-Caribbean-intermediate#2]        MeasureRhythm.java:1045 | Measure{#29} No timeOffset for HeadChordInter#8636{(0.951/0.951) staff:10 slot#5 dur:1/4}
2026-01-15 13:21:09,662 INFO [Pirates-of-the-Caribbean-intermediate#2]                Voice.java:257  | Measure{#29} Voice{#5 excess:1/8} too long
2026-01-15 13:21:09,662 INFO [Pirates-of-the-Caribbean-intermediate#2]          StackRhythm.java:224  | S5 MeasureStack#29 no correct rhythm
2026-01-15 13:21:09,664 INFO [Pirates-of-the-Caribbean-intermediate#2]        MeasureRhythm.java:1045 | Measure{#31} No timeOffset for HeadChordInter#8643{(0.957/0.957) staff:10 slot#6 dur:1/4}
2026-01-15 13:21:09,664 INFO [Pirates-of-the-Caribbean-intermediate#2]                Voice.java:257  | Measure{#31} Voice{#5 excess:1/8} too long
2026-01-15 13:21:09,665 INFO [Pirates-of-the-Caribbean-intermediate#2]          StackRhythm.java:224  | S5 MeasureStack#31 no correct rhythm
2026-01-15 13:21:09,665 INFO [Pirates-of-the-Caribbean-intermediate#2]        MeasureRhythm.java:1045 | Measure{#32} No timeOffset for HeadChordInter#8648{(0.962/0.962) staff:10 slot#5 dur:1/4}
2026-01-15 13:21:09,666 INFO [Pirates-of-the-Caribbean-intermediate#2]                Voice.java:257  | Measure{#32} Voice{#5 excess:1/8} too long
2026-01-15 13:21:09,666 INFO [Pirates-of-the-Caribbean-intermediate#2]          StackRhythm.java:224  | S5 MeasureStack#32 no correct rhythm
2026-01-15 13:21:09,666 INFO [Pirates-of-the-Caribbean-intermediate#2]        MeasureRhythm.java:1045 | Measure{#33} No timeOffset for HeadChordInter#8653{(0.956/0.956) staff:10 slot#5 dur:1/4}
2026-01-15 13:21:09,667 INFO [Pirates-of-the-Caribbean-intermediate#2]                Voice.java:257  | Measure{#33} Voice{#5 excess:1/8} too long
2026-01-15 13:21:09,667 INFO [Pirates-of-the-Caribbean-intermediate#2]          StackRhythm.java:224  | S5 MeasureStack#33 no correct rhythm
2026-01-15 13:21:09,667 INFO [Pirates-of-the-Caribbean-intermediate#2]        MeasureRhythm.java:1045 | Measure{#35} No timeOffset for HeadChordInter#8631{(0.911/0.911) staff:9 slot#5 dur:1/4}
2026-01-15 13:21:09,668 INFO [Pirates-of-the-Caribbean-intermediate#2]                Voice.java:257  | Measure{#35} Voice{#1 excess:1/8} too long
2026-01-15 13:21:09,668 INFO [Pirates-of-the-Caribbean-intermediate#2]          StackRhythm.java:224  | S5 MeasureStack#35 no correct rhythm
2026-01-15 13:21:09,670 INFO [Pirates-of-the-Caribbean-intermediate#2]        MeasureRhythm.java:1045 | Measure{#36} No timeOffset for HeadChordInter#8662{(0.927/0.927) staff:11 slot#5 dur:1/4}
2026-01-15 13:21:09,670 INFO [Pirates-of-the-Caribbean-intermediate#2]                Voice.java:257  | Measure{#36} Voice{#1 excess:1/8} too long
2026-01-15 13:21:09,670 INFO [Pirates-of-the-Caribbean-intermediate#2]          StackRhythm.java:224  | S6 MeasureStack#36 no correct rhythm
2026-01-15 13:21:09,671 INFO [Pirates-of-the-Caribbean-intermediate#2]        MeasureRhythm.java:1045 | Measure{#37} No timeOffset for HeadChordInter#8666{(0.927/0.927) staff:11 slot#5 dur:1/4}
2026-01-15 13:21:09,671 INFO [Pirates-of-the-Caribbean-intermediate#2]                Voice.java:257  | Measure{#37} Voice{#1 excess:1/8} too long
2026-01-15 13:21:09,671 INFO [Pirates-of-the-Caribbean-intermediate#2]          StackRhythm.java:224  | S6 MeasureStack#37 no correct rhythm
2026-01-15 13:21:09,673 INFO [Pirates-of-the-Caribbean-intermediate#2]        MeasureRhythm.java:1045 | Measure{#39} No timeOffset for HeadChordInter#8684{(0.962/0.962) staff:12 slot#6 dur:1/4}
2026-01-15 13:21:09,673 INFO [Pirates-of-the-Caribbean-intermediate#2]                Voice.java:257  | Measure{#39} Voice{#5 excess:1/8} too long
2026-01-15 13:21:09,674 INFO [Pirates-of-the-Caribbean-intermediate#2]          StackRhythm.java:224  | S6 MeasureStack#39 no correct rhythm
2026-01-15 13:21:09,674 INFO [Pirates-of-the-Caribbean-intermediate#2]        MeasureRhythm.java:1045 | Measure{#40} No timeOffset for HeadChordInter#8696{(0.960/0.960) staff:14 slot#5 dur:1/4}
2026-01-15 13:21:09,674 INFO [Pirates-of-the-Caribbean-intermediate#2]                Voice.java:257  | Measure{#40} Voice{#5 excess:1/8} too long
2026-01-15 13:21:09,674 INFO [Pirates-of-the-Caribbean-intermediate#2]          StackRhythm.java:224  | S7 MeasureStack#40 no correct rhythm
2026-01-15 13:21:09,675 INFO [Pirates-of-the-Caribbean-intermediate#2]        MeasureRhythm.java:1045 | Measure{#41} No timeOffset for HeadChordInter#8701{(0.960/0.960) staff:14 slot#5 dur:1/4}
2026-01-15 13:21:09,675 INFO [Pirates-of-the-Caribbean-intermediate#2]                Voice.java:257  | Measure{#41} Voice{#5 excess:1/8} too long
2026-01-15 13:21:09,675 INFO [Pirates-of-the-Caribbean-intermediate#2]          StackRhythm.java:224  | S7 MeasureStack#41 no correct rhythm
2026-01-15 13:21:09,677 INFO [Pirates-of-the-Caribbean-intermediate#2]        MeasureRhythm.java:1045 | Measure{#43} No timeOffset for HeadChordInter#8707{(0.953/0.953) staff:14 slot#4 dur:1/4}
2026-01-15 13:21:09,677 INFO [Pirates-of-the-Caribbean-intermediate#2]                Voice.java:257  | Measure{#43} Voice{#5 excess:1/8} too long
2026-01-15 13:21:09,677 INFO [Pirates-of-the-Caribbean-intermediate#2]          StackRhythm.java:224  | S7 MeasureStack#43 no correct rhythm
2026-01-15 13:21:09,677 INFO [Pirates-of-the-Caribbean-intermediate#2]       StepMonitoring.java:98   | PAGE
2026-01-15 13:21:09,679 INFO [Pirates-of-the-Caribbean-intermediate#2]                Voice.java:257  | Measure{#5} Voice{#5 excess:1/8} too long
2026-01-15 13:21:09,679 INFO [Pirates-of-the-Caribbean-intermediate#2]                Voice.java:257  | Measure{#7} Voice{#5 excess:1/8} too long
2026-01-15 13:21:09,679 INFO [Pirates-of-the-Caribbean-intermediate#2]                Voice.java:257  | Measure{#9} Voice{#5 excess:1/8} too long
2026-01-15 13:21:09,679 INFO [Pirates-of-the-Caribbean-intermediate#2]                Voice.java:257  | Measure{#20} Voice{#1 excess:1/8} too long
2026-01-15 13:21:09,679 INFO [Pirates-of-the-Caribbean-intermediate#2]                Voice.java:257  | Measure{#28} Voice{#5 excess:1/8} too long
2026-01-15 13:21:09,680 INFO [Pirates-of-the-Caribbean-intermediate#2]                Voice.java:257  | Measure{#29} Voice{#5 excess:1/8} too long
2026-01-15 13:21:09,680 INFO [Pirates-of-the-Caribbean-intermediate#2]                Voice.java:257  | Measure{#31} Voice{#5 excess:1/8} too long
2026-01-15 13:21:09,680 INFO [Pirates-of-the-Caribbean-intermediate#2]                Voice.java:257  | Measure{#32} Voice{#5 excess:1/8} too long
2026-01-15 13:21:09,680 INFO [Pirates-of-the-Caribbean-intermediate#2]                Voice.java:257  | Measure{#33} Voice{#5 excess:1/8} too long
2026-01-15 13:21:09,680 INFO [Pirates-of-the-Caribbean-intermediate#2]                Voice.java:257  | Measure{#35} Voice{#1 excess:1/8} too long
2026-01-15 13:21:09,680 INFO [Pirates-of-the-Caribbean-intermediate#2]                Voice.java:257  | Measure{#36} Voice{#1 excess:1/8} too long
2026-01-15 13:21:09,680 INFO [Pirates-of-the-Caribbean-intermediate#2]                Voice.java:257  | Measure{#37} Voice{#1 excess:1/8} too long
2026-01-15 13:21:09,680 INFO [Pirates-of-the-Caribbean-intermediate#2]                Voice.java:257  | Measure{#39} Voice{#5 excess:1/8} too long
2026-01-15 13:21:09,680 INFO [Pirates-of-the-Caribbean-intermediate#2]                Voice.java:257  | Measure{#40} Voice{#5 excess:1/8} too long
2026-01-15 13:21:09,680 INFO [Pirates-of-the-Caribbean-intermediate#2]                Voice.java:257  | Measure{#41} Voice{#5 excess:1/8} too long
2026-01-15 13:21:09,682 INFO [Pirates-of-the-Caribbean-intermediate#2]                Voice.java:257  | Measure{#43} Voice{#5 excess:1/8} too long
2026-01-15 13:21:09,682 INFO [Pirates-of-the-Caribbean-intermediate#2]                 Book.java:2547 | Book{Pirates-of-the-Caribbean-intermediate} storing
2026-01-15 13:21:09,741 INFO [Pirates-of-the-Caribbean-intermediate#2]                 Book.java:2528 | Stored /book.xml
2026-01-15 13:21:09,799 INFO [Pirates-of-the-Caribbean-intermediate#2]           DataHolder.java:348  | Stored /sheet#2/BINARY.png
2026-01-15 13:21:10,139 INFO [Pirates-of-the-Caribbean-intermediate#2]                Sheet.java:1583 | Stored /sheet#2/sheet#2.xml
2026-01-15 13:21:10,139 INFO [Pirates-of-the-Caribbean-intermediate#2]                 Book.java:2488 | Book stored as C:\programing\notebeepedison\AudiverisOutput\Pirates-of-the-Caribbean-intermediate.omr
2026-01-15 13:21:10,146 INFO [Pirates-of-the-Caribbean-intermediate#2]            SheetStub.java:1660 | Disposed sheet#2
2026-01-15 13:21:10,191 INFO [Pirates-of-the-Caribbean-intermediate#2]                 Book.java:2015 | End of Stub#2 memory: 38,046,776
2026-01-15 13:21:10,192 INFO [Pirates-of-the-Caribbean-intermediate]                 Book.java:2022 | Book processed.
2026-01-15 13:21:10,513 INFO [Pirates-of-the-Caribbean-intermediate]            SheetStub.java:997  | Loaded /sheet#1/sheet#1.xml
2026-01-15 13:21:10,692 INFO [Pirates-of-the-Caribbean-intermediate]            SheetStub.java:997  | Loaded /sheet#2/sheet#2.xml
2026-01-15 13:21:10,980 INFO [Pirates-of-the-Caribbean-intermediate]      PartwiseBuilder.java:2688 | Exporting sheet(s): [#1#2]
2026-01-15 13:21:11,115 INFO [Pirates-of-the-Caribbean-intermediate]        ScoreExporter.java:164  | Score Pirates-of-the-Caribbean-intermediate exported to C:\programing\notebeepedison\AudiverisOutput\Pirates-of-the-Caribbean-intermediate.mxl
2026-01-15 13:21:11,167 INFO [Pirates-of-the-Caribbean-intermediate]                Score.java:181  | Closing {Score 1}
